running egg_info
creating ../../build/controller/controller.egg-info
writing ../../build/controller/controller.egg-info/PKG-INFO
writing dependency_links to ../../build/controller/controller.egg-info/dependency_links.txt
writing entry points to ../../build/controller/controller.egg-info/entry_points.txt
writing requirements to ../../build/controller/controller.egg-info/requires.txt
writing top-level names to ../../build/controller/controller.egg-info/top_level.txt
writing manifest file '../../build/controller/controller.egg-info/SOURCES.txt'
reading manifest file '../../build/controller/controller.egg-info/SOURCES.txt'
writing manifest file '../../build/controller/controller.egg-info/SOURCES.txt'
running build
running build_py
creating /Users/StevenOmole/Documents/ros_projects/ros_hand_gesture/build/controller/build/lib/controller
copying controller/__init__.py -> /Users/StevenOmole/Documents/ros_projects/ros_hand_gesture/build/controller/build/lib/controller
copying controller/joint_bridge_node.py -> /Users/StevenOmole/Documents/ros_projects/ros_hand_gesture/build/controller/build/lib/controller
copying controller/keyboard_control.py -> /Users/StevenOmole/Documents/ros_projects/ros_hand_gesture/build/controller/build/lib/controller
copying controller/action_server.py -> /Users/StevenOmole/Documents/ros_projects/ros_hand_gesture/build/controller/build/lib/controller
copying controller/controller_node.py -> /Users/StevenOmole/Documents/ros_projects/ros_hand_gesture/build/controller/build/lib/controller
running install
running install_lib
creating /Users/StevenOmole/Documents/ros_projects/ros_hand_gesture/install/controller/lib/python3.9/site-packages/controller
copying /Users/StevenOmole/Documents/ros_projects/ros_hand_gesture/build/controller/build/lib/controller/__init__.py -> /Users/StevenOmole/Documents/ros_projects/ros_hand_gesture/install/controller/lib/python3.9/site-packages/controller
copying /Users/StevenOmole/Documents/ros_projects/ros_hand_gesture/build/controller/build/lib/controller/joint_bridge_node.py -> /Users/StevenOmole/Documents/ros_projects/ros_hand_gesture/install/controller/lib/python3.9/site-packages/controller
copying /Users/StevenOmole/Documents/ros_projects/ros_hand_gesture/build/controller/build/lib/controller/keyboard_control.py -> /Users/StevenOmole/Documents/ros_projects/ros_hand_gesture/install/controller/lib/python3.9/site-packages/controller
copying /Users/StevenOmole/Documents/ros_projects/ros_hand_gesture/build/controller/build/lib/controller/action_server.py -> /Users/StevenOmole/Documents/ros_projects/ros_hand_gesture/install/controller/lib/python3.9/site-packages/controller
copying /Users/StevenOmole/Documents/ros_projects/ros_hand_gesture/build/controller/build/lib/controller/controller_node.py -> /Users/StevenOmole/Documents/ros_projects/ros_hand_gesture/install/controller/lib/python3.9/site-packages/controller
byte-compiling /Users/StevenOmole/Documents/ros_projects/ros_hand_gesture/install/controller/lib/python3.9/site-packages/controller/keyboard_control.py to keyboard_control.cpython-39.pyc
running install_data
creating /Users/StevenOmole/Documents/ros_projects/ros_hand_gesture/install/controller/share/ament_index/resource_index/packages
copying resource/controller -> /Users/StevenOmole/Documents/ros_projects/ros_hand_gesture/install/controller/share/ament_index/resource_index/packages
copying package.xml -> /Users/StevenOmole/Documents/ros_projects/ros_hand_gesture/install/controller/share/controller
running install_egg_info
Copying ../../build/controller/controller.egg-info to /Users/StevenOmole/Documents/ros_projects/ros_hand_gesture/install/controller/lib/python3.9/site-packages/controller-0.0.0-py3.9.egg-info
running install_scripts
Installing action_server script to /Users/StevenOmole/Documents/ros_projects/ros_hand_gesture/install/controller/lib/controller
Installing controller script to /Users/StevenOmole/Documents/ros_projects/ros_hand_gesture/install/controller/lib/controller
Installing joint_bridge script to /Users/StevenOmole/Documents/ros_projects/ros_hand_gesture/install/controller/lib/controller
Installing keyboard_control script to /Users/StevenOmole/Documents/ros_projects/ros_hand_gesture/install/controller/lib/controller
writing list of installed files to '/Users/StevenOmole/Documents/ros_projects/ros_hand_gesture/build/controller/install.log'
