/Users/StevenOmole/Documents/ros_projects/ros_hand_gesture/install/controller/lib/python3.9/site-packages/controller/trajectory_bridge.py
/Users/StevenOmole/Documents/ros_projects/ros_hand_gesture/install/controller/lib/python3.9/site-packages/controller/__init__.py
/Users/StevenOmole/Documents/ros_projects/ros_hand_gesture/install/controller/lib/python3.9/site-packages/controller/joint_bridge_node.py
/Users/StevenOmole/Documents/ros_projects/ros_hand_gesture/install/controller/lib/python3.9/site-packages/controller/keyboard_control.py
/Users/StevenOmole/Documents/ros_projects/ros_hand_gesture/install/controller/lib/python3.9/site-packages/controller/action_server.py
/Users/StevenOmole/Documents/ros_projects/ros_hand_gesture/install/controller/lib/python3.9/site-packages/controller/controller_node.py
/Users/StevenOmole/Library/Caches/com.apple.python/Users/StevenOmole/Documents/ros_projects/ros_hand_gesture/install/controller/lib/python3.9/site-packages/controller/trajectory_bridge.cpython-39.pyc
/Users/StevenOmole/Library/Caches/com.apple.python/Users/StevenOmole/Documents/ros_projects/ros_hand_gesture/install/controller/lib/python3.9/site-packages/controller/__init__.cpython-39.pyc
/Users/StevenOmole/Library/Caches/com.apple.python/Users/StevenOmole/Documents/ros_projects/ros_hand_gesture/install/controller/lib/python3.9/site-packages/controller/joint_bridge_node.cpython-39.pyc
/Users/StevenOmole/Library/Caches/com.apple.python/Users/StevenOmole/Documents/ros_projects/ros_hand_gesture/install/controller/lib/python3.9/site-packages/controller/keyboard_control.cpython-39.pyc
/Users/StevenOmole/Library/Caches/com.apple.python/Users/StevenOmole/Documents/ros_projects/ros_hand_gesture/install/controller/lib/python3.9/site-packages/controller/action_server.cpython-39.pyc
/Users/StevenOmole/Library/Caches/com.apple.python/Users/StevenOmole/Documents/ros_projects/ros_hand_gesture/install/controller/lib/python3.9/site-packages/controller/controller_node.cpython-39.pyc
/Users/StevenOmole/Documents/ros_projects/ros_hand_gesture/install/controller/share/ament_index/resource_index/packages/controller
/Users/StevenOmole/Documents/ros_projects/ros_hand_gesture/install/controller/share/controller/package.xml
/Users/StevenOmole/Documents/ros_projects/ros_hand_gesture/install/controller/lib/python3.9/site-packages/controller-0.0.0-py3.9.egg-info/PKG-INFO
/Users/StevenOmole/Documents/ros_projects/ros_hand_gesture/install/controller/lib/python3.9/site-packages/controller-0.0.0-py3.9.egg-info/zip-safe
/Users/StevenOmole/Documents/ros_projects/ros_hand_gesture/install/controller/lib/python3.9/site-packages/controller-0.0.0-py3.9.egg-info/SOURCES.txt
/Users/StevenOmole/Documents/ros_projects/ros_hand_gesture/install/controller/lib/python3.9/site-packages/controller-0.0.0-py3.9.egg-info/entry_points.txt
/Users/StevenOmole/Documents/ros_projects/ros_hand_gesture/install/controller/lib/python3.9/site-packages/controller-0.0.0-py3.9.egg-info/requires.txt
/Users/StevenOmole/Documents/ros_projects/ros_hand_gesture/install/controller/lib/python3.9/site-packages/controller-0.0.0-py3.9.egg-info/top_level.txt
/Users/StevenOmole/Documents/ros_projects/ros_hand_gesture/install/controller/lib/python3.9/site-packages/controller-0.0.0-py3.9.egg-info/dependency_links.txt
/Users/StevenOmole/Documents/ros_projects/ros_hand_gesture/install/controller/lib/controller/action_server
/Users/StevenOmole/Documents/ros_projects/ros_hand_gesture/install/controller/lib/controller/controller
/Users/StevenOmole/Documents/ros_projects/ros_hand_gesture/install/controller/lib/controller/joint_bridge
/Users/StevenOmole/Documents/ros_projects/ros_hand_gesture/install/controller/lib/controller/keyboard_control
/Users/StevenOmole/Documents/ros_projects/ros_hand_gesture/install/controller/lib/controller/trajectory_bridge
