CMake Deprecation Warning at CMakeLists.txt:1 (cmake_minimum_required):
  Compatibility with CMake < 3.10 will be removed from a future version of
  CMake.

  Update the VERSION argument <min> value.  Or, use the <min>...<max> syntax
  to tell CMake that the project requires at least <min> but has been updated
  to work with policies introduced by <max> or earlier.


-- The C compiler identification is Clang 19.1.7
-- The CXX compiler identification is Clang 19.1.7
-- Detecting C compiler ABI info
-- Detecting C compiler ABI info - done
-- Check for working C compiler: /Users/StevenOmole/miniconda3/envs/ros2_setup/bin/x86_64-apple-darwin13.4.0-clang - skipped
-- Detecting C compile features
-- Detecting C compile features - done
-- Detecting CXX compiler ABI info
-- Detecting CXX compiler ABI info - done
-- Check for working CXX compiler: /Users/StevenOmole/miniconda3/envs/ros2_setup/bin/x86_64-apple-darwin13.4.0-clang++ - skipped
-- Detecting CXX compile features
-- Detecting CXX compile features - done
-- Found ament_cmake: 1.3.13 (/Users/StevenOmole/miniconda3/envs/ros2_setup/share/ament_cmake/cmake)
-- Found Python3: /Users/StevenOmole/miniconda3/envs/ros2_setup/bin/python3 (found version "3.12.13") found components: Interpreter
-- Found rosidl_default_generators: 1.2.0 (/Users/StevenOmole/miniconda3/envs/ros2_setup/share/rosidl_default_generators/cmake)
-- Using all available rosidl_typesupport_c: rosidl_typesupport_fastrtps_c;rosidl_typesupport_introspection_c
-- Found rosidl_adapter: 3.1.8 (/Users/StevenOmole/miniconda3/envs/ros2_setup/share/rosidl_adapter/cmake)
-- Using all available rosidl_typesupport_cpp: rosidl_typesupport_fastrtps_cpp;rosidl_typesupport_introspection_cpp
-- Found ament_cmake_ros: 0.10.0 (/Users/StevenOmole/miniconda3/envs/ros2_setup/share/ament_cmake_ros/cmake)
-- Using all available rosidl_typesupport_c: rosidl_typesupport_fastrtps_c;rosidl_typesupport_introspection_c
-- Using all available rosidl_typesupport_cpp: rosidl_typesupport_fastrtps_cpp;rosidl_typesupport_introspection_cpp
-- Found python_cmake_module: 0.10.0 (/Users/StevenOmole/miniconda3/envs/ros2_setup/share/python_cmake_module/cmake)
CMake Warning (dev) at /Users/StevenOmole/miniconda3/envs/ros2_setup/share/python_cmake_module/cmake/Modules/FindPythonExtra.cmake:52 (find_package):
  Policy CMP0148 is not set: The FindPythonInterp and FindPythonLibs modules
  are removed.  Run "cmake --help-policy CMP0148" for policy details.  Use
  the cmake_policy command to set the policy and suppress this warning.

Call Stack (most recent call first):
  /Users/StevenOmole/miniconda3/envs/ros2_setup/share/rosidl_generator_py/cmake/rosidl_generator_py_generate_interfaces.cmake:33 (find_package)
  /Users/StevenOmole/miniconda3/envs/ros2_setup/share/ament_cmake_core/cmake/core/ament_execute_extensions.cmake:48 (include)
  /Users/StevenOmole/miniconda3/envs/ros2_setup/share/rosidl_cmake/cmake/rosidl_generate_interfaces.cmake:286 (ament_execute_extensions)
  CMakeLists.txt:12 (rosidl_generate_interfaces)
This warning is for project developers.  Use -Wno-dev to suppress it.

-- Found PythonInterp: /Users/StevenOmole/miniconda3/envs/ros2_setup/bin/python3 (found suitable version "3.12.13", minimum required is "3.6")
-- Using PythonExtra_INCLUDE_DIRS: /Users/StevenOmole/miniconda3/envs/ros2_setup/include/python3.12;/Users/StevenOmole/miniconda3/envs/ros2_setup/include/python3.12
-- Using PythonExtra_LIBRARIES: /Users/StevenOmole/miniconda3/envs/ros2_setup/lib/libpython3.12.dylib
-- Found PythonExtra: .so
CMake Error at /Users/StevenOmole/miniconda3/envs/ros2_setup/share/cmake-4.2/Modules/FindPackageHandleStandardArgs.cmake:290 (message):
  Could NOT find Python (missing: Python_EXECUTABLE Python_INCLUDE_DIRS
  Python_LIBRARIES Python_NumPy_INCLUDE_DIRS Interpreter Development NumPy
  Development.Module Development.Embed)
Call Stack (most recent call first):
  /Users/StevenOmole/miniconda3/envs/ros2_setup/share/cmake-4.2/Modules/FindPackageHandleStandardArgs.cmake:654 (_FPHSA_FAILURE_MESSAGE)
  /Users/StevenOmole/miniconda3/envs/ros2_setup/share/cmake-4.2/Modules/FindPython.cmake:742 (find_package_handle_standard_args)
  /Users/StevenOmole/miniconda3/envs/ros2_setup/share/rosidl_generator_py/cmake/rosidl_generator_py_generate_interfaces.cmake:34 (find_package)
  /Users/StevenOmole/miniconda3/envs/ros2_setup/share/ament_cmake_core/cmake/core/ament_execute_extensions.cmake:48 (include)
  /Users/StevenOmole/miniconda3/envs/ros2_setup/share/rosidl_cmake/cmake/rosidl_generate_interfaces.cmake:286 (ament_execute_extensions)
  CMakeLists.txt:12 (rosidl_generate_interfaces)


-- Configuring incomplete, errors occurred!
