-- The C compiler identification is Clang 19.1.7
-- The CXX compiler identification is Clang 19.1.7
-- Detecting C compiler ABI info
-- Detecting C compiler ABI info - done
-- Check for working C compiler: /Users/StevenOmole/miniconda3/envs/ros2_setup/bin/x86_64-apple-darwin13.4.0-clang - skipped
-- Detecting C compile features
-- Detecting C compile features - done
-- Detecting CXX compiler ABI info
-- Detecting CXX compiler ABI info - done
-- Check for working CXX compiler: /Users/StevenOmole/miniconda3/envs/ros2_setup/bin/x86_64-apple-darwin13.4.0-clang++ - skipped
-- Detecting CXX compile features
-- Detecting CXX compile features - done
-- Found ament_cmake: 1.3.13 (/Users/StevenOmole/miniconda3/envs/ros2_setup/share/ament_cmake/cmake)
-- Found Python3: /Users/StevenOmole/miniconda3/envs/ros2_setup/bin/python3 (found version "3.12.13") found components: Interpreter
-- Found rosidl_default_generators: 1.2.0 (/Users/StevenOmole/miniconda3/envs/ros2_setup/share/rosidl_default_generators/cmake)
-- Using all available rosidl_typesupport_c: rosidl_typesupport_fastrtps_c;rosidl_typesupport_introspection_c
-- Found rosidl_adapter: 3.1.8 (/Users/StevenOmole/miniconda3/envs/ros2_setup/share/rosidl_adapter/cmake)
-- Using all available rosidl_typesupport_cpp: rosidl_typesupport_fastrtps_cpp;rosidl_typesupport_introspection_cpp
-- Found ament_cmake_ros: 0.10.0 (/Users/StevenOmole/miniconda3/envs/ros2_setup/share/ament_cmake_ros/cmake)
-- Using all available rosidl_typesupport_c: rosidl_typesupport_fastrtps_c;rosidl_typesupport_introspection_c
-- Using all available rosidl_typesupport_cpp: rosidl_typesupport_fastrtps_cpp;rosidl_typesupport_introspection_cpp
-- Found python_cmake_module: 0.10.0 (/Users/StevenOmole/miniconda3/envs/ros2_setup/share/python_cmake_module/cmake)
-- Found PythonInterp: /Users/StevenOmole/miniconda3/envs/ros2_setup/bin/python3 (found suitable version "3.12.13", minimum required is "3.6")
-- Using PythonExtra_INCLUDE_DIRS: /Users/StevenOmole/miniconda3/envs/ros2_setup/include/python3.12;/Users/StevenOmole/miniconda3/envs/ros2_setup/include/python3.12
-- Using PythonExtra_LIBRARIES: /Users/StevenOmole/miniconda3/envs/ros2_setup/lib/libpython3.12.dylib
-- Found PythonExtra: .so
-- Configuring incomplete, errors occurred!
