[0.701s] Invoking command in '/Users/StevenOmole/Documents/ros_projects/ros_hand_gesture/build/interfaces': CMAKE_PREFIX_PATH=${CMAKE_PREFIX_PATH}:/Users/StevenOmole/Documents/ros_projects/ros_hand_gesture/install/controller CONDA_PROMPT_MODIFIER=(ros2_setup) SHLVL=2 _=/usr/bin/env /Users/StevenOmole/miniconda3/envs/ros2_setup/bin/cmake /Users/StevenOmole/Documents/ros_projects/ros_hand_gesture/src/interfaces -DCMAKE_PREFIX_PATH=/Users/StevenOmole/miniconda3/envs/ros2_setup -DPython3_EXECUTABLE=/Users/StevenOmole/miniconda3/envs/ros2_setup/bin/python3 -DPython3_FIND_STRATEGY=LOCATION -DPython3_FIND_FRAMEWORK=NEVER -DCMAKE_INSTALL_PREFIX=/Users/StevenOmole/Documents/ros_projects/ros_hand_gesture/install/interfaces
[0.859s] CMake Deprecation Warning at CMakeLists.txt:1 (cmake_minimum_required):
[0.859s]   Compatibility with CMake < 3.10 will be removed from a future version of
[0.859s]   CMake.
[0.860s] 
[0.860s]   Update the VERSION argument <min> value.  Or, use the <min>...<max> syntax
[0.860s]   to tell CMake that the project requires at least <min> but has been updated
[0.860s]   to work with policies introduced by <max> or earlier.
[0.860s] 
[0.861s] 
[4.204s] -- The C compiler identification is Clang 19.1.7
[7.867s] -- The CXX compiler identification is Clang 19.1.7
[8.325s] -- Detecting C compiler ABI info
[11.160s] -- Detecting C compiler ABI info - done
[11.191s] -- Check for working C compiler: /Users/StevenOmole/miniconda3/envs/ros2_setup/bin/x86_64-apple-darwin13.4.0-clang - skipped
[11.193s] -- Detecting C compile features
[11.196s] -- Detecting C compile features - done
[11.226s] -- Detecting CXX compiler ABI info
[14.105s] -- Detecting CXX compiler ABI info - done
[14.140s] -- Check for working CXX compiler: /Users/StevenOmole/miniconda3/envs/ros2_setup/bin/x86_64-apple-darwin13.4.0-clang++ - skipped
[14.142s] -- Detecting CXX compile features
[14.143s] -- Detecting CXX compile features - done
[14.302s] -- Found ament_cmake: 1.3.13 (/Users/StevenOmole/miniconda3/envs/ros2_setup/share/ament_cmake/cmake)
[15.313s] -- Found Python3: /Users/StevenOmole/miniconda3/envs/ros2_setup/bin/python3 (found version "3.12.13") found components: Interpreter
[16.878s] -- Found rosidl_default_generators: 1.2.0 (/Users/StevenOmole/miniconda3/envs/ros2_setup/share/rosidl_default_generators/cmake)
[16.956s] -- Using all available rosidl_typesupport_c: rosidl_typesupport_fastrtps_c;rosidl_typesupport_introspection_c
[17.145s] -- Found rosidl_adapter: 3.1.8 (/Users/StevenOmole/miniconda3/envs/ros2_setup/share/rosidl_adapter/cmake)
[17.893s] -- Using all available rosidl_typesupport_cpp: rosidl_typesupport_fastrtps_cpp;rosidl_typesupport_introspection_cpp
[20.888s] -- Found ament_cmake_ros: 0.10.0 (/Users/StevenOmole/miniconda3/envs/ros2_setup/share/ament_cmake_ros/cmake)
[22.511s] -- Using all available rosidl_typesupport_c: rosidl_typesupport_fastrtps_c;rosidl_typesupport_introspection_c
[24.098s] -- Using all available rosidl_typesupport_cpp: rosidl_typesupport_fastrtps_cpp;rosidl_typesupport_introspection_cpp
[24.141s] -- Found python_cmake_module: 0.10.0 (/Users/StevenOmole/miniconda3/envs/ros2_setup/share/python_cmake_module/cmake)
[24.144s] CMake Warning (dev) at /Users/StevenOmole/miniconda3/envs/ros2_setup/share/python_cmake_module/cmake/Modules/FindPythonExtra.cmake:52 (find_package):
[24.145s]   Policy CMP0148 is not set: The FindPythonInterp and FindPythonLibs modules
[24.145s]   are removed.  Run "cmake --help-policy CMP0148" for policy details.  Use
[24.145s]   the cmake_policy command to set the policy and suppress this warning.
[24.145s] 
[24.145s] Call Stack (most recent call first):
[24.145s]   /Users/StevenOmole/miniconda3/envs/ros2_setup/share/rosidl_generator_py/cmake/rosidl_generator_py_generate_interfaces.cmake:33 (find_package)
[24.146s]   /Users/StevenOmole/miniconda3/envs/ros2_setup/share/ament_cmake_core/cmake/core/ament_execute_extensions.cmake:48 (include)
[24.146s]   /Users/StevenOmole/miniconda3/envs/ros2_setup/share/rosidl_cmake/cmake/rosidl_generate_interfaces.cmake:286 (ament_execute_extensions)
[24.146s]   CMakeLists.txt:12 (rosidl_generate_interfaces)
[24.146s] This warning is for project developers.  Use -Wno-dev to suppress it.
[24.146s] 
[24.195s] -- Found PythonInterp: /Users/StevenOmole/miniconda3/envs/ros2_setup/bin/python3 (found suitable version "3.12.13", minimum required is "3.6")
[24.267s] -- Using PythonExtra_INCLUDE_DIRS: /Users/StevenOmole/miniconda3/envs/ros2_setup/include/python3.12;/Users/StevenOmole/miniconda3/envs/ros2_setup/include/python3.12
[24.386s] -- Using PythonExtra_LIBRARIES: /Users/StevenOmole/miniconda3/envs/ros2_setup/lib/libpython3.12.dylib
[24.452s] -- Found PythonExtra: .so
[29.742s] CMake Error at /Users/StevenOmole/miniconda3/envs/ros2_setup/share/cmake-4.2/Modules/FindPackageHandleStandardArgs.cmake:290 (message):
[29.743s]   Could NOT find Python (missing: Python_EXECUTABLE Python_INCLUDE_DIRS
[29.743s]   Python_LIBRARIES Python_NumPy_INCLUDE_DIRS Interpreter Development NumPy
[29.743s]   Development.Module Development.Embed)
[29.743s] Call Stack (most recent call first):
[29.744s]   /Users/StevenOmole/miniconda3/envs/ros2_setup/share/cmake-4.2/Modules/FindPackageHandleStandardArgs.cmake:654 (_FPHSA_FAILURE_MESSAGE)
[29.744s]   /Users/StevenOmole/miniconda3/envs/ros2_setup/share/cmake-4.2/Modules/FindPython.cmake:742 (find_package_handle_standard_args)
[29.744s]   /Users/StevenOmole/miniconda3/envs/ros2_setup/share/rosidl_generator_py/cmake/rosidl_generator_py_generate_interfaces.cmake:34 (find_package)
[29.744s]   /Users/StevenOmole/miniconda3/envs/ros2_setup/share/ament_cmake_core/cmake/core/ament_execute_extensions.cmake:48 (include)
[29.744s]   /Users/StevenOmole/miniconda3/envs/ros2_setup/share/rosidl_cmake/cmake/rosidl_generate_interfaces.cmake:286 (ament_execute_extensions)
[29.744s]   CMakeLists.txt:12 (rosidl_generate_interfaces)
[29.745s] 
[29.745s] 
[29.745s] -- Configuring incomplete, errors occurred!
[29.766s] Invoked command in '/Users/StevenOmole/Documents/ros_projects/ros_hand_gesture/build/interfaces' returned '1': CMAKE_PREFIX_PATH=${CMAKE_PREFIX_PATH}:/Users/StevenOmole/Documents/ros_projects/ros_hand_gesture/install/controller CONDA_PROMPT_MODIFIER=(ros2_setup) SHLVL=2 _=/usr/bin/env /Users/StevenOmole/miniconda3/envs/ros2_setup/bin/cmake /Users/StevenOmole/Documents/ros_projects/ros_hand_gesture/src/interfaces -DCMAKE_PREFIX_PATH=/Users/StevenOmole/miniconda3/envs/ros2_setup -DPython3_EXECUTABLE=/Users/StevenOmole/miniconda3/envs/ros2_setup/bin/python3 -DPython3_FIND_STRATEGY=LOCATION -DPython3_FIND_FRAMEWORK=NEVER -DCMAKE_INSTALL_PREFIX=/Users/StevenOmole/Documents/ros_projects/ros_hand_gesture/install/interfaces
