[0.939s] [34mcolcon[0m [1;30mDEBUG[0m [32mCommand line arguments: ['/Users/StevenOmole/Library/Python/3.9/bin/colcon', 'build', '--cmake-args', '-DCMAKE_PREFIX_PATH=/Users/StevenOmole/miniconda3/envs/ros2_setup', '-DPython3_EXECUTABLE=/Users/StevenOmole/miniconda3/envs/ros2_setup/bin/python3', '-DPython3_FIND_STRATEGY=LOCATION', '-DPython3_FIND_FRAMEWORK=NEVER'][0m
[0.939s] [34mcolcon[0m [1;30mDEBUG[0m [32mParsed command line arguments: Namespace(log_base=None, log_level=None, verb_name='build', build_base='build', install_base='install', merge_install=False, symlink_install=False, test_result_base=None, continue_on_error=False, executor='parallel', parallel_workers=8, event_handlers=None, ignore_user_meta=False, metas=['./colcon.meta'], base_paths=['.'], packages_ignore=None, packages_ignore_regex=None, paths=None, packages_up_to=None, packages_up_to_regex=None, packages_above=None, packages_above_and_dependencies=None, packages_above_depth=None, packages_select_by_dep=None, packages_skip_by_dep=None, packages_skip_up_to=None, packages_select_build_failed=False, packages_skip_build_finished=False, packages_select_test_failures=False, packages_skip_test_passed=False, packages_select=None, packages_skip=None, packages_select_regex=None, packages_skip_regex=None, packages_start=None, packages_end=None, cmake_args=['-DCMAKE_PREFIX_PATH=/Users/StevenOmole/miniconda3/envs/ros2_setup', '-DPython3_EXECUTABLE=/Users/StevenOmole/miniconda3/envs/ros2_setup/bin/python3', '-DPython3_FIND_STRATEGY=LOCATION', '-DPython3_FIND_FRAMEWORK=NEVER'], cmake_target=None, cmake_target_skip_unavailable=False, cmake_clean_cache=False, cmake_clean_first=False, cmake_force_configure=False, ament_cmake_args=None, catkin_cmake_args=None, catkin_skip_building_tests=False, verb_parser=<colcon_defaults.argument_parser.defaults.DefaultArgumentsDecorator object at 0x104e17670>, verb_extension=<colcon_core.verb.build.BuildVerb object at 0x104e17040>, main=<bound method BuildVerb.main of <colcon_core.verb.build.BuildVerb object at 0x104e17040>>)[0m
[1.094s] [34mcolcon.colcon_core.package_discovery[0m [1;30mLevel 1[0m discover_packages(colcon_meta) check parameters
[1.094s] [34mcolcon.colcon_core.package_discovery[0m [1;30mLevel 1[0m discover_packages(recursive) check parameters
[1.094s] [34mcolcon.colcon_core.package_discovery[0m [1;30mLevel 1[0m discover_packages(ignore) check parameters
[1.094s] [34mcolcon.colcon_core.package_discovery[0m [1;30mLevel 1[0m discover_packages(path) check parameters
[1.095s] [34mcolcon.colcon_core.package_discovery[0m [1;30mLevel 1[0m discover_packages(colcon_meta) discover
[1.095s] [34mcolcon.colcon_core.package_discovery[0m [1;30mLevel 1[0m discover_packages(recursive) discover
[1.095s] [34mcolcon.colcon_core.package_discovery[0m [1;30mINFO[0m Crawling recursively for packages in '/Users/StevenOmole/Documents/ros_projects/ros_hand_gesture'
[1.095s] [34mcolcon.colcon_core.package_identification[0m [1;30mLevel 1[0m _identify(.) by extensions ['ignore', 'ignore_ament_install']
[1.095s] [34mcolcon.colcon_core.package_identification[0m [1;30mLevel 1[0m _identify(.) by extension 'ignore'
[1.096s] [34mcolcon.colcon_core.package_identification[0m [1;30mLevel 1[0m _identify(.) by extension 'ignore_ament_install'
[1.096s] [34mcolcon.colcon_core.package_identification[0m [1;30mLevel 1[0m _identify(.) by extensions ['colcon_pkg']
[1.096s] [34mcolcon.colcon_core.package_identification[0m [1;30mLevel 1[0m _identify(.) by extension 'colcon_pkg'
[1.096s] [34mcolcon.colcon_core.package_identification[0m [1;30mLevel 1[0m _identify(.) by extensions ['colcon_meta']
[1.096s] [34mcolcon.colcon_core.package_identification[0m [1;30mLevel 1[0m _identify(.) by extension 'colcon_meta'
[1.096s] [34mcolcon.colcon_core.package_identification[0m [1;30mLevel 1[0m _identify(.) by extensions ['ros']
[1.096s] [34mcolcon.colcon_core.package_identification[0m [1;30mLevel 1[0m _identify(.) by extension 'ros'
[1.179s] [34mcolcon.colcon_core.package_identification[0m [1;30mLevel 1[0m _identify(.) by extensions ['cmake', 'python']
[1.180s] [34mcolcon.colcon_core.package_identification[0m [1;30mLevel 1[0m _identify(.) by extension 'cmake'
[1.180s] [34mcolcon.colcon_core.package_identification[0m [1;30mLevel 1[0m _identify(.) by extension 'python'
[1.180s] [34mcolcon.colcon_core.package_identification[0m [1;30mLevel 1[0m _identify(.) by extensions ['python_setup_py']
[1.180s] [34mcolcon.colcon_core.package_identification[0m [1;30mLevel 1[0m _identify(.) by extension 'python_setup_py'
[1.180s] [34mcolcon.colcon_core.package_identification[0m [1;30mLevel 1[0m _identify(build) by extensions ['ignore', 'ignore_ament_install']
[1.180s] [34mcolcon.colcon_core.package_identification[0m [1;30mLevel 1[0m _identify(build) by extension 'ignore'
[1.180s] [34mcolcon.colcon_core.package_identification[0m [1;30mLevel 1[0m _identify(build) ignored
[1.181s] [34mcolcon.colcon_core.package_identification[0m [1;30mLevel 1[0m _identify(install) by extensions ['ignore', 'ignore_ament_install']
[1.181s] [34mcolcon.colcon_core.package_identification[0m [1;30mLevel 1[0m _identify(install) by extension 'ignore'
[1.181s] [34mcolcon.colcon_core.package_identification[0m [1;30mLevel 1[0m _identify(install) ignored
[1.181s] [34mcolcon.colcon_core.package_identification[0m [1;30mLevel 1[0m _identify(log) by extensions ['ignore', 'ignore_ament_install']
[1.181s] [34mcolcon.colcon_core.package_identification[0m [1;30mLevel 1[0m _identify(log) by extension 'ignore'
[1.181s] [34mcolcon.colcon_core.package_identification[0m [1;30mLevel 1[0m _identify(log) ignored
[1.182s] [34mcolcon.colcon_core.package_identification[0m [1;30mLevel 1[0m _identify(src) by extensions ['ignore', 'ignore_ament_install']
[1.182s] [34mcolcon.colcon_core.package_identification[0m [1;30mLevel 1[0m _identify(src) by extension 'ignore'
[1.182s] [34mcolcon.colcon_core.package_identification[0m [1;30mLevel 1[0m _identify(src) by extension 'ignore_ament_install'
[1.182s] [34mcolcon.colcon_core.package_identification[0m [1;30mLevel 1[0m _identify(src) by extensions ['colcon_pkg']
[1.182s] [34mcolcon.colcon_core.package_identification[0m [1;30mLevel 1[0m _identify(src) by extension 'colcon_pkg'
[1.182s] [34mcolcon.colcon_core.package_identification[0m [1;30mLevel 1[0m _identify(src) by extensions ['colcon_meta']
[1.182s] [34mcolcon.colcon_core.package_identification[0m [1;30mLevel 1[0m _identify(src) by extension 'colcon_meta'
[1.183s] [34mcolcon.colcon_core.package_identification[0m [1;30mLevel 1[0m _identify(src) by extensions ['ros']
[1.183s] [34mcolcon.colcon_core.package_identification[0m [1;30mLevel 1[0m _identify(src) by extension 'ros'
[1.183s] [34mcolcon.colcon_core.package_identification[0m [1;30mLevel 1[0m _identify(src) by extensions ['cmake', 'python']
[1.183s] [34mcolcon.colcon_core.package_identification[0m [1;30mLevel 1[0m _identify(src) by extension 'cmake'
[1.183s] [34mcolcon.colcon_core.package_identification[0m [1;30mLevel 1[0m _identify(src) by extension 'python'
[1.183s] [34mcolcon.colcon_core.package_identification[0m [1;30mLevel 1[0m _identify(src) by extensions ['python_setup_py']
[1.183s] [34mcolcon.colcon_core.package_identification[0m [1;30mLevel 1[0m _identify(src) by extension 'python_setup_py'
[1.184s] [34mcolcon.colcon_core.package_identification[0m [1;30mLevel 1[0m _identify(src/controller) by extensions ['ignore', 'ignore_ament_install']
[1.184s] [34mcolcon.colcon_core.package_identification[0m [1;30mLevel 1[0m _identify(src/controller) by extension 'ignore'
[1.184s] [34mcolcon.colcon_core.package_identification[0m [1;30mLevel 1[0m _identify(src/controller) by extension 'ignore_ament_install'
[1.184s] [34mcolcon.colcon_core.package_identification[0m [1;30mLevel 1[0m _identify(src/controller) by extensions ['colcon_pkg']
[1.184s] [34mcolcon.colcon_core.package_identification[0m [1;30mLevel 1[0m _identify(src/controller) by extension 'colcon_pkg'
[1.184s] [34mcolcon.colcon_core.package_identification[0m [1;30mLevel 1[0m _identify(src/controller) by extensions ['colcon_meta']
[1.184s] [34mcolcon.colcon_core.package_identification[0m [1;30mLevel 1[0m _identify(src/controller) by extension 'colcon_meta'
[1.185s] [34mcolcon.colcon_core.package_identification[0m [1;30mLevel 1[0m _identify(src/controller) by extensions ['ros']
[1.185s] [34mcolcon.colcon_core.package_identification[0m [1;30mLevel 1[0m _identify(src/controller) by extension 'ros'
[1.191s] [34mcolcon.colcon_core.package_identification[0m [1;30mDEBUG[0m [32mPackage 'src/controller' with type 'ros.ament_python' and name 'controller'[0m
[1.192s] [34mcolcon.colcon_core.package_identification[0m [1;30mLevel 1[0m _identify(src/description) by extensions ['ignore', 'ignore_ament_install']
[1.192s] [34mcolcon.colcon_core.package_identification[0m [1;30mLevel 1[0m _identify(src/description) by extension 'ignore'
[1.192s] [34mcolcon.colcon_core.package_identification[0m [1;30mLevel 1[0m _identify(src/description) by extension 'ignore_ament_install'
[1.192s] [34mcolcon.colcon_core.package_identification[0m [1;30mLevel 1[0m _identify(src/description) by extensions ['colcon_pkg']
[1.192s] [34mcolcon.colcon_core.package_identification[0m [1;30mLevel 1[0m _identify(src/description) by extension 'colcon_pkg'
[1.193s] [34mcolcon.colcon_core.package_identification[0m [1;30mLevel 1[0m _identify(src/description) by extensions ['colcon_meta']
[1.193s] [34mcolcon.colcon_core.package_identification[0m [1;30mLevel 1[0m _identify(src/description) by extension 'colcon_meta'
[1.193s] [34mcolcon.colcon_core.package_identification[0m [1;30mLevel 1[0m _identify(src/description) by extensions ['ros']
[1.193s] [34mcolcon.colcon_core.package_identification[0m [1;30mLevel 1[0m _identify(src/description) by extension 'ros'
[1.194s] [34mcolcon.colcon_core.package_identification[0m [1;30mDEBUG[0m [32mPackage 'src/description' with type 'ros.ament_cmake' and name 'description'[0m
[1.195s] [34mcolcon.colcon_core.package_identification[0m [1;30mLevel 1[0m _identify(src/interfaces) by extensions ['ignore', 'ignore_ament_install']
[1.195s] [34mcolcon.colcon_core.package_identification[0m [1;30mLevel 1[0m _identify(src/interfaces) by extension 'ignore'
[1.195s] [34mcolcon.colcon_core.package_identification[0m [1;30mLevel 1[0m _identify(src/interfaces) by extension 'ignore_ament_install'
[1.195s] [34mcolcon.colcon_core.package_identification[0m [1;30mLevel 1[0m _identify(src/interfaces) by extensions ['colcon_pkg']
[1.195s] [34mcolcon.colcon_core.package_identification[0m [1;30mLevel 1[0m _identify(src/interfaces) by extension 'colcon_pkg'
[1.195s] [34mcolcon.colcon_core.package_identification[0m [1;30mLevel 1[0m _identify(src/interfaces) by extensions ['colcon_meta']
[1.195s] [34mcolcon.colcon_core.package_identification[0m [1;30mLevel 1[0m _identify(src/interfaces) by extension 'colcon_meta'
[1.195s] [34mcolcon.colcon_core.package_identification[0m [1;30mLevel 1[0m _identify(src/interfaces) by extensions ['ros']
[1.196s] [34mcolcon.colcon_core.package_identification[0m [1;30mLevel 1[0m _identify(src/interfaces) by extension 'ros'
[1.197s] [34mcolcon.colcon_core.package_identification[0m [1;30mDEBUG[0m [32mPackage 'src/interfaces' with type 'ros.ament_cmake' and name 'interfaces'[0m
[1.197s] [34mcolcon.colcon_core.package_discovery[0m [1;30mLevel 1[0m discover_packages(recursive) using defaults
[1.197s] [34mcolcon.colcon_core.package_discovery[0m [1;30mLevel 1[0m discover_packages(ignore) discover
[1.197s] [34mcolcon.colcon_core.package_discovery[0m [1;30mLevel 1[0m discover_packages(ignore) using defaults
[1.197s] [34mcolcon.colcon_core.package_discovery[0m [1;30mLevel 1[0m discover_packages(path) discover
[1.197s] [34mcolcon.colcon_core.package_discovery[0m [1;30mLevel 1[0m discover_packages(path) using defaults
[1.257s] [34mcolcon.colcon_core.verb[0m [1;30mLevel 5[0m set package 'controller' build argument 'cmake_args' from command line to '['-DCMAKE_PREFIX_PATH=/Users/StevenOmole/miniconda3/envs/ros2_setup', '-DPython3_EXECUTABLE=/Users/StevenOmole/miniconda3/envs/ros2_setup/bin/python3', '-DPython3_FIND_STRATEGY=LOCATION', '-DPython3_FIND_FRAMEWORK=NEVER']'
[1.258s] [34mcolcon.colcon_core.verb[0m [1;30mLevel 5[0m set package 'controller' build argument 'cmake_target' from command line to 'None'
[1.258s] [34mcolcon.colcon_core.verb[0m [1;30mLevel 5[0m set package 'controller' build argument 'cmake_target_skip_unavailable' from command line to 'False'
[1.258s] [34mcolcon.colcon_core.verb[0m [1;30mLevel 5[0m set package 'controller' build argument 'cmake_clean_cache' from command line to 'False'
[1.258s] [34mcolcon.colcon_core.verb[0m [1;30mLevel 5[0m set package 'controller' build argument 'cmake_clean_first' from command line to 'False'
[1.258s] [34mcolcon.colcon_core.verb[0m [1;30mLevel 5[0m set package 'controller' build argument 'cmake_force_configure' from command line to 'False'
[1.258s] [34mcolcon.colcon_core.verb[0m [1;30mLevel 5[0m set package 'controller' build argument 'ament_cmake_args' from command line to 'None'
[1.258s] [34mcolcon.colcon_core.verb[0m [1;30mLevel 5[0m set package 'controller' build argument 'catkin_cmake_args' from command line to 'None'
[1.258s] [34mcolcon.colcon_core.verb[0m [1;30mLevel 5[0m set package 'controller' build argument 'catkin_skip_building_tests' from command line to 'False'
[1.258s] [34mcolcon.colcon_core.verb[0m [1;30mDEBUG[0m [32mBuilding package 'controller' with the following arguments: {'ament_cmake_args': None, 'build_base': '/Users/StevenOmole/Documents/ros_projects/ros_hand_gesture/build/controller', 'catkin_cmake_args': None, 'catkin_skip_building_tests': False, 'cmake_args': ['-DCMAKE_PREFIX_PATH=/Users/StevenOmole/miniconda3/envs/ros2_setup', '-DPython3_EXECUTABLE=/Users/StevenOmole/miniconda3/envs/ros2_setup/bin/python3', '-DPython3_FIND_STRATEGY=LOCATION', '-DPython3_FIND_FRAMEWORK=NEVER'], 'cmake_clean_cache': False, 'cmake_clean_first': False, 'cmake_force_configure': False, 'cmake_target': None, 'cmake_target_skip_unavailable': False, 'install_base': '/Users/StevenOmole/Documents/ros_projects/ros_hand_gesture/install/controller', 'merge_install': False, 'path': '/Users/StevenOmole/Documents/ros_projects/ros_hand_gesture/src/controller', 'symlink_install': False, 'test_result_base': None}[0m
[1.259s] [34mcolcon.colcon_core.verb[0m [1;30mLevel 5[0m set package 'description' build argument 'cmake_args' from command line to '['-DCMAKE_PREFIX_PATH=/Users/StevenOmole/miniconda3/envs/ros2_setup', '-DPython3_EXECUTABLE=/Users/StevenOmole/miniconda3/envs/ros2_setup/bin/python3', '-DPython3_FIND_STRATEGY=LOCATION', '-DPython3_FIND_FRAMEWORK=NEVER']'
[1.259s] [34mcolcon.colcon_core.verb[0m [1;30mLevel 5[0m set package 'description' build argument 'cmake_target' from command line to 'None'
[1.259s] [34mcolcon.colcon_core.verb[0m [1;30mLevel 5[0m set package 'description' build argument 'cmake_target_skip_unavailable' from command line to 'False'
[1.259s] [34mcolcon.colcon_core.verb[0m [1;30mLevel 5[0m set package 'description' build argument 'cmake_clean_cache' from command line to 'False'
[1.259s] [34mcolcon.colcon_core.verb[0m [1;30mLevel 5[0m set package 'description' build argument 'cmake_clean_first' from command line to 'False'
[1.259s] [34mcolcon.colcon_core.verb[0m [1;30mLevel 5[0m set package 'description' build argument 'cmake_force_configure' from command line to 'False'
[1.259s] [34mcolcon.colcon_core.verb[0m [1;30mLevel 5[0m set package 'description' build argument 'ament_cmake_args' from command line to 'None'
[1.260s] [34mcolcon.colcon_core.verb[0m [1;30mLevel 5[0m set package 'description' build argument 'catkin_cmake_args' from command line to 'None'
[1.260s] [34mcolcon.colcon_core.verb[0m [1;30mLevel 5[0m set package 'description' build argument 'catkin_skip_building_tests' from command line to 'False'
[1.260s] [34mcolcon.colcon_core.verb[0m [1;30mDEBUG[0m [32mBuilding package 'description' with the following arguments: {'ament_cmake_args': None, 'build_base': '/Users/StevenOmole/Documents/ros_projects/ros_hand_gesture/build/description', 'catkin_cmake_args': None, 'catkin_skip_building_tests': False, 'cmake_args': ['-DCMAKE_PREFIX_PATH=/Users/StevenOmole/miniconda3/envs/ros2_setup', '-DPython3_EXECUTABLE=/Users/StevenOmole/miniconda3/envs/ros2_setup/bin/python3', '-DPython3_FIND_STRATEGY=LOCATION', '-DPython3_FIND_FRAMEWORK=NEVER'], 'cmake_clean_cache': False, 'cmake_clean_first': False, 'cmake_force_configure': False, 'cmake_target': None, 'cmake_target_skip_unavailable': False, 'install_base': '/Users/StevenOmole/Documents/ros_projects/ros_hand_gesture/install/description', 'merge_install': False, 'path': '/Users/StevenOmole/Documents/ros_projects/ros_hand_gesture/src/description', 'symlink_install': False, 'test_result_base': None}[0m
[1.260s] [34mcolcon.colcon_core.verb[0m [1;30mLevel 5[0m set package 'interfaces' build argument 'cmake_args' from command line to '['-DCMAKE_PREFIX_PATH=/Users/StevenOmole/miniconda3/envs/ros2_setup', '-DPython3_EXECUTABLE=/Users/StevenOmole/miniconda3/envs/ros2_setup/bin/python3', '-DPython3_FIND_STRATEGY=LOCATION', '-DPython3_FIND_FRAMEWORK=NEVER']'
[1.261s] [34mcolcon.colcon_core.verb[0m [1;30mLevel 5[0m set package 'interfaces' build argument 'cmake_target' from command line to 'None'
[1.261s] [34mcolcon.colcon_core.verb[0m [1;30mLevel 5[0m set package 'interfaces' build argument 'cmake_target_skip_unavailable' from command line to 'False'
[1.261s] [34mcolcon.colcon_core.verb[0m [1;30mLevel 5[0m set package 'interfaces' build argument 'cmake_clean_cache' from command line to 'False'
[1.261s] [34mcolcon.colcon_core.verb[0m [1;30mLevel 5[0m set package 'interfaces' build argument 'cmake_clean_first' from command line to 'False'
[1.261s] [34mcolcon.colcon_core.verb[0m [1;30mLevel 5[0m set package 'interfaces' build argument 'cmake_force_configure' from command line to 'False'
[1.261s] [34mcolcon.colcon_core.verb[0m [1;30mLevel 5[0m set package 'interfaces' build argument 'ament_cmake_args' from command line to 'None'
[1.261s] [34mcolcon.colcon_core.verb[0m [1;30mLevel 5[0m set package 'interfaces' build argument 'catkin_cmake_args' from command line to 'None'
[1.261s] [34mcolcon.colcon_core.verb[0m [1;30mLevel 5[0m set package 'interfaces' build argument 'catkin_skip_building_tests' from command line to 'False'
[1.261s] [34mcolcon.colcon_core.verb[0m [1;30mDEBUG[0m [32mBuilding package 'interfaces' with the following arguments: {'ament_cmake_args': None, 'build_base': '/Users/StevenOmole/Documents/ros_projects/ros_hand_gesture/build/interfaces', 'catkin_cmake_args': None, 'catkin_skip_building_tests': False, 'cmake_args': ['-DCMAKE_PREFIX_PATH=/Users/StevenOmole/miniconda3/envs/ros2_setup', '-DPython3_EXECUTABLE=/Users/StevenOmole/miniconda3/envs/ros2_setup/bin/python3', '-DPython3_FIND_STRATEGY=LOCATION', '-DPython3_FIND_FRAMEWORK=NEVER'], 'cmake_clean_cache': False, 'cmake_clean_first': False, 'cmake_force_configure': False, 'cmake_target': None, 'cmake_target_skip_unavailable': False, 'install_base': '/Users/StevenOmole/Documents/ros_projects/ros_hand_gesture/install/interfaces', 'merge_install': False, 'path': '/Users/StevenOmole/Documents/ros_projects/ros_hand_gesture/src/interfaces', 'symlink_install': False, 'test_result_base': None}[0m
[1.261s] [34mcolcon.colcon_core.executor[0m [1;30mINFO[0m Executing jobs using 'parallel' executor
[1.263s] [34mcolcon.colcon_parallel_executor.executor.parallel[0m [1;30mDEBUG[0m [32mrun_until_complete[0m
[1.264s] [34mcolcon.colcon_ros.task.ament_python.build[0m [1;30mINFO[0m Building ROS package in '/Users/StevenOmole/Documents/ros_projects/ros_hand_gesture/src/controller' with build type 'ament_python'
[1.264s] [34mcolcon.colcon_core.shell[0m [1;30mLevel 1[0m create_environment_hook('controller', 'ament_prefix_path')
[1.272s] [34mcolcon.colcon_core.plugin_system[0m [1;30mINFO[0m Skipping extension 'colcon_core.shell.bat': Not used on non-Windows systems
[1.273s] [34mcolcon.colcon_core.shell[0m [1;30mINFO[0m Creating environment hook '/Users/StevenOmole/Documents/ros_projects/ros_hand_gesture/install/controller/share/controller/hook/ament_prefix_path.ps1'
[1.278s] [34mcolcon.colcon_core.shell[0m [1;30mINFO[0m Creating environment descriptor '/Users/StevenOmole/Documents/ros_projects/ros_hand_gesture/install/controller/share/controller/hook/ament_prefix_path.dsv'
[1.280s] [34mcolcon.colcon_core.shell[0m [1;30mINFO[0m Creating environment hook '/Users/StevenOmole/Documents/ros_projects/ros_hand_gesture/install/controller/share/controller/hook/ament_prefix_path.sh'
[1.284s] [34mcolcon.colcon_core.shell[0m [1;30mINFO[0m Skip shell extension 'powershell' for command environment: Not usable outside of PowerShell
[1.285s] [34mcolcon.colcon_core.shell[0m [1;30mDEBUG[0m [32mSkip shell extension 'dsv' for command environment[0m
[1.291s] [34mcolcon.colcon_ros.prefix_path.ament[0m [1;30mWARNING[0m [33mThe path '/Users/StevenOmole/Documents/ros_projects/ros_hand_gesture/install/interfaces' in the environment variable AMENT_PREFIX_PATH doesn't exist[0m
[1.291s] [34mcolcon.colcon_ros.prefix_path.ament[0m [1;30mWARNING[0m [33mThe path '/Users/StevenOmole/Documents/ros_projects/ros_hand_gesture/install/description' in the environment variable AMENT_PREFIX_PATH doesn't exist[0m
[1.292s] [34mcolcon.colcon_ros.prefix_path.catkin[0m [1;30mWARNING[0m [33mThe path '/Users/StevenOmole/Documents/ros_projects/ros_hand_gesture/install/interfaces' in the environment variable CMAKE_PREFIX_PATH doesn't exist[0m
[1.293s] [34mcolcon.colcon_ros.prefix_path.catkin[0m [1;30mWARNING[0m [33mThe path '/Users/StevenOmole/Documents/ros_projects/ros_hand_gesture/install/description' in the environment variable CMAKE_PREFIX_PATH doesn't exist[0m
[1.315s] [34mcolcon.colcon_ros.task.ament_cmake.build[0m [1;30mINFO[0m Building ROS package in '/Users/StevenOmole/Documents/ros_projects/ros_hand_gesture/src/description' with build type 'ament_cmake'
[1.315s] [34mcolcon.colcon_cmake.task.cmake.build[0m [1;30mINFO[0m Building CMake package in '/Users/StevenOmole/Documents/ros_projects/ros_hand_gesture/src/description'
[1.316s] [34mcolcon.colcon_core.shell[0m [1;30mINFO[0m Skip shell extension 'powershell' for command environment: Not usable outside of PowerShell
[1.316s] [34mcolcon.colcon_core.shell[0m [1;30mDEBUG[0m [32mSkip shell extension 'dsv' for command environment[0m
[1.331s] [34mcolcon.colcon_ros.task.ament_cmake.build[0m [1;30mINFO[0m Building ROS package in '/Users/StevenOmole/Documents/ros_projects/ros_hand_gesture/src/interfaces' with build type 'ament_cmake'
[1.331s] [34mcolcon.colcon_cmake.task.cmake.build[0m [1;30mINFO[0m Building CMake package in '/Users/StevenOmole/Documents/ros_projects/ros_hand_gesture/src/interfaces'
[1.333s] [34mcolcon.colcon_core.shell[0m [1;30mINFO[0m Skip shell extension 'powershell' for command environment: Not usable outside of PowerShell
[1.333s] [34mcolcon.colcon_core.shell[0m [1;30mDEBUG[0m [32mSkip shell extension 'dsv' for command environment[0m
[1.997s] [34mcolcon.colcon_core.task.python.build[0m [1;30mINFO[0m Building Python package in '/Users/StevenOmole/Documents/ros_projects/ros_hand_gesture/src/controller'
[1.998s] [34mcolcon.colcon_core.shell[0m [1;30mINFO[0m Skip shell extension 'powershell' for command environment: Not usable outside of PowerShell
[1.998s] [34mcolcon.colcon_core.shell[0m [1;30mDEBUG[0m [32mSkip shell extension 'dsv' for command environment[0m
[2.022s] [34mcolcon.colcon_core.event_handler.log_command[0m [1;30mDEBUG[0m [32mInvoking command in '/Users/StevenOmole/Documents/ros_projects/ros_hand_gesture/build/description': CMAKE_PREFIX_PATH=${CMAKE_PREFIX_PATH}:/Users/StevenOmole/Documents/ros_projects/ros_hand_gesture/install/controller CONDA_PROMPT_MODIFIER=(ros2_setup) SHLVL=2 _=/usr/bin/env /Users/StevenOmole/miniconda3/envs/ros2_setup/bin/cmake /Users/StevenOmole/Documents/ros_projects/ros_hand_gesture/src/description -DCMAKE_PREFIX_PATH=/Users/StevenOmole/miniconda3/envs/ros2_setup -DPython3_EXECUTABLE=/Users/StevenOmole/miniconda3/envs/ros2_setup/bin/python3 -DPython3_FIND_STRATEGY=LOCATION -DPython3_FIND_FRAMEWORK=NEVER -DCMAKE_INSTALL_PREFIX=/Users/StevenOmole/Documents/ros_projects/ros_hand_gesture/install/description[0m
[2.034s] [34mcolcon.colcon_core.event_handler.log_command[0m [1;30mDEBUG[0m [32mInvoking command in '/Users/StevenOmole/Documents/ros_projects/ros_hand_gesture/build/interfaces': CMAKE_PREFIX_PATH=${CMAKE_PREFIX_PATH}:/Users/StevenOmole/Documents/ros_projects/ros_hand_gesture/install/controller CONDA_PROMPT_MODIFIER=(ros2_setup) SHLVL=2 _=/usr/bin/env /Users/StevenOmole/miniconda3/envs/ros2_setup/bin/cmake /Users/StevenOmole/Documents/ros_projects/ros_hand_gesture/src/interfaces -DCMAKE_PREFIX_PATH=/Users/StevenOmole/miniconda3/envs/ros2_setup -DPython3_EXECUTABLE=/Users/StevenOmole/miniconda3/envs/ros2_setup/bin/python3 -DPython3_FIND_STRATEGY=LOCATION -DPython3_FIND_FRAMEWORK=NEVER -DCMAKE_INSTALL_PREFIX=/Users/StevenOmole/Documents/ros_projects/ros_hand_gesture/install/interfaces[0m
[3.379s] [34mcolcon.colcon_core.event_handler.log_command[0m [1;30mDEBUG[0m [32mInvoking command in '/Users/StevenOmole/Documents/ros_projects/ros_hand_gesture/src/controller': CONDA_PROMPT_MODIFIER=(ros2_setup) PYTHONPATH=/Users/StevenOmole/Documents/ros_projects/ros_hand_gesture/build/controller/prefix_override:/Users/StevenOmole/miniconda3/envs/ros2_setup/lib/python3.12/site-packages/colcon_core/task/python/colcon_distutils_commands:/Users/StevenOmole/Documents/ros_projects/ros_hand_gesture/install/controller/lib/python3.9/site-packages:${PYTHONPATH} SHLVL=2 _=/usr/bin/env /Applications/Xcode.app/Contents/Developer/usr/bin/python3 -W ignore:setup.py install is deprecated -W ignore:easy_install command is deprecated setup.py egg_info --egg-base ../../build/controller build --build-base /Users/StevenOmole/Documents/ros_projects/ros_hand_gesture/build/controller/build install --record /Users/StevenOmole/Documents/ros_projects/ros_hand_gesture/build/controller/install.log --single-version-externally-managed install_data[0m
[6.554s] [34mcolcon.colcon_core.event_handler.log_command[0m [1;30mDEBUG[0m [32mInvoked command in '/Users/StevenOmole/Documents/ros_projects/ros_hand_gesture/src/controller' returned '0': CONDA_PROMPT_MODIFIER=(ros2_setup) PYTHONPATH=/Users/StevenOmole/Documents/ros_projects/ros_hand_gesture/build/controller/prefix_override:/Users/StevenOmole/miniconda3/envs/ros2_setup/lib/python3.12/site-packages/colcon_core/task/python/colcon_distutils_commands:/Users/StevenOmole/Documents/ros_projects/ros_hand_gesture/install/controller/lib/python3.9/site-packages:${PYTHONPATH} SHLVL=2 _=/usr/bin/env /Applications/Xcode.app/Contents/Developer/usr/bin/python3 -W ignore:setup.py install is deprecated -W ignore:easy_install command is deprecated setup.py egg_info --egg-base ../../build/controller build --build-base /Users/StevenOmole/Documents/ros_projects/ros_hand_gesture/build/controller/build install --record /Users/StevenOmole/Documents/ros_projects/ros_hand_gesture/build/controller/install.log --single-version-externally-managed install_data[0m
[6.567s] [34mcolcon.colcon_core.environment[0m [1;30mLevel 1[0m checking '/Users/StevenOmole/Documents/ros_projects/ros_hand_gesture/install/controller' for CMake module files
[6.570s] [34mcolcon.colcon_core.environment[0m [1;30mLevel 1[0m checking '/Users/StevenOmole/Documents/ros_projects/ros_hand_gesture/install/controller' for CMake config files
[6.573s] [34mcolcon.colcon_core.environment[0m [1;30mLevel 1[0m checking '/Users/StevenOmole/Documents/ros_projects/ros_hand_gesture/install/controller/lib'
[6.574s] [34mcolcon.colcon_core.environment[0m [1;30mLevel 1[0m checking '/Users/StevenOmole/Documents/ros_projects/ros_hand_gesture/install/controller/bin'
[6.574s] [34mcolcon.colcon_core.environment[0m [1;30mLevel 1[0m checking '/Users/StevenOmole/Documents/ros_projects/ros_hand_gesture/install/controller/lib/pkgconfig/controller.pc'
[6.575s] [34mcolcon.colcon_core.environment[0m [1;30mLevel 1[0m checking '/Users/StevenOmole/Documents/ros_projects/ros_hand_gesture/install/controller/lib/python3.9/site-packages'
[6.576s] [34mcolcon.colcon_core.shell[0m [1;30mLevel 1[0m create_environment_hook('controller', 'pythonpath')
[6.576s] [34mcolcon.colcon_core.shell[0m [1;30mINFO[0m Creating environment hook '/Users/StevenOmole/Documents/ros_projects/ros_hand_gesture/install/controller/share/controller/hook/pythonpath.ps1'
[6.579s] [34mcolcon.colcon_core.shell[0m [1;30mINFO[0m Creating environment descriptor '/Users/StevenOmole/Documents/ros_projects/ros_hand_gesture/install/controller/share/controller/hook/pythonpath.dsv'
[6.582s] [34mcolcon.colcon_core.shell[0m [1;30mINFO[0m Creating environment hook '/Users/StevenOmole/Documents/ros_projects/ros_hand_gesture/install/controller/share/controller/hook/pythonpath.sh'
[6.586s] [34mcolcon.colcon_core.environment[0m [1;30mLevel 1[0m checking '/Users/StevenOmole/Documents/ros_projects/ros_hand_gesture/install/controller/bin'
[6.586s] [34mcolcon.colcon_core.environment[0m [1;30mLevel 1[0m create_environment_scripts_only(controller)
[6.587s] [34mcolcon.colcon_core.shell[0m [1;30mINFO[0m Creating package script '/Users/StevenOmole/Documents/ros_projects/ros_hand_gesture/install/controller/share/controller/package.ps1'
[6.595s] [34mcolcon.colcon_core.shell[0m [1;30mINFO[0m Creating package descriptor '/Users/StevenOmole/Documents/ros_projects/ros_hand_gesture/install/controller/share/controller/package.dsv'
[6.598s] [34mcolcon.colcon_core.shell[0m [1;30mINFO[0m Creating package script '/Users/StevenOmole/Documents/ros_projects/ros_hand_gesture/install/controller/share/controller/package.sh'
[6.602s] [34mcolcon.colcon_core.shell[0m [1;30mINFO[0m Creating package script '/Users/StevenOmole/Documents/ros_projects/ros_hand_gesture/install/controller/share/controller/package.bash'
[6.607s] [34mcolcon.colcon_core.shell[0m [1;30mINFO[0m Creating package script '/Users/StevenOmole/Documents/ros_projects/ros_hand_gesture/install/controller/share/controller/package.zsh'
[6.611s] [34mcolcon.colcon_core.environment[0m [1;30mLevel 1[0m create_file_with_runtime_dependencies(/Users/StevenOmole/Documents/ros_projects/ros_hand_gesture/install/controller/share/colcon-core/packages/controller)
[19.244s] [34mcolcon.colcon_core.event_handler.log_command[0m [1;30mDEBUG[0m [32mInvoked command in '/Users/StevenOmole/Documents/ros_projects/ros_hand_gesture/build/description' returned '0': CMAKE_PREFIX_PATH=${CMAKE_PREFIX_PATH}:/Users/StevenOmole/Documents/ros_projects/ros_hand_gesture/install/controller CONDA_PROMPT_MODIFIER=(ros2_setup) SHLVL=2 _=/usr/bin/env /Users/StevenOmole/miniconda3/envs/ros2_setup/bin/cmake /Users/StevenOmole/Documents/ros_projects/ros_hand_gesture/src/description -DCMAKE_PREFIX_PATH=/Users/StevenOmole/miniconda3/envs/ros2_setup -DPython3_EXECUTABLE=/Users/StevenOmole/miniconda3/envs/ros2_setup/bin/python3 -DPython3_FIND_STRATEGY=LOCATION -DPython3_FIND_FRAMEWORK=NEVER -DCMAKE_INSTALL_PREFIX=/Users/StevenOmole/Documents/ros_projects/ros_hand_gesture/install/description[0m
[19.253s] [34mcolcon.colcon_core.event_handler.log_command[0m [1;30mDEBUG[0m [32mInvoking command in '/Users/StevenOmole/Documents/ros_projects/ros_hand_gesture/build/description': CMAKE_PREFIX_PATH=${CMAKE_PREFIX_PATH}:/Users/StevenOmole/Documents/ros_projects/ros_hand_gesture/install/controller CONDA_PROMPT_MODIFIER=(ros2_setup) SHLVL=2 _=/usr/bin/env /Users/StevenOmole/miniconda3/envs/ros2_setup/bin/cmake --build /Users/StevenOmole/Documents/ros_projects/ros_hand_gesture/build/description -- -j8 -l8[0m
[19.744s] [34mcolcon.colcon_core.event_handler.log_command[0m [1;30mDEBUG[0m [32mInvoked command in '/Users/StevenOmole/Documents/ros_projects/ros_hand_gesture/build/description' returned '0': CMAKE_PREFIX_PATH=${CMAKE_PREFIX_PATH}:/Users/StevenOmole/Documents/ros_projects/ros_hand_gesture/install/controller CONDA_PROMPT_MODIFIER=(ros2_setup) SHLVL=2 _=/usr/bin/env /Users/StevenOmole/miniconda3/envs/ros2_setup/bin/cmake --build /Users/StevenOmole/Documents/ros_projects/ros_hand_gesture/build/description -- -j8 -l8[0m
[19.843s] [34mcolcon.colcon_core.event_handler.log_command[0m [1;30mDEBUG[0m [32mInvoking command in '/Users/StevenOmole/Documents/ros_projects/ros_hand_gesture/build/description': CMAKE_PREFIX_PATH=${CMAKE_PREFIX_PATH}:/Users/StevenOmole/Documents/ros_projects/ros_hand_gesture/install/controller CONDA_PROMPT_MODIFIER=(ros2_setup) SHLVL=2 _=/usr/bin/env /Users/StevenOmole/miniconda3/envs/ros2_setup/bin/cmake --install /Users/StevenOmole/Documents/ros_projects/ros_hand_gesture/build/description[0m
[19.948s] [34mcolcon.colcon_core.environment[0m [1;30mLevel 1[0m create_environment_scripts_only(description)
[19.949s] [34mcolcon.colcon_core.event_handler.log_command[0m [1;30mDEBUG[0m [32mInvoked command in '/Users/StevenOmole/Documents/ros_projects/ros_hand_gesture/build/description' returned '0': CMAKE_PREFIX_PATH=${CMAKE_PREFIX_PATH}:/Users/StevenOmole/Documents/ros_projects/ros_hand_gesture/install/controller CONDA_PROMPT_MODIFIER=(ros2_setup) SHLVL=2 _=/usr/bin/env /Users/StevenOmole/miniconda3/envs/ros2_setup/bin/cmake --install /Users/StevenOmole/Documents/ros_projects/ros_hand_gesture/build/description[0m
[19.951s] [34mcolcon.colcon_core.environment[0m [1;30mLevel 1[0m checking '/Users/StevenOmole/Documents/ros_projects/ros_hand_gesture/install/description' for CMake module files
[19.953s] [34mcolcon.colcon_core.environment[0m [1;30mLevel 1[0m checking '/Users/StevenOmole/Documents/ros_projects/ros_hand_gesture/install/description' for CMake config files
[19.954s] [34mcolcon.colcon_core.shell[0m [1;30mLevel 1[0m create_environment_hook('description', 'cmake_prefix_path')
[19.955s] [34mcolcon.colcon_core.shell[0m [1;30mINFO[0m Creating environment hook '/Users/StevenOmole/Documents/ros_projects/ros_hand_gesture/install/description/share/description/hook/cmake_prefix_path.ps1'
[19.960s] [34mcolcon.colcon_core.shell[0m [1;30mINFO[0m Creating environment descriptor '/Users/StevenOmole/Documents/ros_projects/ros_hand_gesture/install/description/share/description/hook/cmake_prefix_path.dsv'
[19.962s] [34mcolcon.colcon_core.shell[0m [1;30mINFO[0m Creating environment hook '/Users/StevenOmole/Documents/ros_projects/ros_hand_gesture/install/description/share/description/hook/cmake_prefix_path.sh'
[19.964s] [34mcolcon.colcon_core.environment[0m [1;30mLevel 1[0m checking '/Users/StevenOmole/Documents/ros_projects/ros_hand_gesture/install/description/lib'
[19.964s] [34mcolcon.colcon_core.environment[0m [1;30mLevel 1[0m checking '/Users/StevenOmole/Documents/ros_projects/ros_hand_gesture/install/description/bin'
[19.965s] [34mcolcon.colcon_core.environment[0m [1;30mLevel 1[0m checking '/Users/StevenOmole/Documents/ros_projects/ros_hand_gesture/install/description/lib/pkgconfig/description.pc'
[19.966s] [34mcolcon.colcon_core.environment[0m [1;30mLevel 1[0m checking '/Users/StevenOmole/Documents/ros_projects/ros_hand_gesture/install/description/lib/python3.9/site-packages'
[19.966s] [34mcolcon.colcon_core.environment[0m [1;30mLevel 1[0m checking '/Users/StevenOmole/Documents/ros_projects/ros_hand_gesture/install/description/bin'
[19.967s] [34mcolcon.colcon_core.shell[0m [1;30mINFO[0m Creating package script '/Users/StevenOmole/Documents/ros_projects/ros_hand_gesture/install/description/share/description/package.ps1'
[19.970s] [34mcolcon.colcon_core.shell[0m [1;30mINFO[0m Creating package descriptor '/Users/StevenOmole/Documents/ros_projects/ros_hand_gesture/install/description/share/description/package.dsv'
[19.972s] [34mcolcon.colcon_core.shell[0m [1;30mINFO[0m Creating package script '/Users/StevenOmole/Documents/ros_projects/ros_hand_gesture/install/description/share/description/package.sh'
[19.974s] [34mcolcon.colcon_core.shell[0m [1;30mINFO[0m Creating package script '/Users/StevenOmole/Documents/ros_projects/ros_hand_gesture/install/description/share/description/package.bash'
[19.976s] [34mcolcon.colcon_core.shell[0m [1;30mINFO[0m Creating package script '/Users/StevenOmole/Documents/ros_projects/ros_hand_gesture/install/description/share/description/package.zsh'
[19.978s] [34mcolcon.colcon_core.environment[0m [1;30mLevel 1[0m create_file_with_runtime_dependencies(/Users/StevenOmole/Documents/ros_projects/ros_hand_gesture/install/description/share/colcon-core/packages/description)
[19.980s] [34mcolcon.colcon_core.environment[0m [1;30mLevel 1[0m create_environment_scripts_only(description)
[19.980s] [34mcolcon.colcon_core.environment[0m [1;30mLevel 1[0m checking '/Users/StevenOmole/Documents/ros_projects/ros_hand_gesture/install/description' for CMake module files
[19.981s] [34mcolcon.colcon_core.environment[0m [1;30mLevel 1[0m checking '/Users/StevenOmole/Documents/ros_projects/ros_hand_gesture/install/description' for CMake config files
[19.982s] [34mcolcon.colcon_core.shell[0m [1;30mLevel 1[0m create_environment_hook('description', 'cmake_prefix_path')
[19.983s] [34mcolcon.colcon_core.shell[0m [1;30mINFO[0m Creating environment hook '/Users/StevenOmole/Documents/ros_projects/ros_hand_gesture/install/description/share/description/hook/cmake_prefix_path.ps1'
[19.985s] [34mcolcon.colcon_core.shell[0m [1;30mINFO[0m Creating environment descriptor '/Users/StevenOmole/Documents/ros_projects/ros_hand_gesture/install/description/share/description/hook/cmake_prefix_path.dsv'
[19.988s] [34mcolcon.colcon_core.shell[0m [1;30mINFO[0m Creating environment hook '/Users/StevenOmole/Documents/ros_projects/ros_hand_gesture/install/description/share/description/hook/cmake_prefix_path.sh'
[19.991s] [34mcolcon.colcon_core.environment[0m [1;30mLevel 1[0m checking '/Users/StevenOmole/Documents/ros_projects/ros_hand_gesture/install/description/lib'
[19.991s] [34mcolcon.colcon_core.environment[0m [1;30mLevel 1[0m checking '/Users/StevenOmole/Documents/ros_projects/ros_hand_gesture/install/description/bin'
[19.992s] [34mcolcon.colcon_core.environment[0m [1;30mLevel 1[0m checking '/Users/StevenOmole/Documents/ros_projects/ros_hand_gesture/install/description/lib/pkgconfig/description.pc'
[19.993s] [34mcolcon.colcon_core.environment[0m [1;30mLevel 1[0m checking '/Users/StevenOmole/Documents/ros_projects/ros_hand_gesture/install/description/lib/python3.9/site-packages'
[19.994s] [34mcolcon.colcon_core.environment[0m [1;30mLevel 1[0m checking '/Users/StevenOmole/Documents/ros_projects/ros_hand_gesture/install/description/bin'
[19.995s] [34mcolcon.colcon_core.shell[0m [1;30mINFO[0m Creating package script '/Users/StevenOmole/Documents/ros_projects/ros_hand_gesture/install/description/share/description/package.ps1'
[19.997s] [34mcolcon.colcon_core.shell[0m [1;30mINFO[0m Creating package descriptor '/Users/StevenOmole/Documents/ros_projects/ros_hand_gesture/install/description/share/description/package.dsv'
[19.998s] [34mcolcon.colcon_core.shell[0m [1;30mINFO[0m Creating package script '/Users/StevenOmole/Documents/ros_projects/ros_hand_gesture/install/description/share/description/package.sh'
[20.000s] [34mcolcon.colcon_core.shell[0m [1;30mINFO[0m Creating package script '/Users/StevenOmole/Documents/ros_projects/ros_hand_gesture/install/description/share/description/package.bash'
[20.002s] [34mcolcon.colcon_core.shell[0m [1;30mINFO[0m Creating package script '/Users/StevenOmole/Documents/ros_projects/ros_hand_gesture/install/description/share/description/package.zsh'
[20.003s] [34mcolcon.colcon_core.environment[0m [1;30mLevel 1[0m create_file_with_runtime_dependencies(/Users/StevenOmole/Documents/ros_projects/ros_hand_gesture/install/description/share/colcon-core/packages/description)
[31.098s] [34mcolcon.colcon_core.event_handler.log_command[0m [1;30mDEBUG[0m [32mInvoked command in '/Users/StevenOmole/Documents/ros_projects/ros_hand_gesture/build/interfaces' returned '1': CMAKE_PREFIX_PATH=${CMAKE_PREFIX_PATH}:/Users/StevenOmole/Documents/ros_projects/ros_hand_gesture/install/controller CONDA_PROMPT_MODIFIER=(ros2_setup) SHLVL=2 _=/usr/bin/env /Users/StevenOmole/miniconda3/envs/ros2_setup/bin/cmake /Users/StevenOmole/Documents/ros_projects/ros_hand_gesture/src/interfaces -DCMAKE_PREFIX_PATH=/Users/StevenOmole/miniconda3/envs/ros2_setup -DPython3_EXECUTABLE=/Users/StevenOmole/miniconda3/envs/ros2_setup/bin/python3 -DPython3_FIND_STRATEGY=LOCATION -DPython3_FIND_FRAMEWORK=NEVER -DCMAKE_INSTALL_PREFIX=/Users/StevenOmole/Documents/ros_projects/ros_hand_gesture/install/interfaces[0m
[31.184s] [34mcolcon.colcon_core.environment[0m [1;30mLevel 1[0m create_environment_scripts_only(interfaces)
[31.185s] [34mcolcon.colcon_core.environment[0m [1;30mLevel 1[0m checking '/Users/StevenOmole/Documents/ros_projects/ros_hand_gesture/install/interfaces' for CMake module files
[31.186s] [34mcolcon.colcon_core.environment[0m [1;30mLevel 1[0m checking '/Users/StevenOmole/Documents/ros_projects/ros_hand_gesture/install/interfaces' for CMake config files
[31.186s] [34mcolcon.colcon_core.environment[0m [1;30mLevel 1[0m checking '/Users/StevenOmole/Documents/ros_projects/ros_hand_gesture/install/interfaces/lib'
[31.186s] [34mcolcon.colcon_core.environment[0m [1;30mLevel 1[0m checking '/Users/StevenOmole/Documents/ros_projects/ros_hand_gesture/install/interfaces/bin'
[31.187s] [34mcolcon.colcon_core.environment[0m [1;30mLevel 1[0m checking '/Users/StevenOmole/Documents/ros_projects/ros_hand_gesture/install/interfaces/lib/pkgconfig/interfaces.pc'
[31.187s] [34mcolcon.colcon_core.environment[0m [1;30mLevel 1[0m checking '/Users/StevenOmole/Documents/ros_projects/ros_hand_gesture/install/interfaces/lib/python3.9/site-packages'
[31.188s] [34mcolcon.colcon_core.environment[0m [1;30mLevel 1[0m checking '/Users/StevenOmole/Documents/ros_projects/ros_hand_gesture/install/interfaces/bin'
[31.189s] [34mcolcon.colcon_core.shell[0m [1;30mINFO[0m Creating package script '/Users/StevenOmole/Documents/ros_projects/ros_hand_gesture/install/interfaces/share/interfaces/package.ps1'
[31.192s] [34mcolcon.colcon_core.shell[0m [1;30mINFO[0m Creating package descriptor '/Users/StevenOmole/Documents/ros_projects/ros_hand_gesture/install/interfaces/share/interfaces/package.dsv'
[31.193s] [34mcolcon.colcon_core.shell[0m [1;30mINFO[0m Creating package script '/Users/StevenOmole/Documents/ros_projects/ros_hand_gesture/install/interfaces/share/interfaces/package.sh'
[31.194s] [34mcolcon.colcon_core.shell[0m [1;30mINFO[0m Creating package script '/Users/StevenOmole/Documents/ros_projects/ros_hand_gesture/install/interfaces/share/interfaces/package.bash'
[31.195s] [34mcolcon.colcon_core.shell[0m [1;30mINFO[0m Creating package script '/Users/StevenOmole/Documents/ros_projects/ros_hand_gesture/install/interfaces/share/interfaces/package.zsh'
[31.197s] [34mcolcon.colcon_core.environment[0m [1;30mLevel 1[0m create_file_with_runtime_dependencies(/Users/StevenOmole/Documents/ros_projects/ros_hand_gesture/install/interfaces/share/colcon-core/packages/interfaces)
[31.199s] [34mcolcon.colcon_parallel_executor.executor.parallel[0m [1;30mDEBUG[0m [32mclosing loop[0m
[31.199s] [34mcolcon.colcon_parallel_executor.executor.parallel[0m [1;30mDEBUG[0m [32mloop closed[0m
[31.199s] [34mcolcon.colcon_parallel_executor.executor.parallel[0m [1;30mDEBUG[0m [32mrun_until_complete finished with '1'[0m
[31.200s] [34mcolcon.colcon_core.event_reactor[0m [1;30mDEBUG[0m [32mjoining thread[0m
[31.208s] [34mcolcon.colcon_core.plugin_system[0m [1;30mINFO[0m Skipping extension 'colcon_notification.desktop_notification.notify2': 'notify2' not found
[31.208s] [34mcolcon.colcon_core.plugin_system[0m [1;30mINFO[0m Skipping extension 'colcon_notification.desktop_notification.notify_send': Not used on non-Linux systems
[31.208s] [34mcolcon.colcon_core.plugin_system[0m [1;30mINFO[0m Skipping extension 'colcon_notification.desktop_notification.win32': Not used on non-Windows systems
[31.208s] [34mcolcon.colcon_notification.desktop_notification[0m [1;30mINFO[0m Sending desktop notification using 'terminal_notifier'
[31.287s] [34mcolcon.colcon_core.event_reactor[0m [1;30mDEBUG[0m [32mjoined thread[0m
[31.290s] [34mcolcon.colcon_core.shell[0m [1;30mINFO[0m Creating prefix script '/Users/StevenOmole/Documents/ros_projects/ros_hand_gesture/install/local_setup.ps1'
[31.295s] [34mcolcon.colcon_core.shell[0m [1;30mINFO[0m Creating prefix util module '/Users/StevenOmole/Documents/ros_projects/ros_hand_gesture/install/_local_setup_util_ps1.py'
[31.300s] [34mcolcon.colcon_core.shell[0m [1;30mINFO[0m Creating prefix chain script '/Users/StevenOmole/Documents/ros_projects/ros_hand_gesture/install/setup.ps1'
[31.306s] [34mcolcon.colcon_core.shell[0m [1;30mINFO[0m Creating prefix script '/Users/StevenOmole/Documents/ros_projects/ros_hand_gesture/install/local_setup.sh'
[31.309s] [34mcolcon.colcon_core.shell[0m [1;30mINFO[0m Creating prefix util module '/Users/StevenOmole/Documents/ros_projects/ros_hand_gesture/install/_local_setup_util_sh.py'
[31.310s] [34mcolcon.colcon_core.shell[0m [1;30mINFO[0m Creating prefix chain script '/Users/StevenOmole/Documents/ros_projects/ros_hand_gesture/install/setup.sh'
[31.315s] [34mcolcon.colcon_core.shell[0m [1;30mINFO[0m Creating prefix script '/Users/StevenOmole/Documents/ros_projects/ros_hand_gesture/install/local_setup.bash'
[31.318s] [34mcolcon.colcon_core.shell[0m [1;30mINFO[0m Creating prefix chain script '/Users/StevenOmole/Documents/ros_projects/ros_hand_gesture/install/setup.bash'
[31.322s] [34mcolcon.colcon_core.shell[0m [1;30mINFO[0m Creating prefix script '/Users/StevenOmole/Documents/ros_projects/ros_hand_gesture/install/local_setup.zsh'
[31.325s] [34mcolcon.colcon_core.shell[0m [1;30mINFO[0m Creating prefix chain script '/Users/StevenOmole/Documents/ros_projects/ros_hand_gesture/install/setup.zsh'
