CMake Deprecation Warning at CMakeLists.txt:1 (cmake_minimum_required):
  Compatibility with CMake < 3.10 will be removed from a future version of
  CMake.

  Update the VERSION argument <min> value.  Or, use the <min>...<max> syntax
  to tell CMake that the project requires at least <min> but has been updated
  to work with policies introduced by <max> or earlier.


CMake Warning (dev) at /Users/StevenOmole/miniconda3/envs/ros_env/share/python_cmake_module/cmake/Modules/FindPythonExtra.cmake:52 (find_package):
  Policy CMP0148 is not set: The FindPythonInterp and FindPythonLibs modules
  are removed.  Run "cmake --help-policy CMP0148" for policy details.  Use
  the cmake_policy command to set the policy and suppress this warning.

Call Stack (most recent call first):
  /Users/StevenOmole/miniconda3/envs/ros_env/share/rosidl_generator_py/cmake/rosidl_generator_py_generate_interfaces.cmake:33 (find_package)
  /Users/StevenOmole/miniconda3/envs/ros_env/share/ament_cmake_core/cmake/core/ament_execute_extensions.cmake:48 (include)
  /Users/StevenOmole/miniconda3/envs/ros_env/share/rosidl_cmake/cmake/rosidl_generate_interfaces.cmake:286 (ament_execute_extensions)
  CMakeLists.txt:12 (rosidl_generate_interfaces)
This warning is for project developers.  Use -Wno-dev to suppress it.

ld: warning: search path '/Users/StevenOmole/miniconda3/envs/ros2_setup/lib' not found
ld: warning: search path '/Users/StevenOmole/miniconda3/envs/ros2_setup/lib' not found
ld: warning: search path '/Users/StevenOmole/miniconda3/envs/ros2_setup/lib' not found
ld: warning: search path '/Users/StevenOmole/miniconda3/envs/ros2_setup/lib' not found
ld: warning: search path '/Users/StevenOmole/miniconda3/envs/ros2_setup/lib' not found
ld: warning: search path '/Users/StevenOmole/miniconda3/envs/ros2_setup/lib' not found
ld: warning: search path '/Users/StevenOmole/miniconda3/envs/ros2_setup/lib' not found
ld: warning: search path '/Users/StevenOmole/miniconda3/envs/ros2_setup/lib' not found
ld: warning: search path '/Users/StevenOmole/miniconda3/envs/ros2_setup/lib' not found
ld: warning: search path '/Users/StevenOmole/miniconda3/envs/ros2_setup/lib' not found
ld: warning: search path '/Users/StevenOmole/miniconda3/envs/ros2_setup/lib' not found
