-- The C compiler identification is AppleClang 17.0.0.17000013
-- The CXX compiler identification is AppleClang 17.0.0.17000013
-- Detecting C compiler ABI info
-- Detecting C compiler ABI info - done
-- Check for working C compiler: /usr/bin/clang - skipped
-- Detecting C compile features
-- Detecting C compile features - done
-- Detecting CXX compiler ABI info
-- Detecting CXX compiler ABI info - done
-- Check for working CXX compiler: /usr/bin/clang++ - skipped
-- Detecting CXX compile features
-- Detecting CXX compile features - done
-- Found ament_cmake: 1.3.12 (/Users/StevenOmole/miniconda3/envs/ros_env/share/ament_cmake/cmake)
-- Found Python3: /Users/StevenOmole/miniconda3/envs/ros_env/bin/python3 (found version "3.11.15") found components: Interpreter
-- Found rosidl_default_generators: 1.2.0 (/Users/StevenOmole/miniconda3/envs/ros_env/share/rosidl_default_generators/cmake)
-- Using all available rosidl_typesupport_c: rosidl_typesupport_fastrtps_c;rosidl_typesupport_introspection_c
-- Found rosidl_adapter: 3.1.6 (/Users/StevenOmole/miniconda3/envs/ros_env/share/rosidl_adapter/cmake)
-- Using all available rosidl_typesupport_cpp: rosidl_typesupport_fastrtps_cpp;rosidl_typesupport_introspection_cpp
-- Found ament_cmake_ros: 0.10.0 (/Users/StevenOmole/miniconda3/envs/ros_env/share/ament_cmake_ros/cmake)
-- Using all available rosidl_typesupport_c: rosidl_typesupport_fastrtps_c;rosidl_typesupport_introspection_c
-- Using all available rosidl_typesupport_cpp: rosidl_typesupport_fastrtps_cpp;rosidl_typesupport_introspection_cpp
-- Found python_cmake_module: 0.10.0 (/Users/StevenOmole/miniconda3/envs/ros_env/share/python_cmake_module/cmake)
-- Found PythonInterp: /Users/StevenOmole/miniconda3/envs/ros_env/bin/python3 (found suitable version "3.11.15", minimum required is "3.6")
-- Using PythonExtra_INCLUDE_DIRS: /Users/StevenOmole/miniconda3/envs/ros_env/include/python3.11;/Users/StevenOmole/miniconda3/envs/ros_env/include/python3.11
-- Using PythonExtra_LIBRARIES: /Users/StevenOmole/miniconda3/envs/ros_env/lib/libpython3.11.dylib
-- Found PythonExtra: .so
-- Found Python: /Users/StevenOmole/miniconda3/envs/ros_env/bin/python (found version "3.11.15") found components: Interpreter Development NumPy Development.Module Development.Embed
-- Found ament_lint_auto: 0.12.12 (/Users/StevenOmole/miniconda3/envs/ros_env/share/ament_lint_auto/cmake)
-- Added test 'lint_cmake' to check CMake code style
-- Added test 'xmllint' to check XML markup files
-- Configuring done (12.0s)
-- Generating done (0.2s)
-- Build files have been written to: /Users/StevenOmole/Documents/ros_projects/ros_hand_gesture/build/interfaces
[  2%] Generating C code for ROS interfaces
[  4%] Generating C++ code for ROS interfaces
[  4%] Built target ament_cmake_python_copy_interfaces
running egg_info
creating interfaces.egg-info
writing interfaces.egg-info/PKG-INFO
writing dependency_links to interfaces.egg-info/dependency_links.txt
writing top-level names to interfaces.egg-info/top_level.txt
writing manifest file 'interfaces.egg-info/SOURCES.txt'
reading manifest file 'interfaces.egg-info/SOURCES.txt'
writing manifest file 'interfaces.egg-info/SOURCES.txt'
[  6%] Building C object CMakeFiles/interfaces__rosidl_generator_c.dir/rosidl_generator_c/interfaces/srv/detail/set_finger__functions.c.o
[  8%] Building C object CMakeFiles/interfaces__rosidl_generator_c.dir/rosidl_generator_c/interfaces/msg/detail/finger_state__functions.c.o
[ 10%] Building C object CMakeFiles/interfaces__rosidl_generator_c.dir/rosidl_generator_c/interfaces/action/detail/gesture__functions.c.o
[ 10%] Built target interfaces__cpp
[ 10%] Built target ament_cmake_python_build_interfaces_egg
[ 14%] Generating C++ type support for eProsima Fast-RTPS
[ 14%] Generating C++ type support dispatch for ROS interfaces
[ 17%] Generating C++ introspection for ROS interfaces
[ 19%] Linking C shared library libinterfaces__rosidl_generator_c.dylib
[ 21%] Building CXX object CMakeFiles/interfaces__rosidl_typesupport_cpp.dir/rosidl_typesupport_cpp/interfaces/msg/finger_state__type_support.cpp.o
[ 23%] Building CXX object CMakeFiles/interfaces__rosidl_typesupport_cpp.dir/rosidl_typesupport_cpp/interfaces/srv/set_finger__type_support.cpp.o
[ 25%] Building CXX object CMakeFiles/interfaces__rosidl_typesupport_cpp.dir/rosidl_typesupport_cpp/interfaces/action/gesture__type_support.cpp.o
[ 27%] Building CXX object CMakeFiles/interfaces__rosidl_typesupport_introspection_cpp.dir/rosidl_typesupport_introspection_cpp/interfaces/msg/detail/finger_state__type_support.cpp.o
[ 29%] Building CXX object CMakeFiles/interfaces__rosidl_typesupport_introspection_cpp.dir/rosidl_typesupport_introspection_cpp/interfaces/srv/detail/set_finger__type_support.cpp.o
[ 29%] Built target interfaces__rosidl_generator_c
[ 31%] Building CXX object CMakeFiles/interfaces__rosidl_typesupport_introspection_cpp.dir/rosidl_typesupport_introspection_cpp/interfaces/action/detail/gesture__type_support.cpp.o
[ 34%] Generating C type support for eProsima Fast-RTPS
[ 36%] Building CXX object CMakeFiles/interfaces__rosidl_typesupport_fastrtps_cpp.dir/rosidl_typesupport_fastrtps_cpp/interfaces/msg/detail/dds_fastrtps/finger_state__type_support.cpp.o
[ 38%] Building CXX object CMakeFiles/interfaces__rosidl_typesupport_fastrtps_cpp.dir/rosidl_typesupport_fastrtps_cpp/interfaces/srv/detail/dds_fastrtps/set_finger__type_support.cpp.o
[ 40%] Generating C introspection for ROS interfaces
[ 42%] Generating C type support dispatch for ROS interfaces
[ 44%] Building CXX object CMakeFiles/interfaces__rosidl_typesupport_fastrtps_cpp.dir/rosidl_typesupport_fastrtps_cpp/interfaces/action/detail/dds_fastrtps/gesture__type_support.cpp.o
[ 46%] Building CXX object CMakeFiles/interfaces__rosidl_typesupport_fastrtps_c.dir/rosidl_typesupport_fastrtps_c/interfaces/msg/detail/finger_state__type_support_c.cpp.o
[ 48%] Building CXX object CMakeFiles/interfaces__rosidl_typesupport_fastrtps_c.dir/rosidl_typesupport_fastrtps_c/interfaces/srv/detail/set_finger__type_support_c.cpp.o
[ 51%] Linking CXX shared library libinterfaces__rosidl_typesupport_cpp.dylib
[ 53%] Linking CXX shared library libinterfaces__rosidl_typesupport_introspection_cpp.dylib
[ 53%] Built target interfaces__rosidl_typesupport_cpp
[ 55%] Building CXX object CMakeFiles/interfaces__rosidl_typesupport_fastrtps_c.dir/rosidl_typesupport_fastrtps_c/interfaces/action/detail/gesture__type_support_c.cpp.o
[ 55%] Built target interfaces__rosidl_typesupport_introspection_cpp
[ 57%] Building CXX object CMakeFiles/interfaces__rosidl_typesupport_c.dir/rosidl_typesupport_c/interfaces/msg/finger_state__type_support.cpp.o
[ 59%] Building CXX object CMakeFiles/interfaces__rosidl_typesupport_c.dir/rosidl_typesupport_c/interfaces/srv/set_finger__type_support.cpp.o
[ 61%] Building CXX object CMakeFiles/interfaces__rosidl_typesupport_c.dir/rosidl_typesupport_c/interfaces/action/gesture__type_support.cpp.o
[ 63%] Building C object CMakeFiles/interfaces__rosidl_typesupport_introspection_c.dir/rosidl_typesupport_introspection_c/interfaces/msg/detail/finger_state__type_support.c.o
[ 65%] Building C object CMakeFiles/interfaces__rosidl_typesupport_introspection_c.dir/rosidl_typesupport_introspection_c/interfaces/srv/detail/set_finger__type_support.c.o
[ 68%] Building C object CMakeFiles/interfaces__rosidl_typesupport_introspection_c.dir/rosidl_typesupport_introspection_c/interfaces/action/detail/gesture__type_support.c.o
[ 70%] Linking CXX shared library libinterfaces__rosidl_typesupport_c.dylib
[ 72%] Linking C shared library libinterfaces__rosidl_typesupport_introspection_c.dylib
[ 72%] Built target interfaces__rosidl_typesupport_c
[ 72%] Built target interfaces__rosidl_typesupport_introspection_c
[ 74%] Linking CXX shared library libinterfaces__rosidl_typesupport_fastrtps_cpp.dylib
[ 74%] Built target interfaces__rosidl_typesupport_fastrtps_cpp
[ 76%] Linking CXX shared library libinterfaces__rosidl_typesupport_fastrtps_c.dylib
[ 76%] Built target interfaces__rosidl_typesupport_fastrtps_c
[ 76%] Built target interfaces
[ 78%] Generating Python code for ROS interfaces
[ 78%] Built target interfaces__py
[ 80%] Building C object CMakeFiles/interfaces__rosidl_generator_py.dir/rosidl_generator_py/interfaces/msg/_finger_state_s.c.o
[ 82%] Building C object CMakeFiles/interfaces__rosidl_generator_py.dir/rosidl_generator_py/interfaces/action/_gesture_s.c.o
[ 85%] Building C object CMakeFiles/interfaces__rosidl_generator_py.dir/rosidl_generator_py/interfaces/srv/_set_finger_s.c.o
[ 87%] Linking C shared library rosidl_generator_py/interfaces/libinterfaces__rosidl_generator_py.dylib
[ 87%] Built target interfaces__rosidl_generator_py
[ 89%] Building C object CMakeFiles/interfaces__rosidl_typesupport_fastrtps_c__pyext.dir/rosidl_generator_py/interfaces/_interfaces_s.ep.rosidl_typesupport_fastrtps_c.c.o
[ 91%] Building C object CMakeFiles/interfaces__rosidl_typesupport_c__pyext.dir/rosidl_generator_py/interfaces/_interfaces_s.ep.rosidl_typesupport_c.c.o
[ 93%] Building C object CMakeFiles/interfaces__rosidl_typesupport_introspection_c__pyext.dir/rosidl_generator_py/interfaces/_interfaces_s.ep.rosidl_typesupport_introspection_c.c.o
[ 95%] Linking C shared library rosidl_generator_py/interfaces/interfaces_s__rosidl_typesupport_fastrtps_c.cpython-311-darwin.so
[ 97%] Linking C shared library rosidl_generator_py/interfaces/interfaces_s__rosidl_typesupport_introspection_c.cpython-311-darwin.so
[100%] Linking C shared library rosidl_generator_py/interfaces/interfaces_s__rosidl_typesupport_c.cpython-311-darwin.so
[100%] Built target interfaces__rosidl_typesupport_c__pyext
[100%] Built target interfaces__rosidl_typesupport_fastrtps_c__pyext
[100%] Built target interfaces__rosidl_typesupport_introspection_c__pyext
-- Install configuration: ""
-- Installing: /Users/StevenOmole/Documents/ros_projects/ros_hand_gesture/install/interfaces/share/ament_index/resource_index/rosidl_interfaces/interfaces
-- Installing: /Users/StevenOmole/Documents/ros_projects/ros_hand_gesture/install/interfaces/include/interfaces/interfaces
-- Installing: /Users/StevenOmole/Documents/ros_projects/ros_hand_gesture/install/interfaces/include/interfaces/interfaces/msg
-- Installing: /Users/StevenOmole/Documents/ros_projects/ros_hand_gesture/install/interfaces/include/interfaces/interfaces/msg/rosidl_generator_c__visibility_control.h
-- Installing: /Users/StevenOmole/Documents/ros_projects/ros_hand_gesture/install/interfaces/include/interfaces/interfaces/msg/detail
-- Installing: /Users/StevenOmole/Documents/ros_projects/ros_hand_gesture/install/interfaces/include/interfaces/interfaces/msg/detail/finger_state__functions.c
-- Installing: /Users/StevenOmole/Documents/ros_projects/ros_hand_gesture/install/interfaces/include/interfaces/interfaces/msg/detail/finger_state__functions.h
-- Installing: /Users/StevenOmole/Documents/ros_projects/ros_hand_gesture/install/interfaces/include/interfaces/interfaces/msg/detail/finger_state__type_support.h
-- Installing: /Users/StevenOmole/Documents/ros_projects/ros_hand_gesture/install/interfaces/include/interfaces/interfaces/msg/detail/finger_state__struct.h
-- Installing: /Users/StevenOmole/Documents/ros_projects/ros_hand_gesture/install/interfaces/include/interfaces/interfaces/msg/finger_state.h
-- Installing: /Users/StevenOmole/Documents/ros_projects/ros_hand_gesture/install/interfaces/include/interfaces/interfaces/action
-- Installing: /Users/StevenOmole/Documents/ros_projects/ros_hand_gesture/install/interfaces/include/interfaces/interfaces/action/detail
-- Installing: /Users/StevenOmole/Documents/ros_projects/ros_hand_gesture/install/interfaces/include/interfaces/interfaces/action/detail/gesture__functions.h
-- Installing: /Users/StevenOmole/Documents/ros_projects/ros_hand_gesture/install/interfaces/include/interfaces/interfaces/action/detail/gesture__functions.c
-- Installing: /Users/StevenOmole/Documents/ros_projects/ros_hand_gesture/install/interfaces/include/interfaces/interfaces/action/detail/gesture__type_support.h
-- Installing: /Users/StevenOmole/Documents/ros_projects/ros_hand_gesture/install/interfaces/include/interfaces/interfaces/action/detail/gesture__struct.h
-- Installing: /Users/StevenOmole/Documents/ros_projects/ros_hand_gesture/install/interfaces/include/interfaces/interfaces/action/gesture.h
-- Installing: /Users/StevenOmole/Documents/ros_projects/ros_hand_gesture/install/interfaces/include/interfaces/interfaces/srv
-- Installing: /Users/StevenOmole/Documents/ros_projects/ros_hand_gesture/install/interfaces/include/interfaces/interfaces/srv/set_finger.h
-- Installing: /Users/StevenOmole/Documents/ros_projects/ros_hand_gesture/install/interfaces/include/interfaces/interfaces/srv/detail
-- Installing: /Users/StevenOmole/Documents/ros_projects/ros_hand_gesture/install/interfaces/include/interfaces/interfaces/srv/detail/set_finger__functions.h
-- Installing: /Users/StevenOmole/Documents/ros_projects/ros_hand_gesture/install/interfaces/include/interfaces/interfaces/srv/detail/set_finger__type_support.h
-- Installing: /Users/StevenOmole/Documents/ros_projects/ros_hand_gesture/install/interfaces/include/interfaces/interfaces/srv/detail/set_finger__functions.c
-- Installing: /Users/StevenOmole/Documents/ros_projects/ros_hand_gesture/install/interfaces/include/interfaces/interfaces/srv/detail/set_finger__struct.h
-- Installing: /Users/StevenOmole/Documents/ros_projects/ros_hand_gesture/install/interfaces/lib/libinterfaces__rosidl_generator_c.dylib
-- Up-to-date: /Users/StevenOmole/Documents/ros_projects/ros_hand_gesture/install/interfaces/include/interfaces/interfaces
-- Up-to-date: /Users/StevenOmole/Documents/ros_projects/ros_hand_gesture/install/interfaces/include/interfaces/interfaces/msg
-- Up-to-date: /Users/StevenOmole/Documents/ros_projects/ros_hand_gesture/install/interfaces/include/interfaces/interfaces/msg/detail
-- Installing: /Users/StevenOmole/Documents/ros_projects/ros_hand_gesture/install/interfaces/include/interfaces/interfaces/msg/detail/finger_state__rosidl_typesupport_fastrtps_c.h
-- Installing: /Users/StevenOmole/Documents/ros_projects/ros_hand_gesture/install/interfaces/include/interfaces/interfaces/msg/rosidl_typesupport_fastrtps_c__visibility_control.h
-- Up-to-date: /Users/StevenOmole/Documents/ros_projects/ros_hand_gesture/install/interfaces/include/interfaces/interfaces/action
-- Up-to-date: /Users/StevenOmole/Documents/ros_projects/ros_hand_gesture/install/interfaces/include/interfaces/interfaces/action/detail
-- Installing: /Users/StevenOmole/Documents/ros_projects/ros_hand_gesture/install/interfaces/include/interfaces/interfaces/action/detail/gesture__rosidl_typesupport_fastrtps_c.h
-- Up-to-date: /Users/StevenOmole/Documents/ros_projects/ros_hand_gesture/install/interfaces/include/interfaces/interfaces/srv
-- Up-to-date: /Users/StevenOmole/Documents/ros_projects/ros_hand_gesture/install/interfaces/include/interfaces/interfaces/srv/detail
-- Installing: /Users/StevenOmole/Documents/ros_projects/ros_hand_gesture/install/interfaces/include/interfaces/interfaces/srv/detail/set_finger__rosidl_typesupport_fastrtps_c.h
-- Installing: /Users/StevenOmole/Documents/ros_projects/ros_hand_gesture/install/interfaces/lib/libinterfaces__rosidl_typesupport_fastrtps_c.dylib
-- Up-to-date: /Users/StevenOmole/Documents/ros_projects/ros_hand_gesture/install/interfaces/include/interfaces/interfaces
-- Up-to-date: /Users/StevenOmole/Documents/ros_projects/ros_hand_gesture/install/interfaces/include/interfaces/interfaces/msg
-- Up-to-date: /Users/StevenOmole/Documents/ros_projects/ros_hand_gesture/install/interfaces/include/interfaces/interfaces/msg/detail
-- Installing: /Users/StevenOmole/Documents/ros_projects/ros_hand_gesture/install/interfaces/include/interfaces/interfaces/msg/detail/finger_state__rosidl_typesupport_introspection_c.h
-- Installing: /Users/StevenOmole/Documents/ros_projects/ros_hand_gesture/install/interfaces/include/interfaces/interfaces/msg/detail/finger_state__type_support.c
-- Installing: /Users/StevenOmole/Documents/ros_projects/ros_hand_gesture/install/interfaces/include/interfaces/interfaces/msg/rosidl_typesupport_introspection_c__visibility_control.h
-- Up-to-date: /Users/StevenOmole/Documents/ros_projects/ros_hand_gesture/install/interfaces/include/interfaces/interfaces/action
-- Up-to-date: /Users/StevenOmole/Documents/ros_projects/ros_hand_gesture/install/interfaces/include/interfaces/interfaces/action/detail
-- Installing: /Users/StevenOmole/Documents/ros_projects/ros_hand_gesture/install/interfaces/include/interfaces/interfaces/action/detail/gesture__type_support.c
-- Installing: /Users/StevenOmole/Documents/ros_projects/ros_hand_gesture/install/interfaces/include/interfaces/interfaces/action/detail/gesture__rosidl_typesupport_introspection_c.h
-- Up-to-date: /Users/StevenOmole/Documents/ros_projects/ros_hand_gesture/install/interfaces/include/interfaces/interfaces/srv
-- Up-to-date: /Users/StevenOmole/Documents/ros_projects/ros_hand_gesture/install/interfaces/include/interfaces/interfaces/srv/detail
-- Installing: /Users/StevenOmole/Documents/ros_projects/ros_hand_gesture/install/interfaces/include/interfaces/interfaces/srv/detail/set_finger__rosidl_typesupport_introspection_c.h
-- Installing: /Users/StevenOmole/Documents/ros_projects/ros_hand_gesture/install/interfaces/include/interfaces/interfaces/srv/detail/set_finger__type_support.c
-- Installing: /Users/StevenOmole/Documents/ros_projects/ros_hand_gesture/install/interfaces/lib/libinterfaces__rosidl_typesupport_introspection_c.dylib
-- Installing: /Users/StevenOmole/Documents/ros_projects/ros_hand_gesture/install/interfaces/lib/libinterfaces__rosidl_typesupport_c.dylib
-- Up-to-date: /Users/StevenOmole/Documents/ros_projects/ros_hand_gesture/install/interfaces/include/interfaces/interfaces
-- Up-to-date: /Users/StevenOmole/Documents/ros_projects/ros_hand_gesture/install/interfaces/include/interfaces/interfaces/msg
-- Up-to-date: /Users/StevenOmole/Documents/ros_projects/ros_hand_gesture/install/interfaces/include/interfaces/interfaces/msg/detail
-- Installing: /Users/StevenOmole/Documents/ros_projects/ros_hand_gesture/install/interfaces/include/interfaces/interfaces/msg/detail/finger_state__type_support.hpp
-- Installing: /Users/StevenOmole/Documents/ros_projects/ros_hand_gesture/install/interfaces/include/interfaces/interfaces/msg/detail/finger_state__struct.hpp
-- Installing: /Users/StevenOmole/Documents/ros_projects/ros_hand_gesture/install/interfaces/include/interfaces/interfaces/msg/detail/finger_state__builder.hpp
-- Installing: /Users/StevenOmole/Documents/ros_projects/ros_hand_gesture/install/interfaces/include/interfaces/interfaces/msg/detail/finger_state__traits.hpp
-- Installing: /Users/StevenOmole/Documents/ros_projects/ros_hand_gesture/install/interfaces/include/interfaces/interfaces/msg/rosidl_generator_cpp__visibility_control.hpp
-- Installing: /Users/StevenOmole/Documents/ros_projects/ros_hand_gesture/install/interfaces/include/interfaces/interfaces/msg/finger_state.hpp
-- Up-to-date: /Users/StevenOmole/Documents/ros_projects/ros_hand_gesture/install/interfaces/include/interfaces/interfaces/action
-- Up-to-date: /Users/StevenOmole/Documents/ros_projects/ros_hand_gesture/install/interfaces/include/interfaces/interfaces/action/detail
-- Installing: /Users/StevenOmole/Documents/ros_projects/ros_hand_gesture/install/interfaces/include/interfaces/interfaces/action/detail/gesture__traits.hpp
-- Installing: /Users/StevenOmole/Documents/ros_projects/ros_hand_gesture/install/interfaces/include/interfaces/interfaces/action/detail/gesture__type_support.hpp
-- Installing: /Users/StevenOmole/Documents/ros_projects/ros_hand_gesture/install/interfaces/include/interfaces/interfaces/action/detail/gesture__struct.hpp
-- Installing: /Users/StevenOmole/Documents/ros_projects/ros_hand_gesture/install/interfaces/include/interfaces/interfaces/action/detail/gesture__builder.hpp
-- Installing: /Users/StevenOmole/Documents/ros_projects/ros_hand_gesture/install/interfaces/include/interfaces/interfaces/action/gesture.hpp
-- Up-to-date: /Users/StevenOmole/Documents/ros_projects/ros_hand_gesture/install/interfaces/include/interfaces/interfaces/srv
-- Up-to-date: /Users/StevenOmole/Documents/ros_projects/ros_hand_gesture/install/interfaces/include/interfaces/interfaces/srv/detail
-- Installing: /Users/StevenOmole/Documents/ros_projects/ros_hand_gesture/install/interfaces/include/interfaces/interfaces/srv/detail/set_finger__traits.hpp
-- Installing: /Users/StevenOmole/Documents/ros_projects/ros_hand_gesture/install/interfaces/include/interfaces/interfaces/srv/detail/set_finger__type_support.hpp
-- Installing: /Users/StevenOmole/Documents/ros_projects/ros_hand_gesture/install/interfaces/include/interfaces/interfaces/srv/detail/set_finger__struct.hpp
-- Installing: /Users/StevenOmole/Documents/ros_projects/ros_hand_gesture/install/interfaces/include/interfaces/interfaces/srv/detail/set_finger__builder.hpp
-- Installing: /Users/StevenOmole/Documents/ros_projects/ros_hand_gesture/install/interfaces/include/interfaces/interfaces/srv/set_finger.hpp
-- Up-to-date: /Users/StevenOmole/Documents/ros_projects/ros_hand_gesture/install/interfaces/include/interfaces/interfaces
-- Up-to-date: /Users/StevenOmole/Documents/ros_projects/ros_hand_gesture/install/interfaces/include/interfaces/interfaces/msg
-- Installing: /Users/StevenOmole/Documents/ros_projects/ros_hand_gesture/install/interfaces/include/interfaces/interfaces/msg/rosidl_typesupport_fastrtps_cpp__visibility_control.h
-- Up-to-date: /Users/StevenOmole/Documents/ros_projects/ros_hand_gesture/install/interfaces/include/interfaces/interfaces/msg/detail
-- Installing: /Users/StevenOmole/Documents/ros_projects/ros_hand_gesture/install/interfaces/include/interfaces/interfaces/msg/detail/finger_state__rosidl_typesupport_fastrtps_cpp.hpp
-- Installing: /Users/StevenOmole/Documents/ros_projects/ros_hand_gesture/install/interfaces/include/interfaces/interfaces/msg/detail/dds_fastrtps
-- Up-to-date: /Users/StevenOmole/Documents/ros_projects/ros_hand_gesture/install/interfaces/include/interfaces/interfaces/action
-- Up-to-date: /Users/StevenOmole/Documents/ros_projects/ros_hand_gesture/install/interfaces/include/interfaces/interfaces/action/detail
-- Installing: /Users/StevenOmole/Documents/ros_projects/ros_hand_gesture/install/interfaces/include/interfaces/interfaces/action/detail/gesture__rosidl_typesupport_fastrtps_cpp.hpp
-- Installing: /Users/StevenOmole/Documents/ros_projects/ros_hand_gesture/install/interfaces/include/interfaces/interfaces/action/detail/dds_fastrtps
-- Up-to-date: /Users/StevenOmole/Documents/ros_projects/ros_hand_gesture/install/interfaces/include/interfaces/interfaces/srv
-- Up-to-date: /Users/StevenOmole/Documents/ros_projects/ros_hand_gesture/install/interfaces/include/interfaces/interfaces/srv/detail
-- Installing: /Users/StevenOmole/Documents/ros_projects/ros_hand_gesture/install/interfaces/include/interfaces/interfaces/srv/detail/set_finger__rosidl_typesupport_fastrtps_cpp.hpp
-- Installing: /Users/StevenOmole/Documents/ros_projects/ros_hand_gesture/install/interfaces/include/interfaces/interfaces/srv/detail/dds_fastrtps
-- Installing: /Users/StevenOmole/Documents/ros_projects/ros_hand_gesture/install/interfaces/lib/libinterfaces__rosidl_typesupport_fastrtps_cpp.dylib
-- Up-to-date: /Users/StevenOmole/Documents/ros_projects/ros_hand_gesture/install/interfaces/include/interfaces/interfaces
-- Up-to-date: /Users/StevenOmole/Documents/ros_projects/ros_hand_gesture/install/interfaces/include/interfaces/interfaces/msg
-- Up-to-date: /Users/StevenOmole/Documents/ros_projects/ros_hand_gesture/install/interfaces/include/interfaces/interfaces/msg/detail
-- Installing: /Users/StevenOmole/Documents/ros_projects/ros_hand_gesture/install/interfaces/include/interfaces/interfaces/msg/detail/finger_state__rosidl_typesupport_introspection_cpp.hpp
-- Installing: /Users/StevenOmole/Documents/ros_projects/ros_hand_gesture/install/interfaces/include/interfaces/interfaces/msg/detail/finger_state__type_support.cpp
-- Up-to-date: /Users/StevenOmole/Documents/ros_projects/ros_hand_gesture/install/interfaces/include/interfaces/interfaces/action
-- Up-to-date: /Users/StevenOmole/Documents/ros_projects/ros_hand_gesture/install/interfaces/include/interfaces/interfaces/action/detail
-- Installing: /Users/StevenOmole/Documents/ros_projects/ros_hand_gesture/install/interfaces/include/interfaces/interfaces/action/detail/gesture__rosidl_typesupport_introspection_cpp.hpp
-- Installing: /Users/StevenOmole/Documents/ros_projects/ros_hand_gesture/install/interfaces/include/interfaces/interfaces/action/detail/gesture__type_support.cpp
-- Up-to-date: /Users/StevenOmole/Documents/ros_projects/ros_hand_gesture/install/interfaces/include/interfaces/interfaces/srv
-- Up-to-date: /Users/StevenOmole/Documents/ros_projects/ros_hand_gesture/install/interfaces/include/interfaces/interfaces/srv/detail
-- Installing: /Users/StevenOmole/Documents/ros_projects/ros_hand_gesture/install/interfaces/include/interfaces/interfaces/srv/detail/set_finger__rosidl_typesupport_introspection_cpp.hpp
-- Installing: /Users/StevenOmole/Documents/ros_projects/ros_hand_gesture/install/interfaces/include/interfaces/interfaces/srv/detail/set_finger__type_support.cpp
-- Installing: /Users/StevenOmole/Documents/ros_projects/ros_hand_gesture/install/interfaces/lib/libinterfaces__rosidl_typesupport_introspection_cpp.dylib
-- Installing: /Users/StevenOmole/Documents/ros_projects/ros_hand_gesture/install/interfaces/lib/libinterfaces__rosidl_typesupport_cpp.dylib
-- Installing: /Users/StevenOmole/Documents/ros_projects/ros_hand_gesture/install/interfaces/share/interfaces/environment/pythonpath.sh
-- Installing: /Users/StevenOmole/Documents/ros_projects/ros_hand_gesture/install/interfaces/share/interfaces/environment/pythonpath.dsv
-- Installing: /Users/StevenOmole/Documents/ros_projects/ros_hand_gesture/install/interfaces/lib/python3.11/site-packages/interfaces-0.0.0-py3.11.egg-info
-- Installing: /Users/StevenOmole/Documents/ros_projects/ros_hand_gesture/install/interfaces/lib/python3.11/site-packages/interfaces-0.0.0-py3.11.egg-info/PKG-INFO
-- Installing: /Users/StevenOmole/Documents/ros_projects/ros_hand_gesture/install/interfaces/lib/python3.11/site-packages/interfaces-0.0.0-py3.11.egg-info/SOURCES.txt
-- Installing: /Users/StevenOmole/Documents/ros_projects/ros_hand_gesture/install/interfaces/lib/python3.11/site-packages/interfaces-0.0.0-py3.11.egg-info/top_level.txt
-- Installing: /Users/StevenOmole/Documents/ros_projects/ros_hand_gesture/install/interfaces/lib/python3.11/site-packages/interfaces-0.0.0-py3.11.egg-info/dependency_links.txt
-- Installing: /Users/StevenOmole/Documents/ros_projects/ros_hand_gesture/install/interfaces/lib/python3.11/site-packages/interfaces
-- Installing: /Users/StevenOmole/Documents/ros_projects/ros_hand_gesture/install/interfaces/lib/python3.11/site-packages/interfaces/interfaces_s__rosidl_typesupport_introspection_c.cpython-311-darwin.so
-- Installing: /Users/StevenOmole/Documents/ros_projects/ros_hand_gesture/install/interfaces/lib/python3.11/site-packages/interfaces/_interfaces_s.ep.rosidl_typesupport_introspection_c.c
-- Installing: /Users/StevenOmole/Documents/ros_projects/ros_hand_gesture/install/interfaces/lib/python3.11/site-packages/interfaces/_interfaces_s.ep.rosidl_typesupport_c.c
-- Installing: /Users/StevenOmole/Documents/ros_projects/ros_hand_gesture/install/interfaces/lib/python3.11/site-packages/interfaces/libinterfaces__rosidl_generator_py.dylib
-- Installing: /Users/StevenOmole/Documents/ros_projects/ros_hand_gesture/install/interfaces/lib/python3.11/site-packages/interfaces/msg
-- Installing: /Users/StevenOmole/Documents/ros_projects/ros_hand_gesture/install/interfaces/lib/python3.11/site-packages/interfaces/msg/_finger_state.py
-- Installing: /Users/StevenOmole/Documents/ros_projects/ros_hand_gesture/install/interfaces/lib/python3.11/site-packages/interfaces/msg/__init__.py
-- Installing: /Users/StevenOmole/Documents/ros_projects/ros_hand_gesture/install/interfaces/lib/python3.11/site-packages/interfaces/msg/_finger_state_s.c
-- Installing: /Users/StevenOmole/Documents/ros_projects/ros_hand_gesture/install/interfaces/lib/python3.11/site-packages/interfaces/interfaces_s__rosidl_typesupport_fastrtps_c.cpython-311-darwin.so
-- Installing: /Users/StevenOmole/Documents/ros_projects/ros_hand_gesture/install/interfaces/lib/python3.11/site-packages/interfaces/_interfaces_s.ep.rosidl_typesupport_fastrtps_c.c
-- Installing: /Users/StevenOmole/Documents/ros_projects/ros_hand_gesture/install/interfaces/lib/python3.11/site-packages/interfaces/__init__.py
-- Installing: /Users/StevenOmole/Documents/ros_projects/ros_hand_gesture/install/interfaces/lib/python3.11/site-packages/interfaces/action
-- Installing: /Users/StevenOmole/Documents/ros_projects/ros_hand_gesture/install/interfaces/lib/python3.11/site-packages/interfaces/action/_gesture.py
-- Installing: /Users/StevenOmole/Documents/ros_projects/ros_hand_gesture/install/interfaces/lib/python3.11/site-packages/interfaces/action/__init__.py
-- Installing: /Users/StevenOmole/Documents/ros_projects/ros_hand_gesture/install/interfaces/lib/python3.11/site-packages/interfaces/action/_gesture_s.c
-- Installing: /Users/StevenOmole/Documents/ros_projects/ros_hand_gesture/install/interfaces/lib/python3.11/site-packages/interfaces/srv
-- Installing: /Users/StevenOmole/Documents/ros_projects/ros_hand_gesture/install/interfaces/lib/python3.11/site-packages/interfaces/srv/__init__.py
-- Installing: /Users/StevenOmole/Documents/ros_projects/ros_hand_gesture/install/interfaces/lib/python3.11/site-packages/interfaces/srv/_set_finger_s.c
-- Installing: /Users/StevenOmole/Documents/ros_projects/ros_hand_gesture/install/interfaces/lib/python3.11/site-packages/interfaces/srv/_set_finger.py
-- Installing: /Users/StevenOmole/Documents/ros_projects/ros_hand_gesture/install/interfaces/lib/python3.11/site-packages/interfaces/interfaces_s__rosidl_typesupport_c.cpython-311-darwin.so
Listing 'lib/python3.11/site-packages/interfaces'...
Can't list 'lib/python3.11/site-packages/interfaces'
-- Up-to-date: /Users/StevenOmole/Documents/ros_projects/ros_hand_gesture/install/interfaces/lib/python3.11/site-packages/interfaces/interfaces_s__rosidl_typesupport_fastrtps_c.cpython-311-darwin.so
-- Up-to-date: /Users/StevenOmole/Documents/ros_projects/ros_hand_gesture/install/interfaces/lib/python3.11/site-packages/interfaces/interfaces_s__rosidl_typesupport_introspection_c.cpython-311-darwin.so
-- Up-to-date: /Users/StevenOmole/Documents/ros_projects/ros_hand_gesture/install/interfaces/lib/python3.11/site-packages/interfaces/interfaces_s__rosidl_typesupport_c.cpython-311-darwin.so
-- Installing: /Users/StevenOmole/Documents/ros_projects/ros_hand_gesture/install/interfaces/lib/libinterfaces__rosidl_generator_py.dylib
-- Installing: /Users/StevenOmole/Documents/ros_projects/ros_hand_gesture/install/interfaces/share/interfaces/msg/FingerState.idl
-- Installing: /Users/StevenOmole/Documents/ros_projects/ros_hand_gesture/install/interfaces/share/interfaces/srv/SetFinger.idl
-- Installing: /Users/StevenOmole/Documents/ros_projects/ros_hand_gesture/install/interfaces/share/interfaces/action/Gesture.idl
-- Installing: /Users/StevenOmole/Documents/ros_projects/ros_hand_gesture/install/interfaces/share/interfaces/msg/FingerState.msg
-- Installing: /Users/StevenOmole/Documents/ros_projects/ros_hand_gesture/install/interfaces/share/interfaces/srv/SetFinger.srv
-- Installing: /Users/StevenOmole/Documents/ros_projects/ros_hand_gesture/install/interfaces/share/interfaces/srv/SetFinger_Request.msg
-- Installing: /Users/StevenOmole/Documents/ros_projects/ros_hand_gesture/install/interfaces/share/interfaces/srv/SetFinger_Response.msg
-- Installing: /Users/StevenOmole/Documents/ros_projects/ros_hand_gesture/install/interfaces/share/interfaces/action/Gesture.action
-- Installing: /Users/StevenOmole/Documents/ros_projects/ros_hand_gesture/install/interfaces/share/ament_index/resource_index/package_run_dependencies/interfaces
-- Installing: /Users/StevenOmole/Documents/ros_projects/ros_hand_gesture/install/interfaces/share/ament_index/resource_index/parent_prefix_path/interfaces
-- Installing: /Users/StevenOmole/Documents/ros_projects/ros_hand_gesture/install/interfaces/share/interfaces/environment/ament_prefix_path.sh
-- Installing: /Users/StevenOmole/Documents/ros_projects/ros_hand_gesture/install/interfaces/share/interfaces/environment/ament_prefix_path.dsv
-- Installing: /Users/StevenOmole/Documents/ros_projects/ros_hand_gesture/install/interfaces/share/interfaces/environment/path.sh
-- Installing: /Users/StevenOmole/Documents/ros_projects/ros_hand_gesture/install/interfaces/share/interfaces/environment/path.dsv
-- Installing: /Users/StevenOmole/Documents/ros_projects/ros_hand_gesture/install/interfaces/share/interfaces/local_setup.bash
-- Installing: /Users/StevenOmole/Documents/ros_projects/ros_hand_gesture/install/interfaces/share/interfaces/local_setup.sh
-- Installing: /Users/StevenOmole/Documents/ros_projects/ros_hand_gesture/install/interfaces/share/interfaces/local_setup.zsh
-- Installing: /Users/StevenOmole/Documents/ros_projects/ros_hand_gesture/install/interfaces/share/interfaces/local_setup.dsv
-- Installing: /Users/StevenOmole/Documents/ros_projects/ros_hand_gesture/install/interfaces/share/interfaces/package.dsv
-- Installing: /Users/StevenOmole/Documents/ros_projects/ros_hand_gesture/install/interfaces/share/ament_index/resource_index/packages/interfaces
-- Installing: /Users/StevenOmole/Documents/ros_projects/ros_hand_gesture/install/interfaces/share/interfaces/cmake/export_interfaces__rosidl_generator_cExport.cmake
-- Installing: /Users/StevenOmole/Documents/ros_projects/ros_hand_gesture/install/interfaces/share/interfaces/cmake/export_interfaces__rosidl_generator_cExport-noconfig.cmake
-- Installing: /Users/StevenOmole/Documents/ros_projects/ros_hand_gesture/install/interfaces/share/interfaces/cmake/export_interfaces__rosidl_typesupport_fastrtps_cExport.cmake
-- Installing: /Users/StevenOmole/Documents/ros_projects/ros_hand_gesture/install/interfaces/share/interfaces/cmake/export_interfaces__rosidl_typesupport_fastrtps_cExport-noconfig.cmake
-- Installing: /Users/StevenOmole/Documents/ros_projects/ros_hand_gesture/install/interfaces/share/interfaces/cmake/interfaces__rosidl_typesupport_introspection_cExport.cmake
-- Installing: /Users/StevenOmole/Documents/ros_projects/ros_hand_gesture/install/interfaces/share/interfaces/cmake/interfaces__rosidl_typesupport_introspection_cExport-noconfig.cmake
-- Installing: /Users/StevenOmole/Documents/ros_projects/ros_hand_gesture/install/interfaces/share/interfaces/cmake/interfaces__rosidl_typesupport_cExport.cmake
-- Installing: /Users/StevenOmole/Documents/ros_projects/ros_hand_gesture/install/interfaces/share/interfaces/cmake/interfaces__rosidl_typesupport_cExport-noconfig.cmake
-- Installing: /Users/StevenOmole/Documents/ros_projects/ros_hand_gesture/install/interfaces/share/interfaces/cmake/export_interfaces__rosidl_generator_cppExport.cmake
-- Installing: /Users/StevenOmole/Documents/ros_projects/ros_hand_gesture/install/interfaces/share/interfaces/cmake/export_interfaces__rosidl_typesupport_fastrtps_cppExport.cmake
-- Installing: /Users/StevenOmole/Documents/ros_projects/ros_hand_gesture/install/interfaces/share/interfaces/cmake/export_interfaces__rosidl_typesupport_fastrtps_cppExport-noconfig.cmake
-- Installing: /Users/StevenOmole/Documents/ros_projects/ros_hand_gesture/install/interfaces/share/interfaces/cmake/interfaces__rosidl_typesupport_introspection_cppExport.cmake
-- Installing: /Users/StevenOmole/Documents/ros_projects/ros_hand_gesture/install/interfaces/share/interfaces/cmake/interfaces__rosidl_typesupport_introspection_cppExport-noconfig.cmake
-- Installing: /Users/StevenOmole/Documents/ros_projects/ros_hand_gesture/install/interfaces/share/interfaces/cmake/interfaces__rosidl_typesupport_cppExport.cmake
-- Installing: /Users/StevenOmole/Documents/ros_projects/ros_hand_gesture/install/interfaces/share/interfaces/cmake/interfaces__rosidl_typesupport_cppExport-noconfig.cmake
-- Installing: /Users/StevenOmole/Documents/ros_projects/ros_hand_gesture/install/interfaces/share/interfaces/cmake/export_interfaces__rosidl_generator_pyExport.cmake
-- Installing: /Users/StevenOmole/Documents/ros_projects/ros_hand_gesture/install/interfaces/share/interfaces/cmake/export_interfaces__rosidl_generator_pyExport-noconfig.cmake
-- Installing: /Users/StevenOmole/Documents/ros_projects/ros_hand_gesture/install/interfaces/share/interfaces/cmake/rosidl_cmake-extras.cmake
-- Installing: /Users/StevenOmole/Documents/ros_projects/ros_hand_gesture/install/interfaces/share/interfaces/cmake/ament_cmake_export_dependencies-extras.cmake
-- Installing: /Users/StevenOmole/Documents/ros_projects/ros_hand_gesture/install/interfaces/share/interfaces/cmake/ament_cmake_export_include_directories-extras.cmake
-- Installing: /Users/StevenOmole/Documents/ros_projects/ros_hand_gesture/install/interfaces/share/interfaces/cmake/ament_cmake_export_libraries-extras.cmake
-- Installing: /Users/StevenOmole/Documents/ros_projects/ros_hand_gesture/install/interfaces/share/interfaces/cmake/ament_cmake_export_targets-extras.cmake
-- Installing: /Users/StevenOmole/Documents/ros_projects/ros_hand_gesture/install/interfaces/share/interfaces/cmake/rosidl_cmake_export_typesupport_targets-extras.cmake
-- Installing: /Users/StevenOmole/Documents/ros_projects/ros_hand_gesture/install/interfaces/share/interfaces/cmake/rosidl_cmake_export_typesupport_libraries-extras.cmake
-- Installing: /Users/StevenOmole/Documents/ros_projects/ros_hand_gesture/install/interfaces/share/interfaces/cmake/interfacesConfig.cmake
-- Installing: /Users/StevenOmole/Documents/ros_projects/ros_hand_gesture/install/interfaces/share/interfaces/cmake/interfacesConfig-version.cmake
-- Installing: /Users/StevenOmole/Documents/ros_projects/ros_hand_gesture/install/interfaces/share/interfaces/package.xml
