[1.119s] DEBUG:colcon:Command line arguments: ['/Users/StevenOmole/Library/Python/3.9/bin/colcon', 'build', '--cmake-args', '-DPython_EXECUTABLE=/Users/StevenOmole/miniconda3/envs/ros_env/bin/python', '-DPYTHON_EXECUTABLE=/Users/StevenOmole/miniconda3/envs/ros_env/bin/python']
[1.119s] DEBUG:colcon:Parsed command line arguments: Namespace(log_base=None, log_level=None, verb_name='build', build_base='build', install_base='install', merge_install=False, symlink_install=False, test_result_base=None, continue_on_error=False, executor='parallel', parallel_workers=8, event_handlers=None, ignore_user_meta=False, metas=['./colcon.meta'], base_paths=['.'], packages_ignore=None, packages_ignore_regex=None, paths=None, packages_up_to=None, packages_up_to_regex=None, packages_above=None, packages_above_and_dependencies=None, packages_above_depth=None, packages_select_by_dep=None, packages_skip_by_dep=None, packages_skip_up_to=None, packages_select_build_failed=False, packages_skip_build_finished=False, packages_select_test_failures=False, packages_skip_test_passed=False, packages_select=None, packages_skip=None, packages_select_regex=None, packages_skip_regex=None, packages_start=None, packages_end=None, cmake_args=['-DPython_EXECUTABLE=/Users/StevenOmole/miniconda3/envs/ros_env/bin/python', '-DPYTHON_EXECUTABLE=/Users/StevenOmole/miniconda3/envs/ros_env/bin/python'], cmake_target=None, cmake_target_skip_unavailable=False, cmake_clean_cache=False, cmake_clean_first=False, cmake_force_configure=False, ament_cmake_args=None, catkin_cmake_args=None, catkin_skip_building_tests=False, verb_parser=<colcon_defaults.argument_parser.defaults.DefaultArgumentsDecorator object at 0x101d94070>, verb_extension=<colcon_core.verb.build.BuildVerb object at 0x101c588b0>, main=<bound method BuildVerb.main of <colcon_core.verb.build.BuildVerb object at 0x101c588b0>>)
[1.306s] Level 1:colcon.colcon_core.package_discovery:discover_packages(colcon_meta) check parameters
[1.306s] Level 1:colcon.colcon_core.package_discovery:discover_packages(recursive) check parameters
[1.306s] Level 1:colcon.colcon_core.package_discovery:discover_packages(ignore) check parameters
[1.306s] Level 1:colcon.colcon_core.package_discovery:discover_packages(path) check parameters
[1.306s] Level 1:colcon.colcon_core.package_discovery:discover_packages(colcon_meta) discover
[1.307s] Level 1:colcon.colcon_core.package_discovery:discover_packages(recursive) discover
[1.307s] INFO:colcon.colcon_core.package_discovery:Crawling recursively for packages in '/Users/StevenOmole/Documents/ros_projects/ros_hand_gesture'
[1.307s] Level 1:colcon.colcon_core.package_identification:_identify(.) by extensions ['ignore', 'ignore_ament_install']
[1.307s] Level 1:colcon.colcon_core.package_identification:_identify(.) by extension 'ignore'
[1.307s] Level 1:colcon.colcon_core.package_identification:_identify(.) by extension 'ignore_ament_install'
[1.307s] Level 1:colcon.colcon_core.package_identification:_identify(.) by extensions ['colcon_pkg']
[1.308s] Level 1:colcon.colcon_core.package_identification:_identify(.) by extension 'colcon_pkg'
[1.308s] Level 1:colcon.colcon_core.package_identification:_identify(.) by extensions ['colcon_meta']
[1.308s] Level 1:colcon.colcon_core.package_identification:_identify(.) by extension 'colcon_meta'
[1.308s] Level 1:colcon.colcon_core.package_identification:_identify(.) by extensions ['ros']
[1.308s] Level 1:colcon.colcon_core.package_identification:_identify(.) by extension 'ros'
[1.397s] Level 1:colcon.colcon_core.package_identification:_identify(.) by extensions ['cmake', 'python']
[1.397s] Level 1:colcon.colcon_core.package_identification:_identify(.) by extension 'cmake'
[1.397s] Level 1:colcon.colcon_core.package_identification:_identify(.) by extension 'python'
[1.397s] Level 1:colcon.colcon_core.package_identification:_identify(.) by extensions ['python_setup_py']
[1.397s] Level 1:colcon.colcon_core.package_identification:_identify(.) by extension 'python_setup_py'
[1.397s] Level 1:colcon.colcon_core.package_identification:_identify(build) by extensions ['ignore', 'ignore_ament_install']
[1.397s] Level 1:colcon.colcon_core.package_identification:_identify(build) by extension 'ignore'
[1.398s] Level 1:colcon.colcon_core.package_identification:_identify(build) ignored
[1.398s] Level 1:colcon.colcon_core.package_identification:_identify(install) by extensions ['ignore', 'ignore_ament_install']
[1.398s] Level 1:colcon.colcon_core.package_identification:_identify(install) by extension 'ignore'
[1.398s] Level 1:colcon.colcon_core.package_identification:_identify(install) ignored
[1.398s] Level 1:colcon.colcon_core.package_identification:_identify(log) by extensions ['ignore', 'ignore_ament_install']
[1.398s] Level 1:colcon.colcon_core.package_identification:_identify(log) by extension 'ignore'
[1.399s] Level 1:colcon.colcon_core.package_identification:_identify(log) ignored
[1.399s] Level 1:colcon.colcon_core.package_identification:_identify(src) by extensions ['ignore', 'ignore_ament_install']
[1.399s] Level 1:colcon.colcon_core.package_identification:_identify(src) by extension 'ignore'
[1.399s] Level 1:colcon.colcon_core.package_identification:_identify(src) by extension 'ignore_ament_install'
[1.399s] Level 1:colcon.colcon_core.package_identification:_identify(src) by extensions ['colcon_pkg']
[1.399s] Level 1:colcon.colcon_core.package_identification:_identify(src) by extension 'colcon_pkg'
[1.399s] Level 1:colcon.colcon_core.package_identification:_identify(src) by extensions ['colcon_meta']
[1.399s] Level 1:colcon.colcon_core.package_identification:_identify(src) by extension 'colcon_meta'
[1.400s] Level 1:colcon.colcon_core.package_identification:_identify(src) by extensions ['ros']
[1.400s] Level 1:colcon.colcon_core.package_identification:_identify(src) by extension 'ros'
[1.400s] Level 1:colcon.colcon_core.package_identification:_identify(src) by extensions ['cmake', 'python']
[1.400s] Level 1:colcon.colcon_core.package_identification:_identify(src) by extension 'cmake'
[1.400s] Level 1:colcon.colcon_core.package_identification:_identify(src) by extension 'python'
[1.400s] Level 1:colcon.colcon_core.package_identification:_identify(src) by extensions ['python_setup_py']
[1.400s] Level 1:colcon.colcon_core.package_identification:_identify(src) by extension 'python_setup_py'
[1.400s] Level 1:colcon.colcon_core.package_identification:_identify(src/controller) by extensions ['ignore', 'ignore_ament_install']
[1.400s] Level 1:colcon.colcon_core.package_identification:_identify(src/controller) by extension 'ignore'
[1.401s] Level 1:colcon.colcon_core.package_identification:_identify(src/controller) by extension 'ignore_ament_install'
[1.401s] Level 1:colcon.colcon_core.package_identification:_identify(src/controller) by extensions ['colcon_pkg']
[1.401s] Level 1:colcon.colcon_core.package_identification:_identify(src/controller) by extension 'colcon_pkg'
[1.401s] Level 1:colcon.colcon_core.package_identification:_identify(src/controller) by extensions ['colcon_meta']
[1.401s] Level 1:colcon.colcon_core.package_identification:_identify(src/controller) by extension 'colcon_meta'
[1.401s] Level 1:colcon.colcon_core.package_identification:_identify(src/controller) by extensions ['ros']
[1.401s] Level 1:colcon.colcon_core.package_identification:_identify(src/controller) by extension 'ros'
[1.412s] DEBUG:colcon.colcon_core.package_identification:Package 'src/controller' with type 'ros.ament_python' and name 'controller'
[1.412s] Level 1:colcon.colcon_core.package_identification:_identify(src/description) by extensions ['ignore', 'ignore_ament_install']
[1.412s] Level 1:colcon.colcon_core.package_identification:_identify(src/description) by extension 'ignore'
[1.413s] Level 1:colcon.colcon_core.package_identification:_identify(src/description) by extension 'ignore_ament_install'
[1.413s] Level 1:colcon.colcon_core.package_identification:_identify(src/description) by extensions ['colcon_pkg']
[1.413s] Level 1:colcon.colcon_core.package_identification:_identify(src/description) by extension 'colcon_pkg'
[1.413s] Level 1:colcon.colcon_core.package_identification:_identify(src/description) by extensions ['colcon_meta']
[1.413s] Level 1:colcon.colcon_core.package_identification:_identify(src/description) by extension 'colcon_meta'
[1.413s] Level 1:colcon.colcon_core.package_identification:_identify(src/description) by extensions ['ros']
[1.413s] Level 1:colcon.colcon_core.package_identification:_identify(src/description) by extension 'ros'
[1.415s] DEBUG:colcon.colcon_core.package_identification:Package 'src/description' with type 'ros.ament_cmake' and name 'description'
[1.416s] Level 1:colcon.colcon_core.package_identification:_identify(src/interfaces) by extensions ['ignore', 'ignore_ament_install']
[1.416s] Level 1:colcon.colcon_core.package_identification:_identify(src/interfaces) by extension 'ignore'
[1.416s] Level 1:colcon.colcon_core.package_identification:_identify(src/interfaces) by extension 'ignore_ament_install'
[1.416s] Level 1:colcon.colcon_core.package_identification:_identify(src/interfaces) by extensions ['colcon_pkg']
[1.416s] Level 1:colcon.colcon_core.package_identification:_identify(src/interfaces) by extension 'colcon_pkg'
[1.416s] Level 1:colcon.colcon_core.package_identification:_identify(src/interfaces) by extensions ['colcon_meta']
[1.416s] Level 1:colcon.colcon_core.package_identification:_identify(src/interfaces) by extension 'colcon_meta'
[1.417s] Level 1:colcon.colcon_core.package_identification:_identify(src/interfaces) by extensions ['ros']
[1.417s] Level 1:colcon.colcon_core.package_identification:_identify(src/interfaces) by extension 'ros'
[1.419s] DEBUG:colcon.colcon_core.package_identification:Package 'src/interfaces' with type 'ros.ament_cmake' and name 'interfaces'
[1.419s] Level 1:colcon.colcon_core.package_discovery:discover_packages(recursive) using defaults
[1.419s] Level 1:colcon.colcon_core.package_discovery:discover_packages(ignore) discover
[1.419s] Level 1:colcon.colcon_core.package_discovery:discover_packages(ignore) using defaults
[1.419s] Level 1:colcon.colcon_core.package_discovery:discover_packages(path) discover
[1.419s] Level 1:colcon.colcon_core.package_discovery:discover_packages(path) using defaults
[1.481s] Level 5:colcon.colcon_core.verb:set package 'controller' build argument 'cmake_args' from command line to '['-DPython_EXECUTABLE=/Users/StevenOmole/miniconda3/envs/ros_env/bin/python', '-DPYTHON_EXECUTABLE=/Users/StevenOmole/miniconda3/envs/ros_env/bin/python']'
[1.481s] Level 5:colcon.colcon_core.verb:set package 'controller' build argument 'cmake_target' from command line to 'None'
[1.481s] Level 5:colcon.colcon_core.verb:set package 'controller' build argument 'cmake_target_skip_unavailable' from command line to 'False'
[1.482s] Level 5:colcon.colcon_core.verb:set package 'controller' build argument 'cmake_clean_cache' from command line to 'False'
[1.482s] Level 5:colcon.colcon_core.verb:set package 'controller' build argument 'cmake_clean_first' from command line to 'False'
[1.482s] Level 5:colcon.colcon_core.verb:set package 'controller' build argument 'cmake_force_configure' from command line to 'False'
[1.482s] Level 5:colcon.colcon_core.verb:set package 'controller' build argument 'ament_cmake_args' from command line to 'None'
[1.482s] Level 5:colcon.colcon_core.verb:set package 'controller' build argument 'catkin_cmake_args' from command line to 'None'
[1.482s] Level 5:colcon.colcon_core.verb:set package 'controller' build argument 'catkin_skip_building_tests' from command line to 'False'
[1.482s] DEBUG:colcon.colcon_core.verb:Building package 'controller' with the following arguments: {'ament_cmake_args': None, 'build_base': '/Users/StevenOmole/Documents/ros_projects/ros_hand_gesture/build/controller', 'catkin_cmake_args': None, 'catkin_skip_building_tests': False, 'cmake_args': ['-DPython_EXECUTABLE=/Users/StevenOmole/miniconda3/envs/ros_env/bin/python', '-DPYTHON_EXECUTABLE=/Users/StevenOmole/miniconda3/envs/ros_env/bin/python'], 'cmake_clean_cache': False, 'cmake_clean_first': False, 'cmake_force_configure': False, 'cmake_target': None, 'cmake_target_skip_unavailable': False, 'install_base': '/Users/StevenOmole/Documents/ros_projects/ros_hand_gesture/install/controller', 'merge_install': False, 'path': '/Users/StevenOmole/Documents/ros_projects/ros_hand_gesture/src/controller', 'symlink_install': False, 'test_result_base': None}
[1.483s] Level 5:colcon.colcon_core.verb:set package 'description' build argument 'cmake_args' from command line to '['-DPython_EXECUTABLE=/Users/StevenOmole/miniconda3/envs/ros_env/bin/python', '-DPYTHON_EXECUTABLE=/Users/StevenOmole/miniconda3/envs/ros_env/bin/python']'
[1.483s] Level 5:colcon.colcon_core.verb:set package 'description' build argument 'cmake_target' from command line to 'None'
[1.483s] Level 5:colcon.colcon_core.verb:set package 'description' build argument 'cmake_target_skip_unavailable' from command line to 'False'
[1.483s] Level 5:colcon.colcon_core.verb:set package 'description' build argument 'cmake_clean_cache' from command line to 'False'
[1.483s] Level 5:colcon.colcon_core.verb:set package 'description' build argument 'cmake_clean_first' from command line to 'False'
[1.483s] Level 5:colcon.colcon_core.verb:set package 'description' build argument 'cmake_force_configure' from command line to 'False'
[1.483s] Level 5:colcon.colcon_core.verb:set package 'description' build argument 'ament_cmake_args' from command line to 'None'
[1.483s] Level 5:colcon.colcon_core.verb:set package 'description' build argument 'catkin_cmake_args' from command line to 'None'
[1.483s] Level 5:colcon.colcon_core.verb:set package 'description' build argument 'catkin_skip_building_tests' from command line to 'False'
[1.484s] DEBUG:colcon.colcon_core.verb:Building package 'description' with the following arguments: {'ament_cmake_args': None, 'build_base': '/Users/StevenOmole/Documents/ros_projects/ros_hand_gesture/build/description', 'catkin_cmake_args': None, 'catkin_skip_building_tests': False, 'cmake_args': ['-DPython_EXECUTABLE=/Users/StevenOmole/miniconda3/envs/ros_env/bin/python', '-DPYTHON_EXECUTABLE=/Users/StevenOmole/miniconda3/envs/ros_env/bin/python'], 'cmake_clean_cache': False, 'cmake_clean_first': False, 'cmake_force_configure': False, 'cmake_target': None, 'cmake_target_skip_unavailable': False, 'install_base': '/Users/StevenOmole/Documents/ros_projects/ros_hand_gesture/install/description', 'merge_install': False, 'path': '/Users/StevenOmole/Documents/ros_projects/ros_hand_gesture/src/description', 'symlink_install': False, 'test_result_base': None}
[1.484s] Level 5:colcon.colcon_core.verb:set package 'interfaces' build argument 'cmake_args' from command line to '['-DPython_EXECUTABLE=/Users/StevenOmole/miniconda3/envs/ros_env/bin/python', '-DPYTHON_EXECUTABLE=/Users/StevenOmole/miniconda3/envs/ros_env/bin/python']'
[1.484s] Level 5:colcon.colcon_core.verb:set package 'interfaces' build argument 'cmake_target' from command line to 'None'
[1.484s] Level 5:colcon.colcon_core.verb:set package 'interfaces' build argument 'cmake_target_skip_unavailable' from command line to 'False'
[1.484s] Level 5:colcon.colcon_core.verb:set package 'interfaces' build argument 'cmake_clean_cache' from command line to 'False'
[1.485s] Level 5:colcon.colcon_core.verb:set package 'interfaces' build argument 'cmake_clean_first' from command line to 'False'
[1.485s] Level 5:colcon.colcon_core.verb:set package 'interfaces' build argument 'cmake_force_configure' from command line to 'False'
[1.485s] Level 5:colcon.colcon_core.verb:set package 'interfaces' build argument 'ament_cmake_args' from command line to 'None'
[1.485s] Level 5:colcon.colcon_core.verb:set package 'interfaces' build argument 'catkin_cmake_args' from command line to 'None'
[1.485s] Level 5:colcon.colcon_core.verb:set package 'interfaces' build argument 'catkin_skip_building_tests' from command line to 'False'
[1.485s] DEBUG:colcon.colcon_core.verb:Building package 'interfaces' with the following arguments: {'ament_cmake_args': None, 'build_base': '/Users/StevenOmole/Documents/ros_projects/ros_hand_gesture/build/interfaces', 'catkin_cmake_args': None, 'catkin_skip_building_tests': False, 'cmake_args': ['-DPython_EXECUTABLE=/Users/StevenOmole/miniconda3/envs/ros_env/bin/python', '-DPYTHON_EXECUTABLE=/Users/StevenOmole/miniconda3/envs/ros_env/bin/python'], 'cmake_clean_cache': False, 'cmake_clean_first': False, 'cmake_force_configure': False, 'cmake_target': None, 'cmake_target_skip_unavailable': False, 'install_base': '/Users/StevenOmole/Documents/ros_projects/ros_hand_gesture/install/interfaces', 'merge_install': False, 'path': '/Users/StevenOmole/Documents/ros_projects/ros_hand_gesture/src/interfaces', 'symlink_install': False, 'test_result_base': None}
[1.485s] INFO:colcon.colcon_core.executor:Executing jobs using 'parallel' executor
[1.487s] DEBUG:colcon.colcon_parallel_executor.executor.parallel:run_until_complete
[1.488s] INFO:colcon.colcon_ros.task.ament_python.build:Building ROS package in '/Users/StevenOmole/Documents/ros_projects/ros_hand_gesture/src/controller' with build type 'ament_python'
[1.488s] Level 1:colcon.colcon_core.shell:create_environment_hook('controller', 'ament_prefix_path')
[1.510s] INFO:colcon.colcon_core.plugin_system:Skipping extension 'colcon_core.shell.bat': Not used on non-Windows systems
[1.511s] INFO:colcon.colcon_core.shell:Creating environment hook '/Users/StevenOmole/Documents/ros_projects/ros_hand_gesture/install/controller/share/controller/hook/ament_prefix_path.ps1'
[1.515s] INFO:colcon.colcon_core.shell:Creating environment descriptor '/Users/StevenOmole/Documents/ros_projects/ros_hand_gesture/install/controller/share/controller/hook/ament_prefix_path.dsv'
[1.517s] INFO:colcon.colcon_core.shell:Creating environment hook '/Users/StevenOmole/Documents/ros_projects/ros_hand_gesture/install/controller/share/controller/hook/ament_prefix_path.sh'
[1.520s] INFO:colcon.colcon_core.shell:Skip shell extension 'powershell' for command environment: Not usable outside of PowerShell
[1.520s] DEBUG:colcon.colcon_core.shell:Skip shell extension 'dsv' for command environment
[1.525s] WARNING:colcon.colcon_ros.prefix_path.ament:The path '/Users/StevenOmole/Documents/ros_projects/ros_hand_gesture/install/interfaces' in the environment variable AMENT_PREFIX_PATH doesn't exist
[1.525s] WARNING:colcon.colcon_ros.prefix_path.ament:The path '/Users/StevenOmole/Documents/ros_projects/ros_hand_gesture/install/description' in the environment variable AMENT_PREFIX_PATH doesn't exist
[1.526s] WARNING:colcon.colcon_ros.prefix_path.catkin:The path '/Users/StevenOmole/Documents/ros_projects/ros_hand_gesture/install/interfaces' in the environment variable CMAKE_PREFIX_PATH doesn't exist
[1.526s] WARNING:colcon.colcon_ros.prefix_path.catkin:The path '/Users/StevenOmole/Documents/ros_projects/ros_hand_gesture/install/description' in the environment variable CMAKE_PREFIX_PATH doesn't exist
[1.551s] INFO:colcon.colcon_ros.task.ament_cmake.build:Building ROS package in '/Users/StevenOmole/Documents/ros_projects/ros_hand_gesture/src/description' with build type 'ament_cmake'
[1.552s] INFO:colcon.colcon_cmake.task.cmake.build:Building CMake package in '/Users/StevenOmole/Documents/ros_projects/ros_hand_gesture/src/description'
[1.553s] INFO:colcon.colcon_core.shell:Skip shell extension 'powershell' for command environment: Not usable outside of PowerShell
[1.553s] DEBUG:colcon.colcon_core.shell:Skip shell extension 'dsv' for command environment
[1.567s] INFO:colcon.colcon_ros.task.ament_cmake.build:Building ROS package in '/Users/StevenOmole/Documents/ros_projects/ros_hand_gesture/src/interfaces' with build type 'ament_cmake'
[1.568s] INFO:colcon.colcon_cmake.task.cmake.build:Building CMake package in '/Users/StevenOmole/Documents/ros_projects/ros_hand_gesture/src/interfaces'
[1.569s] INFO:colcon.colcon_core.shell:Skip shell extension 'powershell' for command environment: Not usable outside of PowerShell
[1.569s] DEBUG:colcon.colcon_core.shell:Skip shell extension 'dsv' for command environment
[2.224s] INFO:colcon.colcon_core.task.python.build:Building Python package in '/Users/StevenOmole/Documents/ros_projects/ros_hand_gesture/src/controller'
[2.225s] INFO:colcon.colcon_core.shell:Skip shell extension 'powershell' for command environment: Not usable outside of PowerShell
[2.225s] DEBUG:colcon.colcon_core.shell:Skip shell extension 'dsv' for command environment
[2.249s] DEBUG:colcon.colcon_core.event_handler.log_command:Invoking command in '/Users/StevenOmole/Documents/ros_projects/ros_hand_gesture/build/description': CMAKE_PREFIX_PATH=${CMAKE_PREFIX_PATH}:/Users/StevenOmole/Documents/ros_projects/ros_hand_gesture/install/controller:/Users/StevenOmole/miniconda3/envs/ros_env CONDA_PROMPT_MODIFIER=(ros_env) SHLVL=2 _=/usr/bin/env /Users/StevenOmole/miniconda3/envs/ros_env/bin/cmake /Users/StevenOmole/Documents/ros_projects/ros_hand_gesture/src/description -DPython_EXECUTABLE=/Users/StevenOmole/miniconda3/envs/ros_env/bin/python -DPYTHON_EXECUTABLE=/Users/StevenOmole/miniconda3/envs/ros_env/bin/python -DCMAKE_INSTALL_PREFIX=/Users/StevenOmole/Documents/ros_projects/ros_hand_gesture/install/description
[2.265s] DEBUG:colcon.colcon_core.event_handler.log_command:Invoking command in '/Users/StevenOmole/Documents/ros_projects/ros_hand_gesture/build/interfaces': CMAKE_PREFIX_PATH=${CMAKE_PREFIX_PATH}:/Users/StevenOmole/Documents/ros_projects/ros_hand_gesture/install/controller:/Users/StevenOmole/miniconda3/envs/ros_env CONDA_PROMPT_MODIFIER=(ros_env) SHLVL=2 _=/usr/bin/env /Users/StevenOmole/miniconda3/envs/ros_env/bin/cmake /Users/StevenOmole/Documents/ros_projects/ros_hand_gesture/src/interfaces -DPython_EXECUTABLE=/Users/StevenOmole/miniconda3/envs/ros_env/bin/python -DPYTHON_EXECUTABLE=/Users/StevenOmole/miniconda3/envs/ros_env/bin/python -DCMAKE_INSTALL_PREFIX=/Users/StevenOmole/Documents/ros_projects/ros_hand_gesture/install/interfaces
[3.620s] DEBUG:colcon.colcon_core.event_handler.log_command:Invoking command in '/Users/StevenOmole/Documents/ros_projects/ros_hand_gesture/src/controller': CONDA_PROMPT_MODIFIER=(ros_env) PYTHONPATH=/Users/StevenOmole/Documents/ros_projects/ros_hand_gesture/build/controller/prefix_override:/Users/StevenOmole/Library/Python/3.9/lib/python/site-packages/colcon_core/task/python/colcon_distutils_commands:/Users/StevenOmole/Documents/ros_projects/ros_hand_gesture/install/controller/lib/python3.9/site-packages:${PYTHONPATH} SHLVL=2 _=/usr/bin/env /Applications/Xcode.app/Contents/Developer/usr/bin/python3 -W ignore:setup.py install is deprecated -W ignore:easy_install command is deprecated setup.py egg_info --egg-base ../../build/controller build --build-base /Users/StevenOmole/Documents/ros_projects/ros_hand_gesture/build/controller/build install --record /Users/StevenOmole/Documents/ros_projects/ros_hand_gesture/build/controller/install.log --single-version-externally-managed install_data
[4.835s] DEBUG:colcon.colcon_core.event_handler.log_command:Invoked command in '/Users/StevenOmole/Documents/ros_projects/ros_hand_gesture/src/controller' returned '0': CONDA_PROMPT_MODIFIER=(ros_env) PYTHONPATH=/Users/StevenOmole/Documents/ros_projects/ros_hand_gesture/build/controller/prefix_override:/Users/StevenOmole/Library/Python/3.9/lib/python/site-packages/colcon_core/task/python/colcon_distutils_commands:/Users/StevenOmole/Documents/ros_projects/ros_hand_gesture/install/controller/lib/python3.9/site-packages:${PYTHONPATH} SHLVL=2 _=/usr/bin/env /Applications/Xcode.app/Contents/Developer/usr/bin/python3 -W ignore:setup.py install is deprecated -W ignore:easy_install command is deprecated setup.py egg_info --egg-base ../../build/controller build --build-base /Users/StevenOmole/Documents/ros_projects/ros_hand_gesture/build/controller/build install --record /Users/StevenOmole/Documents/ros_projects/ros_hand_gesture/build/controller/install.log --single-version-externally-managed install_data
[4.845s] Level 1:colcon.colcon_core.environment:checking '/Users/StevenOmole/Documents/ros_projects/ros_hand_gesture/install/controller' for CMake module files
[4.847s] Level 1:colcon.colcon_core.environment:checking '/Users/StevenOmole/Documents/ros_projects/ros_hand_gesture/install/controller' for CMake config files
[4.848s] Level 1:colcon.colcon_core.environment:checking '/Users/StevenOmole/Documents/ros_projects/ros_hand_gesture/install/controller/lib'
[4.849s] Level 1:colcon.colcon_core.environment:checking '/Users/StevenOmole/Documents/ros_projects/ros_hand_gesture/install/controller/bin'
[4.849s] Level 1:colcon.colcon_core.environment:checking '/Users/StevenOmole/Documents/ros_projects/ros_hand_gesture/install/controller/lib/pkgconfig/controller.pc'
[4.850s] Level 1:colcon.colcon_core.environment:checking '/Users/StevenOmole/Documents/ros_projects/ros_hand_gesture/install/controller/lib/python3.9/site-packages'
[4.850s] Level 1:colcon.colcon_core.shell:create_environment_hook('controller', 'pythonpath')
[4.850s] INFO:colcon.colcon_core.shell:Creating environment hook '/Users/StevenOmole/Documents/ros_projects/ros_hand_gesture/install/controller/share/controller/hook/pythonpath.ps1'
[4.853s] INFO:colcon.colcon_core.shell:Creating environment descriptor '/Users/StevenOmole/Documents/ros_projects/ros_hand_gesture/install/controller/share/controller/hook/pythonpath.dsv'
[4.854s] INFO:colcon.colcon_core.shell:Creating environment hook '/Users/StevenOmole/Documents/ros_projects/ros_hand_gesture/install/controller/share/controller/hook/pythonpath.sh'
[4.857s] Level 1:colcon.colcon_core.environment:checking '/Users/StevenOmole/Documents/ros_projects/ros_hand_gesture/install/controller/bin'
[4.858s] Level 1:colcon.colcon_core.environment:create_environment_scripts_only(controller)
[4.858s] INFO:colcon.colcon_core.shell:Creating package script '/Users/StevenOmole/Documents/ros_projects/ros_hand_gesture/install/controller/share/controller/package.ps1'
[4.863s] INFO:colcon.colcon_core.shell:Creating package descriptor '/Users/StevenOmole/Documents/ros_projects/ros_hand_gesture/install/controller/share/controller/package.dsv'
[4.866s] INFO:colcon.colcon_core.shell:Creating package script '/Users/StevenOmole/Documents/ros_projects/ros_hand_gesture/install/controller/share/controller/package.sh'
[4.869s] INFO:colcon.colcon_core.shell:Creating package script '/Users/StevenOmole/Documents/ros_projects/ros_hand_gesture/install/controller/share/controller/package.bash'
[4.873s] INFO:colcon.colcon_core.shell:Creating package script '/Users/StevenOmole/Documents/ros_projects/ros_hand_gesture/install/controller/share/controller/package.zsh'
[4.876s] Level 1:colcon.colcon_core.environment:create_file_with_runtime_dependencies(/Users/StevenOmole/Documents/ros_projects/ros_hand_gesture/install/controller/share/colcon-core/packages/controller)
[8.817s] DEBUG:colcon.colcon_core.event_handler.log_command:Invoked command in '/Users/StevenOmole/Documents/ros_projects/ros_hand_gesture/build/description' returned '0': CMAKE_PREFIX_PATH=${CMAKE_PREFIX_PATH}:/Users/StevenOmole/Documents/ros_projects/ros_hand_gesture/install/controller:/Users/StevenOmole/miniconda3/envs/ros_env CONDA_PROMPT_MODIFIER=(ros_env) SHLVL=2 _=/usr/bin/env /Users/StevenOmole/miniconda3/envs/ros_env/bin/cmake /Users/StevenOmole/Documents/ros_projects/ros_hand_gesture/src/description -DPython_EXECUTABLE=/Users/StevenOmole/miniconda3/envs/ros_env/bin/python -DPYTHON_EXECUTABLE=/Users/StevenOmole/miniconda3/envs/ros_env/bin/python -DCMAKE_INSTALL_PREFIX=/Users/StevenOmole/Documents/ros_projects/ros_hand_gesture/install/description
[8.824s] DEBUG:colcon.colcon_core.event_handler.log_command:Invoking command in '/Users/StevenOmole/Documents/ros_projects/ros_hand_gesture/build/description': CMAKE_PREFIX_PATH=${CMAKE_PREFIX_PATH}:/Users/StevenOmole/Documents/ros_projects/ros_hand_gesture/install/controller:/Users/StevenOmole/miniconda3/envs/ros_env CONDA_PROMPT_MODIFIER=(ros_env) SHLVL=2 _=/usr/bin/env /Users/StevenOmole/miniconda3/envs/ros_env/bin/cmake --build /Users/StevenOmole/Documents/ros_projects/ros_hand_gesture/build/description -- -j8 -l8
[9.175s] DEBUG:colcon.colcon_core.event_handler.log_command:Invoked command in '/Users/StevenOmole/Documents/ros_projects/ros_hand_gesture/build/description' returned '0': CMAKE_PREFIX_PATH=${CMAKE_PREFIX_PATH}:/Users/StevenOmole/Documents/ros_projects/ros_hand_gesture/install/controller:/Users/StevenOmole/miniconda3/envs/ros_env CONDA_PROMPT_MODIFIER=(ros_env) SHLVL=2 _=/usr/bin/env /Users/StevenOmole/miniconda3/envs/ros_env/bin/cmake --build /Users/StevenOmole/Documents/ros_projects/ros_hand_gesture/build/description -- -j8 -l8
[9.262s] DEBUG:colcon.colcon_core.event_handler.log_command:Invoking command in '/Users/StevenOmole/Documents/ros_projects/ros_hand_gesture/build/description': CMAKE_PREFIX_PATH=${CMAKE_PREFIX_PATH}:/Users/StevenOmole/Documents/ros_projects/ros_hand_gesture/install/controller:/Users/StevenOmole/miniconda3/envs/ros_env CONDA_PROMPT_MODIFIER=(ros_env) SHLVL=2 _=/usr/bin/env /Users/StevenOmole/miniconda3/envs/ros_env/bin/cmake --install /Users/StevenOmole/Documents/ros_projects/ros_hand_gesture/build/description
[9.354s] Level 1:colcon.colcon_core.environment:create_environment_scripts_only(description)
[9.355s] Level 1:colcon.colcon_core.environment:checking '/Users/StevenOmole/Documents/ros_projects/ros_hand_gesture/install/description' for CMake module files
[9.356s] DEBUG:colcon.colcon_core.event_handler.log_command:Invoked command in '/Users/StevenOmole/Documents/ros_projects/ros_hand_gesture/build/description' returned '0': CMAKE_PREFIX_PATH=${CMAKE_PREFIX_PATH}:/Users/StevenOmole/Documents/ros_projects/ros_hand_gesture/install/controller:/Users/StevenOmole/miniconda3/envs/ros_env CONDA_PROMPT_MODIFIER=(ros_env) SHLVL=2 _=/usr/bin/env /Users/StevenOmole/miniconda3/envs/ros_env/bin/cmake --install /Users/StevenOmole/Documents/ros_projects/ros_hand_gesture/build/description
[9.357s] Level 1:colcon.colcon_core.environment:checking '/Users/StevenOmole/Documents/ros_projects/ros_hand_gesture/install/description' for CMake config files
[9.358s] Level 1:colcon.colcon_core.shell:create_environment_hook('description', 'cmake_prefix_path')
[9.358s] INFO:colcon.colcon_core.shell:Creating environment hook '/Users/StevenOmole/Documents/ros_projects/ros_hand_gesture/install/description/share/description/hook/cmake_prefix_path.ps1'
[9.361s] INFO:colcon.colcon_core.shell:Creating environment descriptor '/Users/StevenOmole/Documents/ros_projects/ros_hand_gesture/install/description/share/description/hook/cmake_prefix_path.dsv'
[9.363s] INFO:colcon.colcon_core.shell:Creating environment hook '/Users/StevenOmole/Documents/ros_projects/ros_hand_gesture/install/description/share/description/hook/cmake_prefix_path.sh'
[9.365s] Level 1:colcon.colcon_core.environment:checking '/Users/StevenOmole/Documents/ros_projects/ros_hand_gesture/install/description/lib'
[9.365s] Level 1:colcon.colcon_core.environment:checking '/Users/StevenOmole/Documents/ros_projects/ros_hand_gesture/install/description/bin'
[9.366s] Level 1:colcon.colcon_core.environment:checking '/Users/StevenOmole/Documents/ros_projects/ros_hand_gesture/install/description/lib/pkgconfig/description.pc'
[9.367s] Level 1:colcon.colcon_core.environment:checking '/Users/StevenOmole/Documents/ros_projects/ros_hand_gesture/install/description/lib/python3.9/site-packages'
[9.368s] Level 1:colcon.colcon_core.environment:checking '/Users/StevenOmole/Documents/ros_projects/ros_hand_gesture/install/description/bin'
[9.368s] INFO:colcon.colcon_core.shell:Creating package script '/Users/StevenOmole/Documents/ros_projects/ros_hand_gesture/install/description/share/description/package.ps1'
[9.371s] INFO:colcon.colcon_core.shell:Creating package descriptor '/Users/StevenOmole/Documents/ros_projects/ros_hand_gesture/install/description/share/description/package.dsv'
[9.373s] INFO:colcon.colcon_core.shell:Creating package script '/Users/StevenOmole/Documents/ros_projects/ros_hand_gesture/install/description/share/description/package.sh'
[9.375s] INFO:colcon.colcon_core.shell:Creating package script '/Users/StevenOmole/Documents/ros_projects/ros_hand_gesture/install/description/share/description/package.bash'
[9.376s] INFO:colcon.colcon_core.shell:Creating package script '/Users/StevenOmole/Documents/ros_projects/ros_hand_gesture/install/description/share/description/package.zsh'
[9.380s] Level 1:colcon.colcon_core.environment:create_file_with_runtime_dependencies(/Users/StevenOmole/Documents/ros_projects/ros_hand_gesture/install/description/share/colcon-core/packages/description)
[9.381s] Level 1:colcon.colcon_core.environment:create_environment_scripts_only(description)
[9.382s] Level 1:colcon.colcon_core.environment:checking '/Users/StevenOmole/Documents/ros_projects/ros_hand_gesture/install/description' for CMake module files
[9.383s] Level 1:colcon.colcon_core.environment:checking '/Users/StevenOmole/Documents/ros_projects/ros_hand_gesture/install/description' for CMake config files
[9.384s] Level 1:colcon.colcon_core.shell:create_environment_hook('description', 'cmake_prefix_path')
[9.385s] INFO:colcon.colcon_core.shell:Creating environment hook '/Users/StevenOmole/Documents/ros_projects/ros_hand_gesture/install/description/share/description/hook/cmake_prefix_path.ps1'
[9.386s] INFO:colcon.colcon_core.shell:Creating environment descriptor '/Users/StevenOmole/Documents/ros_projects/ros_hand_gesture/install/description/share/description/hook/cmake_prefix_path.dsv'
[9.387s] INFO:colcon.colcon_core.shell:Creating environment hook '/Users/StevenOmole/Documents/ros_projects/ros_hand_gesture/install/description/share/description/hook/cmake_prefix_path.sh'
[9.390s] Level 1:colcon.colcon_core.environment:checking '/Users/StevenOmole/Documents/ros_projects/ros_hand_gesture/install/description/lib'
[9.390s] Level 1:colcon.colcon_core.environment:checking '/Users/StevenOmole/Documents/ros_projects/ros_hand_gesture/install/description/bin'
[9.390s] Level 1:colcon.colcon_core.environment:checking '/Users/StevenOmole/Documents/ros_projects/ros_hand_gesture/install/description/lib/pkgconfig/description.pc'
[9.391s] Level 1:colcon.colcon_core.environment:checking '/Users/StevenOmole/Documents/ros_projects/ros_hand_gesture/install/description/lib/python3.9/site-packages'
[9.391s] Level 1:colcon.colcon_core.environment:checking '/Users/StevenOmole/Documents/ros_projects/ros_hand_gesture/install/description/bin'
[9.392s] INFO:colcon.colcon_core.shell:Creating package script '/Users/StevenOmole/Documents/ros_projects/ros_hand_gesture/install/description/share/description/package.ps1'
[9.396s] INFO:colcon.colcon_core.shell:Creating package descriptor '/Users/StevenOmole/Documents/ros_projects/ros_hand_gesture/install/description/share/description/package.dsv'
[9.398s] INFO:colcon.colcon_core.shell:Creating package script '/Users/StevenOmole/Documents/ros_projects/ros_hand_gesture/install/description/share/description/package.sh'
[9.399s] INFO:colcon.colcon_core.shell:Creating package script '/Users/StevenOmole/Documents/ros_projects/ros_hand_gesture/install/description/share/description/package.bash'
[9.401s] INFO:colcon.colcon_core.shell:Creating package script '/Users/StevenOmole/Documents/ros_projects/ros_hand_gesture/install/description/share/description/package.zsh'
[9.402s] Level 1:colcon.colcon_core.environment:create_file_with_runtime_dependencies(/Users/StevenOmole/Documents/ros_projects/ros_hand_gesture/install/description/share/colcon-core/packages/description)
[16.182s] DEBUG:colcon.colcon_core.event_handler.log_command:Invoked command in '/Users/StevenOmole/Documents/ros_projects/ros_hand_gesture/build/interfaces' returned '0': CMAKE_PREFIX_PATH=${CMAKE_PREFIX_PATH}:/Users/StevenOmole/Documents/ros_projects/ros_hand_gesture/install/controller:/Users/StevenOmole/miniconda3/envs/ros_env CONDA_PROMPT_MODIFIER=(ros_env) SHLVL=2 _=/usr/bin/env /Users/StevenOmole/miniconda3/envs/ros_env/bin/cmake /Users/StevenOmole/Documents/ros_projects/ros_hand_gesture/src/interfaces -DPython_EXECUTABLE=/Users/StevenOmole/miniconda3/envs/ros_env/bin/python -DPYTHON_EXECUTABLE=/Users/StevenOmole/miniconda3/envs/ros_env/bin/python -DCMAKE_INSTALL_PREFIX=/Users/StevenOmole/Documents/ros_projects/ros_hand_gesture/install/interfaces
[16.183s] DEBUG:colcon.colcon_core.event_handler.log_command:Invoking command in '/Users/StevenOmole/Documents/ros_projects/ros_hand_gesture/build/interfaces': CMAKE_PREFIX_PATH=${CMAKE_PREFIX_PATH}:/Users/StevenOmole/Documents/ros_projects/ros_hand_gesture/install/controller:/Users/StevenOmole/miniconda3/envs/ros_env CONDA_PROMPT_MODIFIER=(ros_env) SHLVL=2 _=/usr/bin/env /Users/StevenOmole/miniconda3/envs/ros_env/bin/cmake --build /Users/StevenOmole/Documents/ros_projects/ros_hand_gesture/build/interfaces -- -j8 -l8
[28.527s] DEBUG:colcon.colcon_core.event_handler.log_command:Invoked command in '/Users/StevenOmole/Documents/ros_projects/ros_hand_gesture/build/interfaces' returned '0': CMAKE_PREFIX_PATH=${CMAKE_PREFIX_PATH}:/Users/StevenOmole/Documents/ros_projects/ros_hand_gesture/install/controller:/Users/StevenOmole/miniconda3/envs/ros_env CONDA_PROMPT_MODIFIER=(ros_env) SHLVL=2 _=/usr/bin/env /Users/StevenOmole/miniconda3/envs/ros_env/bin/cmake --build /Users/StevenOmole/Documents/ros_projects/ros_hand_gesture/build/interfaces -- -j8 -l8
[28.533s] DEBUG:colcon.colcon_core.event_handler.log_command:Invoking command in '/Users/StevenOmole/Documents/ros_projects/ros_hand_gesture/build/interfaces': CMAKE_PREFIX_PATH=${CMAKE_PREFIX_PATH}:/Users/StevenOmole/Documents/ros_projects/ros_hand_gesture/install/controller:/Users/StevenOmole/miniconda3/envs/ros_env CONDA_PROMPT_MODIFIER=(ros_env) SHLVL=2 _=/usr/bin/env /Users/StevenOmole/miniconda3/envs/ros_env/bin/cmake --install /Users/StevenOmole/Documents/ros_projects/ros_hand_gesture/build/interfaces
[29.179s] Level 1:colcon.colcon_core.environment:create_environment_scripts_only(interfaces)
[29.180s] Level 1:colcon.colcon_core.environment:checking '/Users/StevenOmole/Documents/ros_projects/ros_hand_gesture/install/interfaces' for CMake module files
[29.181s] DEBUG:colcon.colcon_core.event_handler.log_command:Invoked command in '/Users/StevenOmole/Documents/ros_projects/ros_hand_gesture/build/interfaces' returned '0': CMAKE_PREFIX_PATH=${CMAKE_PREFIX_PATH}:/Users/StevenOmole/Documents/ros_projects/ros_hand_gesture/install/controller:/Users/StevenOmole/miniconda3/envs/ros_env CONDA_PROMPT_MODIFIER=(ros_env) SHLVL=2 _=/usr/bin/env /Users/StevenOmole/miniconda3/envs/ros_env/bin/cmake --install /Users/StevenOmole/Documents/ros_projects/ros_hand_gesture/build/interfaces
[29.183s] Level 1:colcon.colcon_core.environment:checking '/Users/StevenOmole/Documents/ros_projects/ros_hand_gesture/install/interfaces' for CMake config files
[29.185s] Level 1:colcon.colcon_core.shell:create_environment_hook('interfaces', 'cmake_prefix_path')
[29.186s] INFO:colcon.colcon_core.shell:Creating environment hook '/Users/StevenOmole/Documents/ros_projects/ros_hand_gesture/install/interfaces/share/interfaces/hook/cmake_prefix_path.ps1'
[29.188s] INFO:colcon.colcon_core.shell:Creating environment descriptor '/Users/StevenOmole/Documents/ros_projects/ros_hand_gesture/install/interfaces/share/interfaces/hook/cmake_prefix_path.dsv'
[29.190s] INFO:colcon.colcon_core.shell:Creating environment hook '/Users/StevenOmole/Documents/ros_projects/ros_hand_gesture/install/interfaces/share/interfaces/hook/cmake_prefix_path.sh'
[29.193s] Level 1:colcon.colcon_core.environment:checking '/Users/StevenOmole/Documents/ros_projects/ros_hand_gesture/install/interfaces/lib'
[29.193s] Level 1:colcon.colcon_core.shell:create_environment_hook('interfaces', 'dyld_library_path')
[29.193s] INFO:colcon.colcon_core.shell:Creating environment hook '/Users/StevenOmole/Documents/ros_projects/ros_hand_gesture/install/interfaces/share/interfaces/hook/dyld_library_path.ps1'
[29.195s] INFO:colcon.colcon_core.shell:Creating environment descriptor '/Users/StevenOmole/Documents/ros_projects/ros_hand_gesture/install/interfaces/share/interfaces/hook/dyld_library_path.dsv'
[29.196s] INFO:colcon.colcon_core.shell:Creating environment hook '/Users/StevenOmole/Documents/ros_projects/ros_hand_gesture/install/interfaces/share/interfaces/hook/dyld_library_path.sh'
[29.197s] Level 1:colcon.colcon_core.environment:checking '/Users/StevenOmole/Documents/ros_projects/ros_hand_gesture/install/interfaces/bin'
[29.197s] Level 1:colcon.colcon_core.environment:checking '/Users/StevenOmole/Documents/ros_projects/ros_hand_gesture/install/interfaces/lib/pkgconfig/interfaces.pc'
[29.198s] Level 1:colcon.colcon_core.environment:checking '/Users/StevenOmole/Documents/ros_projects/ros_hand_gesture/install/interfaces/lib/python3.9/site-packages'
[29.199s] Level 1:colcon.colcon_core.environment:checking '/Users/StevenOmole/Documents/ros_projects/ros_hand_gesture/install/interfaces/bin'
[29.199s] INFO:colcon.colcon_core.shell:Creating package script '/Users/StevenOmole/Documents/ros_projects/ros_hand_gesture/install/interfaces/share/interfaces/package.ps1'
[29.202s] INFO:colcon.colcon_core.shell:Creating package descriptor '/Users/StevenOmole/Documents/ros_projects/ros_hand_gesture/install/interfaces/share/interfaces/package.dsv'
[29.203s] INFO:colcon.colcon_core.shell:Creating package script '/Users/StevenOmole/Documents/ros_projects/ros_hand_gesture/install/interfaces/share/interfaces/package.sh'
[29.205s] INFO:colcon.colcon_core.shell:Creating package script '/Users/StevenOmole/Documents/ros_projects/ros_hand_gesture/install/interfaces/share/interfaces/package.bash'
[29.207s] INFO:colcon.colcon_core.shell:Creating package script '/Users/StevenOmole/Documents/ros_projects/ros_hand_gesture/install/interfaces/share/interfaces/package.zsh'
[29.209s] Level 1:colcon.colcon_core.environment:create_file_with_runtime_dependencies(/Users/StevenOmole/Documents/ros_projects/ros_hand_gesture/install/interfaces/share/colcon-core/packages/interfaces)
[29.211s] Level 1:colcon.colcon_core.environment:create_environment_scripts_only(interfaces)
[29.212s] Level 1:colcon.colcon_core.environment:checking '/Users/StevenOmole/Documents/ros_projects/ros_hand_gesture/install/interfaces' for CMake module files
[29.215s] Level 1:colcon.colcon_core.environment:checking '/Users/StevenOmole/Documents/ros_projects/ros_hand_gesture/install/interfaces' for CMake config files
[29.217s] Level 1:colcon.colcon_core.shell:create_environment_hook('interfaces', 'cmake_prefix_path')
[29.218s] INFO:colcon.colcon_core.shell:Creating environment hook '/Users/StevenOmole/Documents/ros_projects/ros_hand_gesture/install/interfaces/share/interfaces/hook/cmake_prefix_path.ps1'
[29.219s] INFO:colcon.colcon_core.shell:Creating environment descriptor '/Users/StevenOmole/Documents/ros_projects/ros_hand_gesture/install/interfaces/share/interfaces/hook/cmake_prefix_path.dsv'
[29.220s] INFO:colcon.colcon_core.shell:Creating environment hook '/Users/StevenOmole/Documents/ros_projects/ros_hand_gesture/install/interfaces/share/interfaces/hook/cmake_prefix_path.sh'
[29.222s] Level 1:colcon.colcon_core.environment:checking '/Users/StevenOmole/Documents/ros_projects/ros_hand_gesture/install/interfaces/lib'
[29.222s] Level 1:colcon.colcon_core.shell:create_environment_hook('interfaces', 'dyld_library_path')
[29.223s] INFO:colcon.colcon_core.shell:Creating environment hook '/Users/StevenOmole/Documents/ros_projects/ros_hand_gesture/install/interfaces/share/interfaces/hook/dyld_library_path.ps1'
[29.225s] INFO:colcon.colcon_core.shell:Creating environment descriptor '/Users/StevenOmole/Documents/ros_projects/ros_hand_gesture/install/interfaces/share/interfaces/hook/dyld_library_path.dsv'
[29.226s] INFO:colcon.colcon_core.shell:Creating environment hook '/Users/StevenOmole/Documents/ros_projects/ros_hand_gesture/install/interfaces/share/interfaces/hook/dyld_library_path.sh'
[29.227s] Level 1:colcon.colcon_core.environment:checking '/Users/StevenOmole/Documents/ros_projects/ros_hand_gesture/install/interfaces/bin'
[29.227s] Level 1:colcon.colcon_core.environment:checking '/Users/StevenOmole/Documents/ros_projects/ros_hand_gesture/install/interfaces/lib/pkgconfig/interfaces.pc'
[29.227s] Level 1:colcon.colcon_core.environment:checking '/Users/StevenOmole/Documents/ros_projects/ros_hand_gesture/install/interfaces/lib/python3.9/site-packages'
[29.228s] Level 1:colcon.colcon_core.environment:checking '/Users/StevenOmole/Documents/ros_projects/ros_hand_gesture/install/interfaces/bin'
[29.229s] INFO:colcon.colcon_core.shell:Creating package script '/Users/StevenOmole/Documents/ros_projects/ros_hand_gesture/install/interfaces/share/interfaces/package.ps1'
[29.231s] INFO:colcon.colcon_core.shell:Creating package descriptor '/Users/StevenOmole/Documents/ros_projects/ros_hand_gesture/install/interfaces/share/interfaces/package.dsv'
[29.232s] INFO:colcon.colcon_core.shell:Creating package script '/Users/StevenOmole/Documents/ros_projects/ros_hand_gesture/install/interfaces/share/interfaces/package.sh'
[29.233s] INFO:colcon.colcon_core.shell:Creating package script '/Users/StevenOmole/Documents/ros_projects/ros_hand_gesture/install/interfaces/share/interfaces/package.bash'
[29.235s] INFO:colcon.colcon_core.shell:Creating package script '/Users/StevenOmole/Documents/ros_projects/ros_hand_gesture/install/interfaces/share/interfaces/package.zsh'
[29.236s] Level 1:colcon.colcon_core.environment:create_file_with_runtime_dependencies(/Users/StevenOmole/Documents/ros_projects/ros_hand_gesture/install/interfaces/share/colcon-core/packages/interfaces)
[29.237s] DEBUG:colcon.colcon_parallel_executor.executor.parallel:closing loop
[29.237s] DEBUG:colcon.colcon_parallel_executor.executor.parallel:loop closed
[29.237s] DEBUG:colcon.colcon_parallel_executor.executor.parallel:run_until_complete finished with '0'
[29.237s] DEBUG:colcon.colcon_core.event_reactor:joining thread
[29.243s] INFO:colcon.colcon_core.plugin_system:Skipping extension 'colcon_notification.desktop_notification.notify2': 'notify2' not found
[29.244s] INFO:colcon.colcon_core.plugin_system:Skipping extension 'colcon_notification.desktop_notification.notify_send': Not used on non-Linux systems
[29.244s] INFO:colcon.colcon_core.plugin_system:Skipping extension 'colcon_notification.desktop_notification.win32': Not used on non-Windows systems
[29.244s] INFO:colcon.colcon_notification.desktop_notification:Sending desktop notification using 'terminal_notifier'
[29.337s] DEBUG:colcon.colcon_core.event_reactor:joined thread
[29.340s] INFO:colcon.colcon_core.shell:Creating prefix script '/Users/StevenOmole/Documents/ros_projects/ros_hand_gesture/install/local_setup.ps1'
[29.346s] INFO:colcon.colcon_core.shell:Creating prefix util module '/Users/StevenOmole/Documents/ros_projects/ros_hand_gesture/install/_local_setup_util_ps1.py'
[29.353s] INFO:colcon.colcon_core.shell:Creating prefix chain script '/Users/StevenOmole/Documents/ros_projects/ros_hand_gesture/install/setup.ps1'
[29.362s] INFO:colcon.colcon_core.shell:Creating prefix script '/Users/StevenOmole/Documents/ros_projects/ros_hand_gesture/install/local_setup.sh'
[29.367s] INFO:colcon.colcon_core.shell:Creating prefix util module '/Users/StevenOmole/Documents/ros_projects/ros_hand_gesture/install/_local_setup_util_sh.py'
[29.371s] INFO:colcon.colcon_core.shell:Creating prefix chain script '/Users/StevenOmole/Documents/ros_projects/ros_hand_gesture/install/setup.sh'
[29.378s] INFO:colcon.colcon_core.shell:Creating prefix script '/Users/StevenOmole/Documents/ros_projects/ros_hand_gesture/install/local_setup.bash'
[29.384s] INFO:colcon.colcon_core.shell:Creating prefix chain script '/Users/StevenOmole/Documents/ros_projects/ros_hand_gesture/install/setup.bash'
[29.390s] INFO:colcon.colcon_core.shell:Creating prefix script '/Users/StevenOmole/Documents/ros_projects/ros_hand_gesture/install/local_setup.zsh'
[29.394s] INFO:colcon.colcon_core.shell:Creating prefix chain script '/Users/StevenOmole/Documents/ros_projects/ros_hand_gesture/install/setup.zsh'
