[0.697s] Invoking command in '/Users/StevenOmole/Documents/ros_projects/ros_hand_gesture/build/description': CMAKE_PREFIX_PATH=${CMAKE_PREFIX_PATH}:/Users/StevenOmole/Documents/ros_projects/ros_hand_gesture/install/controller:/Users/StevenOmole/miniconda3/envs/ros_env CONDA_PROMPT_MODIFIER=(ros_env) SHLVL=2 _=/usr/bin/env /Users/StevenOmole/miniconda3/envs/ros_env/bin/cmake /Users/StevenOmole/Documents/ros_projects/ros_hand_gesture/src/description -DPython_EXECUTABLE=/Users/StevenOmole/miniconda3/envs/ros_env/bin/python -DPYTHON_EXECUTABLE=/Users/StevenOmole/miniconda3/envs/ros_env/bin/python -DCMAKE_INSTALL_PREFIX=/Users/StevenOmole/Documents/ros_projects/ros_hand_gesture/install/description
[0.915s] CMake Deprecation Warning at CMakeLists.txt:1 (cmake_minimum_required):
[0.915s]   Compatibility with CMake < 3.10 will be removed from a future version of
[0.916s]   CMake.
[0.916s] 
[0.916s]   Update the VERSION argument <min> value.  Or, use the <min>...<max> syntax
[0.916s]   to tell CMake that the project requires at least <min> but has been updated
[0.917s]   to work with policies introduced by <max> or earlier.
[0.917s] 
[0.917s] 
[2.253s] -- The C compiler identification is AppleClang 17.0.0.17000013
[2.623s] -- The CXX compiler identification is AppleClang 17.0.0.17000013
[2.789s] -- Detecting C compiler ABI info
[3.682s] -- Detecting C compiler ABI info - done
[3.732s] -- Check for working C compiler: /usr/bin/cc - skipped
[3.735s] -- Detecting C compile features
[3.736s] -- Detecting C compile features - done
[3.760s] -- Detecting CXX compiler ABI info
[4.654s] -- Detecting CXX compiler ABI info - done
[4.698s] -- Check for working CXX compiler: /usr/bin/c++ - skipped
[4.699s] -- Detecting CXX compile features
[4.700s] -- Detecting CXX compile features - done
[4.839s] -- Found ament_cmake: 1.3.12 (/Users/StevenOmole/miniconda3/envs/ros_env/share/ament_cmake/cmake)
[5.377s] -- Found Python3: /Users/StevenOmole/miniconda3/envs/ros_env/bin/python3 (found version "3.11.15") found components: Interpreter
[6.457s] -- Found ament_lint_auto: 0.12.12 (/Users/StevenOmole/miniconda3/envs/ros_env/share/ament_lint_auto/cmake)
[7.177s] -- Added test 'flake8' to check Python code syntax and style conventions
[7.183s] -- Added test 'lint_cmake' to check CMake code style
[7.188s] -- Added test 'pep257' to check Python code against some of the docstring style conventions in PEP 257
[7.202s] -- Added test 'xmllint' to check XML markup files
[7.215s] -- Configuring done (6.3s)
[7.248s] -- Generating done (0.0s)
[7.249s] CMake Warning:
[7.249s]   Manually-specified variables were not used by the project:
[7.249s] 
[7.249s]     PYTHON_EXECUTABLE
[7.249s]     Python_EXECUTABLE
[7.250s] 
[7.250s] 
[7.258s] -- Build files have been written to: /Users/StevenOmole/Documents/ros_projects/ros_hand_gesture/build/description
[7.265s] Invoked command in '/Users/StevenOmole/Documents/ros_projects/ros_hand_gesture/build/description' returned '0': CMAKE_PREFIX_PATH=${CMAKE_PREFIX_PATH}:/Users/StevenOmole/Documents/ros_projects/ros_hand_gesture/install/controller:/Users/StevenOmole/miniconda3/envs/ros_env CONDA_PROMPT_MODIFIER=(ros_env) SHLVL=2 _=/usr/bin/env /Users/StevenOmole/miniconda3/envs/ros_env/bin/cmake /Users/StevenOmole/Documents/ros_projects/ros_hand_gesture/src/description -DPython_EXECUTABLE=/Users/StevenOmole/miniconda3/envs/ros_env/bin/python -DPYTHON_EXECUTABLE=/Users/StevenOmole/miniconda3/envs/ros_env/bin/python -DCMAKE_INSTALL_PREFIX=/Users/StevenOmole/Documents/ros_projects/ros_hand_gesture/install/description
[7.268s] Invoking command in '/Users/StevenOmole/Documents/ros_projects/ros_hand_gesture/build/description': CMAKE_PREFIX_PATH=${CMAKE_PREFIX_PATH}:/Users/StevenOmole/Documents/ros_projects/ros_hand_gesture/install/controller:/Users/StevenOmole/miniconda3/envs/ros_env CONDA_PROMPT_MODIFIER=(ros_env) SHLVL=2 _=/usr/bin/env /Users/StevenOmole/miniconda3/envs/ros_env/bin/cmake --build /Users/StevenOmole/Documents/ros_projects/ros_hand_gesture/build/description -- -j8 -l8
[7.624s] Invoked command in '/Users/StevenOmole/Documents/ros_projects/ros_hand_gesture/build/description' returned '0': CMAKE_PREFIX_PATH=${CMAKE_PREFIX_PATH}:/Users/StevenOmole/Documents/ros_projects/ros_hand_gesture/install/controller:/Users/StevenOmole/miniconda3/envs/ros_env CONDA_PROMPT_MODIFIER=(ros_env) SHLVL=2 _=/usr/bin/env /Users/StevenOmole/miniconda3/envs/ros_env/bin/cmake --build /Users/StevenOmole/Documents/ros_projects/ros_hand_gesture/build/description -- -j8 -l8
[7.710s] Invoking command in '/Users/StevenOmole/Documents/ros_projects/ros_hand_gesture/build/description': CMAKE_PREFIX_PATH=${CMAKE_PREFIX_PATH}:/Users/StevenOmole/Documents/ros_projects/ros_hand_gesture/install/controller:/Users/StevenOmole/miniconda3/envs/ros_env CONDA_PROMPT_MODIFIER=(ros_env) SHLVL=2 _=/usr/bin/env /Users/StevenOmole/miniconda3/envs/ros_env/bin/cmake --install /Users/StevenOmole/Documents/ros_projects/ros_hand_gesture/build/description
[7.784s] -- Install configuration: ""
[7.784s] -- Installing: /Users/StevenOmole/Documents/ros_projects/ros_hand_gesture/install/description/share/description/launch
[7.784s] -- Installing: /Users/StevenOmole/Documents/ros_projects/ros_hand_gesture/install/description/share/description/launch/display.launch.py
[7.786s] -- Installing: /Users/StevenOmole/Documents/ros_projects/ros_hand_gesture/install/description/share/description/urdf
[7.787s] -- Installing: /Users/StevenOmole/Documents/ros_projects/ros_hand_gesture/install/description/share/description/urdf/hand.urdf
[7.788s] -- Installing: /Users/StevenOmole/Documents/ros_projects/ros_hand_gesture/install/description/share/description/rviz
[7.788s] -- Installing: /Users/StevenOmole/Documents/ros_projects/ros_hand_gesture/install/description/share/description/rviz/hand.rviz
[7.789s] -- Installing: /Users/StevenOmole/Documents/ros_projects/ros_hand_gesture/install/description/share/ament_index/resource_index/package_run_dependencies/description
[7.790s] -- Installing: /Users/StevenOmole/Documents/ros_projects/ros_hand_gesture/install/description/share/ament_index/resource_index/parent_prefix_path/description
[7.790s] -- Installing: /Users/StevenOmole/Documents/ros_projects/ros_hand_gesture/install/description/share/description/environment/ament_prefix_path.sh
[7.792s] -- Installing: /Users/StevenOmole/Documents/ros_projects/ros_hand_gesture/install/description/share/description/environment/ament_prefix_path.dsv
[7.793s] -- Installing: /Users/StevenOmole/Documents/ros_projects/ros_hand_gesture/install/description/share/description/environment/path.sh
[7.794s] -- Installing: /Users/StevenOmole/Documents/ros_projects/ros_hand_gesture/install/description/share/description/environment/path.dsv
[7.794s] -- Installing: /Users/StevenOmole/Documents/ros_projects/ros_hand_gesture/install/description/share/description/local_setup.bash
[7.795s] -- Installing: /Users/StevenOmole/Documents/ros_projects/ros_hand_gesture/install/description/share/description/local_setup.sh
[7.796s] -- Installing: /Users/StevenOmole/Documents/ros_projects/ros_hand_gesture/install/description/share/description/local_setup.zsh
[7.796s] -- Installing: /Users/StevenOmole/Documents/ros_projects/ros_hand_gesture/install/description/share/description/local_setup.dsv
[7.797s] -- Installing: /Users/StevenOmole/Documents/ros_projects/ros_hand_gesture/install/description/share/description/package.dsv
[7.798s] -- Installing: /Users/StevenOmole/Documents/ros_projects/ros_hand_gesture/install/description/share/ament_index/resource_index/packages/description
[7.799s] -- Installing: /Users/StevenOmole/Documents/ros_projects/ros_hand_gesture/install/description/share/description/cmake/descriptionConfig.cmake
[7.799s] -- Installing: /Users/StevenOmole/Documents/ros_projects/ros_hand_gesture/install/description/share/description/cmake/descriptionConfig-version.cmake
[7.800s] -- Installing: /Users/StevenOmole/Documents/ros_projects/ros_hand_gesture/install/description/share/description/package.xml
[7.805s] Invoked command in '/Users/StevenOmole/Documents/ros_projects/ros_hand_gesture/build/description' returned '0': CMAKE_PREFIX_PATH=${CMAKE_PREFIX_PATH}:/Users/StevenOmole/Documents/ros_projects/ros_hand_gesture/install/controller:/Users/StevenOmole/miniconda3/envs/ros_env CONDA_PROMPT_MODIFIER=(ros_env) SHLVL=2 _=/usr/bin/env /Users/StevenOmole/miniconda3/envs/ros_env/bin/cmake --install /Users/StevenOmole/Documents/ros_projects/ros_hand_gesture/build/description
