[1.033s] DEBUG:colcon:Command line arguments: ['/Users/StevenOmole/Library/Python/3.9/bin/colcon', 'build', '--cmake-args', '-DPython_EXECUTABLE=/Users/StevenOmole/miniconda3/envs/ros_env/bin/python']
[1.034s] DEBUG:colcon:Parsed command line arguments: Namespace(log_base=None, log_level=None, verb_name='build', build_base='build', install_base='install', merge_install=False, symlink_install=False, test_result_base=None, continue_on_error=False, executor='parallel', parallel_workers=8, event_handlers=None, ignore_user_meta=False, metas=['./colcon.meta'], base_paths=['.'], packages_ignore=None, packages_ignore_regex=None, paths=None, packages_up_to=None, packages_up_to_regex=None, packages_above=None, packages_above_and_dependencies=None, packages_above_depth=None, packages_select_by_dep=None, packages_skip_by_dep=None, packages_skip_up_to=None, packages_select_build_failed=False, packages_skip_build_finished=False, packages_select_test_failures=False, packages_skip_test_passed=False, packages_select=None, packages_skip=None, packages_select_regex=None, packages_skip_regex=None, packages_start=None, packages_end=None, cmake_args=['-DPython_EXECUTABLE=/Users/StevenOmole/miniconda3/envs/ros_env/bin/python'], cmake_target=None, cmake_target_skip_unavailable=False, cmake_clean_cache=False, cmake_clean_first=False, cmake_force_configure=False, ament_cmake_args=None, catkin_cmake_args=None, catkin_skip_building_tests=False, verb_parser=<colcon_defaults.argument_parser.defaults.DefaultArgumentsDecorator object at 0x10f462a90>, verb_extension=<colcon_core.verb.build.BuildVerb object at 0x10f33f310>, main=<bound method BuildVerb.main of <colcon_core.verb.build.BuildVerb object at 0x10f33f310>>)
[1.207s] Level 1:colcon.colcon_core.package_discovery:discover_packages(colcon_meta) check parameters
[1.207s] Level 1:colcon.colcon_core.package_discovery:discover_packages(recursive) check parameters
[1.207s] Level 1:colcon.colcon_core.package_discovery:discover_packages(ignore) check parameters
[1.207s] Level 1:colcon.colcon_core.package_discovery:discover_packages(path) check parameters
[1.207s] Level 1:colcon.colcon_core.package_discovery:discover_packages(colcon_meta) discover
[1.207s] Level 1:colcon.colcon_core.package_discovery:discover_packages(recursive) discover
[1.207s] INFO:colcon.colcon_core.package_discovery:Crawling recursively for packages in '/Users/StevenOmole/Documents/ros_projects/ros_hand_gesture'
[1.208s] Level 1:colcon.colcon_core.package_identification:_identify(.) by extensions ['ignore', 'ignore_ament_install']
[1.208s] Level 1:colcon.colcon_core.package_identification:_identify(.) by extension 'ignore'
[1.208s] Level 1:colcon.colcon_core.package_identification:_identify(.) by extension 'ignore_ament_install'
[1.208s] Level 1:colcon.colcon_core.package_identification:_identify(.) by extensions ['colcon_pkg']
[1.208s] Level 1:colcon.colcon_core.package_identification:_identify(.) by extension 'colcon_pkg'
[1.208s] Level 1:colcon.colcon_core.package_identification:_identify(.) by extensions ['colcon_meta']
[1.208s] Level 1:colcon.colcon_core.package_identification:_identify(.) by extension 'colcon_meta'
[1.208s] Level 1:colcon.colcon_core.package_identification:_identify(.) by extensions ['ros']
[1.208s] Level 1:colcon.colcon_core.package_identification:_identify(.) by extension 'ros'
[1.299s] Level 1:colcon.colcon_core.package_identification:_identify(.) by extensions ['cmake', 'python']
[1.299s] Level 1:colcon.colcon_core.package_identification:_identify(.) by extension 'cmake'
[1.300s] Level 1:colcon.colcon_core.package_identification:_identify(.) by extension 'python'
[1.300s] Level 1:colcon.colcon_core.package_identification:_identify(.) by extensions ['python_setup_py']
[1.300s] Level 1:colcon.colcon_core.package_identification:_identify(.) by extension 'python_setup_py'
[1.300s] Level 1:colcon.colcon_core.package_identification:_identify(build) by extensions ['ignore', 'ignore_ament_install']
[1.300s] Level 1:colcon.colcon_core.package_identification:_identify(build) by extension 'ignore'
[1.300s] Level 1:colcon.colcon_core.package_identification:_identify(build) ignored
[1.301s] Level 1:colcon.colcon_core.package_identification:_identify(install) by extensions ['ignore', 'ignore_ament_install']
[1.301s] Level 1:colcon.colcon_core.package_identification:_identify(install) by extension 'ignore'
[1.301s] Level 1:colcon.colcon_core.package_identification:_identify(install) ignored
[1.301s] Level 1:colcon.colcon_core.package_identification:_identify(log) by extensions ['ignore', 'ignore_ament_install']
[1.301s] Level 1:colcon.colcon_core.package_identification:_identify(log) by extension 'ignore'
[1.301s] Level 1:colcon.colcon_core.package_identification:_identify(log) ignored
[1.302s] Level 1:colcon.colcon_core.package_identification:_identify(src) by extensions ['ignore', 'ignore_ament_install']
[1.302s] Level 1:colcon.colcon_core.package_identification:_identify(src) by extension 'ignore'
[1.302s] Level 1:colcon.colcon_core.package_identification:_identify(src) by extension 'ignore_ament_install'
[1.302s] Level 1:colcon.colcon_core.package_identification:_identify(src) by extensions ['colcon_pkg']
[1.302s] Level 1:colcon.colcon_core.package_identification:_identify(src) by extension 'colcon_pkg'
[1.302s] Level 1:colcon.colcon_core.package_identification:_identify(src) by extensions ['colcon_meta']
[1.302s] Level 1:colcon.colcon_core.package_identification:_identify(src) by extension 'colcon_meta'
[1.302s] Level 1:colcon.colcon_core.package_identification:_identify(src) by extensions ['ros']
[1.302s] Level 1:colcon.colcon_core.package_identification:_identify(src) by extension 'ros'
[1.303s] Level 1:colcon.colcon_core.package_identification:_identify(src) by extensions ['cmake', 'python']
[1.303s] Level 1:colcon.colcon_core.package_identification:_identify(src) by extension 'cmake'
[1.303s] Level 1:colcon.colcon_core.package_identification:_identify(src) by extension 'python'
[1.303s] Level 1:colcon.colcon_core.package_identification:_identify(src) by extensions ['python_setup_py']
[1.303s] Level 1:colcon.colcon_core.package_identification:_identify(src) by extension 'python_setup_py'
[1.303s] Level 1:colcon.colcon_core.package_identification:_identify(src/controller) by extensions ['ignore', 'ignore_ament_install']
[1.303s] Level 1:colcon.colcon_core.package_identification:_identify(src/controller) by extension 'ignore'
[1.303s] Level 1:colcon.colcon_core.package_identification:_identify(src/controller) by extension 'ignore_ament_install'
[1.303s] Level 1:colcon.colcon_core.package_identification:_identify(src/controller) by extensions ['colcon_pkg']
[1.304s] Level 1:colcon.colcon_core.package_identification:_identify(src/controller) by extension 'colcon_pkg'
[1.304s] Level 1:colcon.colcon_core.package_identification:_identify(src/controller) by extensions ['colcon_meta']
[1.304s] Level 1:colcon.colcon_core.package_identification:_identify(src/controller) by extension 'colcon_meta'
[1.304s] Level 1:colcon.colcon_core.package_identification:_identify(src/controller) by extensions ['ros']
[1.304s] Level 1:colcon.colcon_core.package_identification:_identify(src/controller) by extension 'ros'
[1.314s] DEBUG:colcon.colcon_core.package_identification:Package 'src/controller' with type 'ros.ament_python' and name 'controller'
[1.314s] Level 1:colcon.colcon_core.package_identification:_identify(src/description) by extensions ['ignore', 'ignore_ament_install']
[1.314s] Level 1:colcon.colcon_core.package_identification:_identify(src/description) by extension 'ignore'
[1.315s] Level 1:colcon.colcon_core.package_identification:_identify(src/description) by extension 'ignore_ament_install'
[1.315s] Level 1:colcon.colcon_core.package_identification:_identify(src/description) by extensions ['colcon_pkg']
[1.315s] Level 1:colcon.colcon_core.package_identification:_identify(src/description) by extension 'colcon_pkg'
[1.315s] Level 1:colcon.colcon_core.package_identification:_identify(src/description) by extensions ['colcon_meta']
[1.315s] Level 1:colcon.colcon_core.package_identification:_identify(src/description) by extension 'colcon_meta'
[1.315s] Level 1:colcon.colcon_core.package_identification:_identify(src/description) by extensions ['ros']
[1.315s] Level 1:colcon.colcon_core.package_identification:_identify(src/description) by extension 'ros'
[1.317s] DEBUG:colcon.colcon_core.package_identification:Package 'src/description' with type 'ros.ament_cmake' and name 'description'
[1.317s] Level 1:colcon.colcon_core.package_identification:_identify(src/interfaces) by extensions ['ignore', 'ignore_ament_install']
[1.318s] Level 1:colcon.colcon_core.package_identification:_identify(src/interfaces) by extension 'ignore'
[1.318s] Level 1:colcon.colcon_core.package_identification:_identify(src/interfaces) by extension 'ignore_ament_install'
[1.318s] Level 1:colcon.colcon_core.package_identification:_identify(src/interfaces) by extensions ['colcon_pkg']
[1.318s] Level 1:colcon.colcon_core.package_identification:_identify(src/interfaces) by extension 'colcon_pkg'
[1.318s] Level 1:colcon.colcon_core.package_identification:_identify(src/interfaces) by extensions ['colcon_meta']
[1.318s] Level 1:colcon.colcon_core.package_identification:_identify(src/interfaces) by extension 'colcon_meta'
[1.318s] Level 1:colcon.colcon_core.package_identification:_identify(src/interfaces) by extensions ['ros']
[1.318s] Level 1:colcon.colcon_core.package_identification:_identify(src/interfaces) by extension 'ros'
[1.320s] DEBUG:colcon.colcon_core.package_identification:Package 'src/interfaces' with type 'ros.ament_cmake' and name 'interfaces'
[1.321s] Level 1:colcon.colcon_core.package_discovery:discover_packages(recursive) using defaults
[1.321s] Level 1:colcon.colcon_core.package_discovery:discover_packages(ignore) discover
[1.321s] Level 1:colcon.colcon_core.package_discovery:discover_packages(ignore) using defaults
[1.321s] Level 1:colcon.colcon_core.package_discovery:discover_packages(path) discover
[1.321s] Level 1:colcon.colcon_core.package_discovery:discover_packages(path) using defaults
[1.388s] Level 5:colcon.colcon_core.verb:set package 'controller' build argument 'cmake_args' from command line to '['-DPython_EXECUTABLE=/Users/StevenOmole/miniconda3/envs/ros_env/bin/python']'
[1.388s] Level 5:colcon.colcon_core.verb:set package 'controller' build argument 'cmake_target' from command line to 'None'
[1.388s] Level 5:colcon.colcon_core.verb:set package 'controller' build argument 'cmake_target_skip_unavailable' from command line to 'False'
[1.388s] Level 5:colcon.colcon_core.verb:set package 'controller' build argument 'cmake_clean_cache' from command line to 'False'
[1.389s] Level 5:colcon.colcon_core.verb:set package 'controller' build argument 'cmake_clean_first' from command line to 'False'
[1.389s] Level 5:colcon.colcon_core.verb:set package 'controller' build argument 'cmake_force_configure' from command line to 'False'
[1.389s] Level 5:colcon.colcon_core.verb:set package 'controller' build argument 'ament_cmake_args' from command line to 'None'
[1.389s] Level 5:colcon.colcon_core.verb:set package 'controller' build argument 'catkin_cmake_args' from command line to 'None'
[1.389s] Level 5:colcon.colcon_core.verb:set package 'controller' build argument 'catkin_skip_building_tests' from command line to 'False'
[1.389s] DEBUG:colcon.colcon_core.verb:Building package 'controller' with the following arguments: {'ament_cmake_args': None, 'build_base': '/Users/StevenOmole/Documents/ros_projects/ros_hand_gesture/build/controller', 'catkin_cmake_args': None, 'catkin_skip_building_tests': False, 'cmake_args': ['-DPython_EXECUTABLE=/Users/StevenOmole/miniconda3/envs/ros_env/bin/python'], 'cmake_clean_cache': False, 'cmake_clean_first': False, 'cmake_force_configure': False, 'cmake_target': None, 'cmake_target_skip_unavailable': False, 'install_base': '/Users/StevenOmole/Documents/ros_projects/ros_hand_gesture/install/controller', 'merge_install': False, 'path': '/Users/StevenOmole/Documents/ros_projects/ros_hand_gesture/src/controller', 'symlink_install': False, 'test_result_base': None}
[1.390s] Level 5:colcon.colcon_core.verb:set package 'description' build argument 'cmake_args' from command line to '['-DPython_EXECUTABLE=/Users/StevenOmole/miniconda3/envs/ros_env/bin/python']'
[1.390s] Level 5:colcon.colcon_core.verb:set package 'description' build argument 'cmake_target' from command line to 'None'
[1.390s] Level 5:colcon.colcon_core.verb:set package 'description' build argument 'cmake_target_skip_unavailable' from command line to 'False'
[1.390s] Level 5:colcon.colcon_core.verb:set package 'description' build argument 'cmake_clean_cache' from command line to 'False'
[1.390s] Level 5:colcon.colcon_core.verb:set package 'description' build argument 'cmake_clean_first' from command line to 'False'
[1.390s] Level 5:colcon.colcon_core.verb:set package 'description' build argument 'cmake_force_configure' from command line to 'False'
[1.390s] Level 5:colcon.colcon_core.verb:set package 'description' build argument 'ament_cmake_args' from command line to 'None'
[1.390s] Level 5:colcon.colcon_core.verb:set package 'description' build argument 'catkin_cmake_args' from command line to 'None'
[1.390s] Level 5:colcon.colcon_core.verb:set package 'description' build argument 'catkin_skip_building_tests' from command line to 'False'
[1.390s] DEBUG:colcon.colcon_core.verb:Building package 'description' with the following arguments: {'ament_cmake_args': None, 'build_base': '/Users/StevenOmole/Documents/ros_projects/ros_hand_gesture/build/description', 'catkin_cmake_args': None, 'catkin_skip_building_tests': False, 'cmake_args': ['-DPython_EXECUTABLE=/Users/StevenOmole/miniconda3/envs/ros_env/bin/python'], 'cmake_clean_cache': False, 'cmake_clean_first': False, 'cmake_force_configure': False, 'cmake_target': None, 'cmake_target_skip_unavailable': False, 'install_base': '/Users/StevenOmole/Documents/ros_projects/ros_hand_gesture/install/description', 'merge_install': False, 'path': '/Users/StevenOmole/Documents/ros_projects/ros_hand_gesture/src/description', 'symlink_install': False, 'test_result_base': None}
[1.391s] Level 5:colcon.colcon_core.verb:set package 'interfaces' build argument 'cmake_args' from command line to '['-DPython_EXECUTABLE=/Users/StevenOmole/miniconda3/envs/ros_env/bin/python']'
[1.391s] Level 5:colcon.colcon_core.verb:set package 'interfaces' build argument 'cmake_target' from command line to 'None'
[1.391s] Level 5:colcon.colcon_core.verb:set package 'interfaces' build argument 'cmake_target_skip_unavailable' from command line to 'False'
[1.391s] Level 5:colcon.colcon_core.verb:set package 'interfaces' build argument 'cmake_clean_cache' from command line to 'False'
[1.391s] Level 5:colcon.colcon_core.verb:set package 'interfaces' build argument 'cmake_clean_first' from command line to 'False'
[1.391s] Level 5:colcon.colcon_core.verb:set package 'interfaces' build argument 'cmake_force_configure' from command line to 'False'
[1.391s] Level 5:colcon.colcon_core.verb:set package 'interfaces' build argument 'ament_cmake_args' from command line to 'None'
[1.391s] Level 5:colcon.colcon_core.verb:set package 'interfaces' build argument 'catkin_cmake_args' from command line to 'None'
[1.391s] Level 5:colcon.colcon_core.verb:set package 'interfaces' build argument 'catkin_skip_building_tests' from command line to 'False'
[1.392s] DEBUG:colcon.colcon_core.verb:Building package 'interfaces' with the following arguments: {'ament_cmake_args': None, 'build_base': '/Users/StevenOmole/Documents/ros_projects/ros_hand_gesture/build/interfaces', 'catkin_cmake_args': None, 'catkin_skip_building_tests': False, 'cmake_args': ['-DPython_EXECUTABLE=/Users/StevenOmole/miniconda3/envs/ros_env/bin/python'], 'cmake_clean_cache': False, 'cmake_clean_first': False, 'cmake_force_configure': False, 'cmake_target': None, 'cmake_target_skip_unavailable': False, 'install_base': '/Users/StevenOmole/Documents/ros_projects/ros_hand_gesture/install/interfaces', 'merge_install': False, 'path': '/Users/StevenOmole/Documents/ros_projects/ros_hand_gesture/src/interfaces', 'symlink_install': False, 'test_result_base': None}
[1.392s] INFO:colcon.colcon_core.executor:Executing jobs using 'parallel' executor
[1.394s] DEBUG:colcon.colcon_parallel_executor.executor.parallel:run_until_complete
[1.395s] INFO:colcon.colcon_ros.task.ament_python.build:Building ROS package in '/Users/StevenOmole/Documents/ros_projects/ros_hand_gesture/src/controller' with build type 'ament_python'
[1.396s] Level 1:colcon.colcon_core.shell:create_environment_hook('controller', 'ament_prefix_path')
[1.419s] INFO:colcon.colcon_core.plugin_system:Skipping extension 'colcon_core.shell.bat': Not used on non-Windows systems
[1.419s] INFO:colcon.colcon_core.shell:Creating environment hook '/Users/StevenOmole/Documents/ros_projects/ros_hand_gesture/install/controller/share/controller/hook/ament_prefix_path.ps1'
[1.422s] INFO:colcon.colcon_core.shell:Creating environment descriptor '/Users/StevenOmole/Documents/ros_projects/ros_hand_gesture/install/controller/share/controller/hook/ament_prefix_path.dsv'
[1.423s] INFO:colcon.colcon_core.shell:Creating environment hook '/Users/StevenOmole/Documents/ros_projects/ros_hand_gesture/install/controller/share/controller/hook/ament_prefix_path.sh'
[1.426s] INFO:colcon.colcon_core.shell:Skip shell extension 'powershell' for command environment: Not usable outside of PowerShell
[1.426s] DEBUG:colcon.colcon_core.shell:Skip shell extension 'dsv' for command environment
[1.429s] WARNING:colcon.colcon_ros.prefix_path.ament:The path '/Users/StevenOmole/Documents/ros_projects/ros_hand_gesture/install/interfaces' in the environment variable AMENT_PREFIX_PATH doesn't exist
[1.429s] WARNING:colcon.colcon_ros.prefix_path.ament:The path '/Users/StevenOmole/Documents/ros_projects/ros_hand_gesture/install/description' in the environment variable AMENT_PREFIX_PATH doesn't exist
[1.429s] WARNING:colcon.colcon_ros.prefix_path.catkin:The path '/Users/StevenOmole/Documents/ros_projects/ros_hand_gesture/install/interfaces' in the environment variable CMAKE_PREFIX_PATH doesn't exist
[1.429s] WARNING:colcon.colcon_ros.prefix_path.catkin:The path '/Users/StevenOmole/Documents/ros_projects/ros_hand_gesture/install/description' in the environment variable CMAKE_PREFIX_PATH doesn't exist
[1.443s] INFO:colcon.colcon_ros.task.ament_cmake.build:Building ROS package in '/Users/StevenOmole/Documents/ros_projects/ros_hand_gesture/src/description' with build type 'ament_cmake'
[1.443s] INFO:colcon.colcon_cmake.task.cmake.build:Building CMake package in '/Users/StevenOmole/Documents/ros_projects/ros_hand_gesture/src/description'
[1.444s] INFO:colcon.colcon_core.shell:Skip shell extension 'powershell' for command environment: Not usable outside of PowerShell
[1.444s] DEBUG:colcon.colcon_core.shell:Skip shell extension 'dsv' for command environment
[1.457s] INFO:colcon.colcon_ros.task.ament_cmake.build:Building ROS package in '/Users/StevenOmole/Documents/ros_projects/ros_hand_gesture/src/interfaces' with build type 'ament_cmake'
[1.458s] INFO:colcon.colcon_cmake.task.cmake.build:Building CMake package in '/Users/StevenOmole/Documents/ros_projects/ros_hand_gesture/src/interfaces'
[1.459s] INFO:colcon.colcon_core.shell:Skip shell extension 'powershell' for command environment: Not usable outside of PowerShell
[1.459s] DEBUG:colcon.colcon_core.shell:Skip shell extension 'dsv' for command environment
[1.983s] INFO:colcon.colcon_core.task.python.build:Building Python package in '/Users/StevenOmole/Documents/ros_projects/ros_hand_gesture/src/controller'
[1.984s] INFO:colcon.colcon_core.shell:Skip shell extension 'powershell' for command environment: Not usable outside of PowerShell
[1.984s] DEBUG:colcon.colcon_core.shell:Skip shell extension 'dsv' for command environment
[2.005s] DEBUG:colcon.colcon_core.event_handler.log_command:Invoking command in '/Users/StevenOmole/Documents/ros_projects/ros_hand_gesture/build/description': CMAKE_PREFIX_PATH=${CMAKE_PREFIX_PATH}:/Users/StevenOmole/Documents/ros_projects/ros_hand_gesture/install/controller:/Users/StevenOmole/miniconda3/envs/ros_env CONDA_PROMPT_MODIFIER=(ros_env) SHLVL=2 _=/usr/bin/env /Users/StevenOmole/miniconda3/envs/ros_env/bin/cmake /Users/StevenOmole/Documents/ros_projects/ros_hand_gesture/src/description -DPython_EXECUTABLE=/Users/StevenOmole/miniconda3/envs/ros_env/bin/python -DCMAKE_INSTALL_PREFIX=/Users/StevenOmole/Documents/ros_projects/ros_hand_gesture/install/description
[2.017s] DEBUG:colcon.colcon_core.event_handler.log_command:Invoking command in '/Users/StevenOmole/Documents/ros_projects/ros_hand_gesture/build/interfaces': CMAKE_PREFIX_PATH=${CMAKE_PREFIX_PATH}:/Users/StevenOmole/Documents/ros_projects/ros_hand_gesture/install/controller:/Users/StevenOmole/miniconda3/envs/ros_env CONDA_PROMPT_MODIFIER=(ros_env) SHLVL=2 _=/usr/bin/env /Users/StevenOmole/miniconda3/envs/ros_env/bin/cmake /Users/StevenOmole/Documents/ros_projects/ros_hand_gesture/src/interfaces -DPython_EXECUTABLE=/Users/StevenOmole/miniconda3/envs/ros_env/bin/python -DCMAKE_INSTALL_PREFIX=/Users/StevenOmole/Documents/ros_projects/ros_hand_gesture/install/interfaces
[3.273s] DEBUG:colcon.colcon_core.event_handler.log_command:Invoking command in '/Users/StevenOmole/Documents/ros_projects/ros_hand_gesture/src/controller': CONDA_PROMPT_MODIFIER=(ros_env) PYTHONPATH=/Users/StevenOmole/Documents/ros_projects/ros_hand_gesture/build/controller/prefix_override:/Users/StevenOmole/Library/Python/3.9/lib/python/site-packages/colcon_core/task/python/colcon_distutils_commands:/Users/StevenOmole/Documents/ros_projects/ros_hand_gesture/install/controller/lib/python3.9/site-packages:${PYTHONPATH} SHLVL=2 _=/usr/bin/env /Applications/Xcode.app/Contents/Developer/usr/bin/python3 -W ignore:setup.py install is deprecated -W ignore:easy_install command is deprecated setup.py egg_info --egg-base ../../build/controller build --build-base /Users/StevenOmole/Documents/ros_projects/ros_hand_gesture/build/controller/build install --record /Users/StevenOmole/Documents/ros_projects/ros_hand_gesture/build/controller/install.log --single-version-externally-managed install_data
[4.388s] DEBUG:colcon.colcon_core.event_handler.log_command:Invoked command in '/Users/StevenOmole/Documents/ros_projects/ros_hand_gesture/src/controller' returned '0': CONDA_PROMPT_MODIFIER=(ros_env) PYTHONPATH=/Users/StevenOmole/Documents/ros_projects/ros_hand_gesture/build/controller/prefix_override:/Users/StevenOmole/Library/Python/3.9/lib/python/site-packages/colcon_core/task/python/colcon_distutils_commands:/Users/StevenOmole/Documents/ros_projects/ros_hand_gesture/install/controller/lib/python3.9/site-packages:${PYTHONPATH} SHLVL=2 _=/usr/bin/env /Applications/Xcode.app/Contents/Developer/usr/bin/python3 -W ignore:setup.py install is deprecated -W ignore:easy_install command is deprecated setup.py egg_info --egg-base ../../build/controller build --build-base /Users/StevenOmole/Documents/ros_projects/ros_hand_gesture/build/controller/build install --record /Users/StevenOmole/Documents/ros_projects/ros_hand_gesture/build/controller/install.log --single-version-externally-managed install_data
[4.399s] Level 1:colcon.colcon_core.environment:checking '/Users/StevenOmole/Documents/ros_projects/ros_hand_gesture/install/controller' for CMake module files
[4.400s] Level 1:colcon.colcon_core.environment:checking '/Users/StevenOmole/Documents/ros_projects/ros_hand_gesture/install/controller' for CMake config files
[4.402s] Level 1:colcon.colcon_core.environment:checking '/Users/StevenOmole/Documents/ros_projects/ros_hand_gesture/install/controller/lib'
[4.402s] Level 1:colcon.colcon_core.environment:checking '/Users/StevenOmole/Documents/ros_projects/ros_hand_gesture/install/controller/bin'
[4.402s] Level 1:colcon.colcon_core.environment:checking '/Users/StevenOmole/Documents/ros_projects/ros_hand_gesture/install/controller/lib/pkgconfig/controller.pc'
[4.403s] Level 1:colcon.colcon_core.environment:checking '/Users/StevenOmole/Documents/ros_projects/ros_hand_gesture/install/controller/lib/python3.9/site-packages'
[4.403s] Level 1:colcon.colcon_core.shell:create_environment_hook('controller', 'pythonpath')
[4.404s] INFO:colcon.colcon_core.shell:Creating environment hook '/Users/StevenOmole/Documents/ros_projects/ros_hand_gesture/install/controller/share/controller/hook/pythonpath.ps1'
[4.405s] INFO:colcon.colcon_core.shell:Creating environment descriptor '/Users/StevenOmole/Documents/ros_projects/ros_hand_gesture/install/controller/share/controller/hook/pythonpath.dsv'
[4.407s] INFO:colcon.colcon_core.shell:Creating environment hook '/Users/StevenOmole/Documents/ros_projects/ros_hand_gesture/install/controller/share/controller/hook/pythonpath.sh'
[4.410s] Level 1:colcon.colcon_core.environment:checking '/Users/StevenOmole/Documents/ros_projects/ros_hand_gesture/install/controller/bin'
[4.410s] Level 1:colcon.colcon_core.environment:create_environment_scripts_only(controller)
[4.410s] INFO:colcon.colcon_core.shell:Creating package script '/Users/StevenOmole/Documents/ros_projects/ros_hand_gesture/install/controller/share/controller/package.ps1'
[4.416s] INFO:colcon.colcon_core.shell:Creating package descriptor '/Users/StevenOmole/Documents/ros_projects/ros_hand_gesture/install/controller/share/controller/package.dsv'
[4.418s] INFO:colcon.colcon_core.shell:Creating package script '/Users/StevenOmole/Documents/ros_projects/ros_hand_gesture/install/controller/share/controller/package.sh'
[4.421s] INFO:colcon.colcon_core.shell:Creating package script '/Users/StevenOmole/Documents/ros_projects/ros_hand_gesture/install/controller/share/controller/package.bash'
[4.425s] INFO:colcon.colcon_core.shell:Creating package script '/Users/StevenOmole/Documents/ros_projects/ros_hand_gesture/install/controller/share/controller/package.zsh'
[4.429s] Level 1:colcon.colcon_core.environment:create_file_with_runtime_dependencies(/Users/StevenOmole/Documents/ros_projects/ros_hand_gesture/install/controller/share/colcon-core/packages/controller)
[7.869s] DEBUG:colcon.colcon_core.event_handler.log_command:Invoked command in '/Users/StevenOmole/Documents/ros_projects/ros_hand_gesture/build/description' returned '0': CMAKE_PREFIX_PATH=${CMAKE_PREFIX_PATH}:/Users/StevenOmole/Documents/ros_projects/ros_hand_gesture/install/controller:/Users/StevenOmole/miniconda3/envs/ros_env CONDA_PROMPT_MODIFIER=(ros_env) SHLVL=2 _=/usr/bin/env /Users/StevenOmole/miniconda3/envs/ros_env/bin/cmake /Users/StevenOmole/Documents/ros_projects/ros_hand_gesture/src/description -DPython_EXECUTABLE=/Users/StevenOmole/miniconda3/envs/ros_env/bin/python -DCMAKE_INSTALL_PREFIX=/Users/StevenOmole/Documents/ros_projects/ros_hand_gesture/install/description
[7.877s] DEBUG:colcon.colcon_core.event_handler.log_command:Invoking command in '/Users/StevenOmole/Documents/ros_projects/ros_hand_gesture/build/description': CMAKE_PREFIX_PATH=${CMAKE_PREFIX_PATH}:/Users/StevenOmole/Documents/ros_projects/ros_hand_gesture/install/controller:/Users/StevenOmole/miniconda3/envs/ros_env CONDA_PROMPT_MODIFIER=(ros_env) SHLVL=2 _=/usr/bin/env /Users/StevenOmole/miniconda3/envs/ros_env/bin/cmake --build /Users/StevenOmole/Documents/ros_projects/ros_hand_gesture/build/description -- -j8 -l8
[8.162s] DEBUG:colcon.colcon_core.event_handler.log_command:Invoked command in '/Users/StevenOmole/Documents/ros_projects/ros_hand_gesture/build/description' returned '0': CMAKE_PREFIX_PATH=${CMAKE_PREFIX_PATH}:/Users/StevenOmole/Documents/ros_projects/ros_hand_gesture/install/controller:/Users/StevenOmole/miniconda3/envs/ros_env CONDA_PROMPT_MODIFIER=(ros_env) SHLVL=2 _=/usr/bin/env /Users/StevenOmole/miniconda3/envs/ros_env/bin/cmake --build /Users/StevenOmole/Documents/ros_projects/ros_hand_gesture/build/description -- -j8 -l8
[8.235s] DEBUG:colcon.colcon_core.event_handler.log_command:Invoking command in '/Users/StevenOmole/Documents/ros_projects/ros_hand_gesture/build/description': CMAKE_PREFIX_PATH=${CMAKE_PREFIX_PATH}:/Users/StevenOmole/Documents/ros_projects/ros_hand_gesture/install/controller:/Users/StevenOmole/miniconda3/envs/ros_env CONDA_PROMPT_MODIFIER=(ros_env) SHLVL=2 _=/usr/bin/env /Users/StevenOmole/miniconda3/envs/ros_env/bin/cmake --install /Users/StevenOmole/Documents/ros_projects/ros_hand_gesture/build/description
[8.324s] Level 1:colcon.colcon_core.environment:create_environment_scripts_only(description)
[8.325s] Level 1:colcon.colcon_core.environment:checking '/Users/StevenOmole/Documents/ros_projects/ros_hand_gesture/install/description' for CMake module files
[8.326s] DEBUG:colcon.colcon_core.event_handler.log_command:Invoked command in '/Users/StevenOmole/Documents/ros_projects/ros_hand_gesture/build/description' returned '0': CMAKE_PREFIX_PATH=${CMAKE_PREFIX_PATH}:/Users/StevenOmole/Documents/ros_projects/ros_hand_gesture/install/controller:/Users/StevenOmole/miniconda3/envs/ros_env CONDA_PROMPT_MODIFIER=(ros_env) SHLVL=2 _=/usr/bin/env /Users/StevenOmole/miniconda3/envs/ros_env/bin/cmake --install /Users/StevenOmole/Documents/ros_projects/ros_hand_gesture/build/description
[8.327s] Level 1:colcon.colcon_core.environment:checking '/Users/StevenOmole/Documents/ros_projects/ros_hand_gesture/install/description' for CMake config files
[8.328s] Level 1:colcon.colcon_core.shell:create_environment_hook('description', 'cmake_prefix_path')
[8.328s] INFO:colcon.colcon_core.shell:Creating environment hook '/Users/StevenOmole/Documents/ros_projects/ros_hand_gesture/install/description/share/description/hook/cmake_prefix_path.ps1'
[8.330s] INFO:colcon.colcon_core.shell:Creating environment descriptor '/Users/StevenOmole/Documents/ros_projects/ros_hand_gesture/install/description/share/description/hook/cmake_prefix_path.dsv'
[8.332s] INFO:colcon.colcon_core.shell:Creating environment hook '/Users/StevenOmole/Documents/ros_projects/ros_hand_gesture/install/description/share/description/hook/cmake_prefix_path.sh'
[8.333s] Level 1:colcon.colcon_core.environment:checking '/Users/StevenOmole/Documents/ros_projects/ros_hand_gesture/install/description/lib'
[8.334s] Level 1:colcon.colcon_core.environment:checking '/Users/StevenOmole/Documents/ros_projects/ros_hand_gesture/install/description/bin'
[8.334s] Level 1:colcon.colcon_core.environment:checking '/Users/StevenOmole/Documents/ros_projects/ros_hand_gesture/install/description/lib/pkgconfig/description.pc'
[8.334s] Level 1:colcon.colcon_core.environment:checking '/Users/StevenOmole/Documents/ros_projects/ros_hand_gesture/install/description/lib/python3.9/site-packages'
[8.335s] Level 1:colcon.colcon_core.environment:checking '/Users/StevenOmole/Documents/ros_projects/ros_hand_gesture/install/description/bin'
[8.336s] INFO:colcon.colcon_core.shell:Creating package script '/Users/StevenOmole/Documents/ros_projects/ros_hand_gesture/install/description/share/description/package.ps1'
[8.338s] INFO:colcon.colcon_core.shell:Creating package descriptor '/Users/StevenOmole/Documents/ros_projects/ros_hand_gesture/install/description/share/description/package.dsv'
[8.340s] INFO:colcon.colcon_core.shell:Creating package script '/Users/StevenOmole/Documents/ros_projects/ros_hand_gesture/install/description/share/description/package.sh'
[8.341s] INFO:colcon.colcon_core.shell:Creating package script '/Users/StevenOmole/Documents/ros_projects/ros_hand_gesture/install/description/share/description/package.bash'
[8.342s] INFO:colcon.colcon_core.shell:Creating package script '/Users/StevenOmole/Documents/ros_projects/ros_hand_gesture/install/description/share/description/package.zsh'
[8.344s] Level 1:colcon.colcon_core.environment:create_file_with_runtime_dependencies(/Users/StevenOmole/Documents/ros_projects/ros_hand_gesture/install/description/share/colcon-core/packages/description)
[8.346s] Level 1:colcon.colcon_core.environment:create_environment_scripts_only(description)
[8.347s] Level 1:colcon.colcon_core.environment:checking '/Users/StevenOmole/Documents/ros_projects/ros_hand_gesture/install/description' for CMake module files
[8.348s] Level 1:colcon.colcon_core.environment:checking '/Users/StevenOmole/Documents/ros_projects/ros_hand_gesture/install/description' for CMake config files
[8.348s] Level 1:colcon.colcon_core.shell:create_environment_hook('description', 'cmake_prefix_path')
[8.348s] INFO:colcon.colcon_core.shell:Creating environment hook '/Users/StevenOmole/Documents/ros_projects/ros_hand_gesture/install/description/share/description/hook/cmake_prefix_path.ps1'
[8.350s] INFO:colcon.colcon_core.shell:Creating environment descriptor '/Users/StevenOmole/Documents/ros_projects/ros_hand_gesture/install/description/share/description/hook/cmake_prefix_path.dsv'
[8.351s] INFO:colcon.colcon_core.shell:Creating environment hook '/Users/StevenOmole/Documents/ros_projects/ros_hand_gesture/install/description/share/description/hook/cmake_prefix_path.sh'
[8.352s] Level 1:colcon.colcon_core.environment:checking '/Users/StevenOmole/Documents/ros_projects/ros_hand_gesture/install/description/lib'
[8.352s] Level 1:colcon.colcon_core.environment:checking '/Users/StevenOmole/Documents/ros_projects/ros_hand_gesture/install/description/bin'
[8.352s] Level 1:colcon.colcon_core.environment:checking '/Users/StevenOmole/Documents/ros_projects/ros_hand_gesture/install/description/lib/pkgconfig/description.pc'
[8.353s] Level 1:colcon.colcon_core.environment:checking '/Users/StevenOmole/Documents/ros_projects/ros_hand_gesture/install/description/lib/python3.9/site-packages'
[8.354s] Level 1:colcon.colcon_core.environment:checking '/Users/StevenOmole/Documents/ros_projects/ros_hand_gesture/install/description/bin'
[8.354s] INFO:colcon.colcon_core.shell:Creating package script '/Users/StevenOmole/Documents/ros_projects/ros_hand_gesture/install/description/share/description/package.ps1'
[8.356s] INFO:colcon.colcon_core.shell:Creating package descriptor '/Users/StevenOmole/Documents/ros_projects/ros_hand_gesture/install/description/share/description/package.dsv'
[8.358s] INFO:colcon.colcon_core.shell:Creating package script '/Users/StevenOmole/Documents/ros_projects/ros_hand_gesture/install/description/share/description/package.sh'
[8.359s] INFO:colcon.colcon_core.shell:Creating package script '/Users/StevenOmole/Documents/ros_projects/ros_hand_gesture/install/description/share/description/package.bash'
[8.361s] INFO:colcon.colcon_core.shell:Creating package script '/Users/StevenOmole/Documents/ros_projects/ros_hand_gesture/install/description/share/description/package.zsh'
[8.362s] Level 1:colcon.colcon_core.environment:create_file_with_runtime_dependencies(/Users/StevenOmole/Documents/ros_projects/ros_hand_gesture/install/description/share/colcon-core/packages/description)
[14.388s] DEBUG:colcon.colcon_core.event_handler.log_command:Invoked command in '/Users/StevenOmole/Documents/ros_projects/ros_hand_gesture/build/interfaces' returned '0': CMAKE_PREFIX_PATH=${CMAKE_PREFIX_PATH}:/Users/StevenOmole/Documents/ros_projects/ros_hand_gesture/install/controller:/Users/StevenOmole/miniconda3/envs/ros_env CONDA_PROMPT_MODIFIER=(ros_env) SHLVL=2 _=/usr/bin/env /Users/StevenOmole/miniconda3/envs/ros_env/bin/cmake /Users/StevenOmole/Documents/ros_projects/ros_hand_gesture/src/interfaces -DPython_EXECUTABLE=/Users/StevenOmole/miniconda3/envs/ros_env/bin/python -DCMAKE_INSTALL_PREFIX=/Users/StevenOmole/Documents/ros_projects/ros_hand_gesture/install/interfaces
[14.395s] DEBUG:colcon.colcon_core.event_handler.log_command:Invoking command in '/Users/StevenOmole/Documents/ros_projects/ros_hand_gesture/build/interfaces': CMAKE_PREFIX_PATH=${CMAKE_PREFIX_PATH}:/Users/StevenOmole/Documents/ros_projects/ros_hand_gesture/install/controller:/Users/StevenOmole/miniconda3/envs/ros_env CONDA_PROMPT_MODIFIER=(ros_env) SHLVL=2 _=/usr/bin/env /Users/StevenOmole/miniconda3/envs/ros_env/bin/cmake --build /Users/StevenOmole/Documents/ros_projects/ros_hand_gesture/build/interfaces -- -j8 -l8
[27.140s] DEBUG:colcon.colcon_core.event_handler.log_command:Invoked command in '/Users/StevenOmole/Documents/ros_projects/ros_hand_gesture/build/interfaces' returned '0': CMAKE_PREFIX_PATH=${CMAKE_PREFIX_PATH}:/Users/StevenOmole/Documents/ros_projects/ros_hand_gesture/install/controller:/Users/StevenOmole/miniconda3/envs/ros_env CONDA_PROMPT_MODIFIER=(ros_env) SHLVL=2 _=/usr/bin/env /Users/StevenOmole/miniconda3/envs/ros_env/bin/cmake --build /Users/StevenOmole/Documents/ros_projects/ros_hand_gesture/build/interfaces -- -j8 -l8
[27.147s] DEBUG:colcon.colcon_core.event_handler.log_command:Invoking command in '/Users/StevenOmole/Documents/ros_projects/ros_hand_gesture/build/interfaces': CMAKE_PREFIX_PATH=${CMAKE_PREFIX_PATH}:/Users/StevenOmole/Documents/ros_projects/ros_hand_gesture/install/controller:/Users/StevenOmole/miniconda3/envs/ros_env CONDA_PROMPT_MODIFIER=(ros_env) SHLVL=2 _=/usr/bin/env /Users/StevenOmole/miniconda3/envs/ros_env/bin/cmake --install /Users/StevenOmole/Documents/ros_projects/ros_hand_gesture/build/interfaces
[27.772s] Level 1:colcon.colcon_core.environment:create_environment_scripts_only(interfaces)
[27.773s] Level 1:colcon.colcon_core.environment:checking '/Users/StevenOmole/Documents/ros_projects/ros_hand_gesture/install/interfaces' for CMake module files
[27.774s] DEBUG:colcon.colcon_core.event_handler.log_command:Invoked command in '/Users/StevenOmole/Documents/ros_projects/ros_hand_gesture/build/interfaces' returned '0': CMAKE_PREFIX_PATH=${CMAKE_PREFIX_PATH}:/Users/StevenOmole/Documents/ros_projects/ros_hand_gesture/install/controller:/Users/StevenOmole/miniconda3/envs/ros_env CONDA_PROMPT_MODIFIER=(ros_env) SHLVL=2 _=/usr/bin/env /Users/StevenOmole/miniconda3/envs/ros_env/bin/cmake --install /Users/StevenOmole/Documents/ros_projects/ros_hand_gesture/build/interfaces
[27.776s] Level 1:colcon.colcon_core.environment:checking '/Users/StevenOmole/Documents/ros_projects/ros_hand_gesture/install/interfaces' for CMake config files
[27.778s] Level 1:colcon.colcon_core.shell:create_environment_hook('interfaces', 'cmake_prefix_path')
[27.778s] INFO:colcon.colcon_core.shell:Creating environment hook '/Users/StevenOmole/Documents/ros_projects/ros_hand_gesture/install/interfaces/share/interfaces/hook/cmake_prefix_path.ps1'
[27.781s] INFO:colcon.colcon_core.shell:Creating environment descriptor '/Users/StevenOmole/Documents/ros_projects/ros_hand_gesture/install/interfaces/share/interfaces/hook/cmake_prefix_path.dsv'
[27.783s] INFO:colcon.colcon_core.shell:Creating environment hook '/Users/StevenOmole/Documents/ros_projects/ros_hand_gesture/install/interfaces/share/interfaces/hook/cmake_prefix_path.sh'
[27.785s] Level 1:colcon.colcon_core.environment:checking '/Users/StevenOmole/Documents/ros_projects/ros_hand_gesture/install/interfaces/lib'
[27.786s] Level 1:colcon.colcon_core.shell:create_environment_hook('interfaces', 'dyld_library_path')
[27.786s] INFO:colcon.colcon_core.shell:Creating environment hook '/Users/StevenOmole/Documents/ros_projects/ros_hand_gesture/install/interfaces/share/interfaces/hook/dyld_library_path.ps1'
[27.787s] INFO:colcon.colcon_core.shell:Creating environment descriptor '/Users/StevenOmole/Documents/ros_projects/ros_hand_gesture/install/interfaces/share/interfaces/hook/dyld_library_path.dsv'
[27.788s] INFO:colcon.colcon_core.shell:Creating environment hook '/Users/StevenOmole/Documents/ros_projects/ros_hand_gesture/install/interfaces/share/interfaces/hook/dyld_library_path.sh'
[27.790s] Level 1:colcon.colcon_core.environment:checking '/Users/StevenOmole/Documents/ros_projects/ros_hand_gesture/install/interfaces/bin'
[27.790s] Level 1:colcon.colcon_core.environment:checking '/Users/StevenOmole/Documents/ros_projects/ros_hand_gesture/install/interfaces/lib/pkgconfig/interfaces.pc'
[27.790s] Level 1:colcon.colcon_core.environment:checking '/Users/StevenOmole/Documents/ros_projects/ros_hand_gesture/install/interfaces/lib/python3.9/site-packages'
[27.791s] Level 1:colcon.colcon_core.environment:checking '/Users/StevenOmole/Documents/ros_projects/ros_hand_gesture/install/interfaces/bin'
[27.792s] INFO:colcon.colcon_core.shell:Creating package script '/Users/StevenOmole/Documents/ros_projects/ros_hand_gesture/install/interfaces/share/interfaces/package.ps1'
[27.794s] INFO:colcon.colcon_core.shell:Creating package descriptor '/Users/StevenOmole/Documents/ros_projects/ros_hand_gesture/install/interfaces/share/interfaces/package.dsv'
[27.796s] INFO:colcon.colcon_core.shell:Creating package script '/Users/StevenOmole/Documents/ros_projects/ros_hand_gesture/install/interfaces/share/interfaces/package.sh'
[27.798s] INFO:colcon.colcon_core.shell:Creating package script '/Users/StevenOmole/Documents/ros_projects/ros_hand_gesture/install/interfaces/share/interfaces/package.bash'
[27.800s] INFO:colcon.colcon_core.shell:Creating package script '/Users/StevenOmole/Documents/ros_projects/ros_hand_gesture/install/interfaces/share/interfaces/package.zsh'
[27.802s] Level 1:colcon.colcon_core.environment:create_file_with_runtime_dependencies(/Users/StevenOmole/Documents/ros_projects/ros_hand_gesture/install/interfaces/share/colcon-core/packages/interfaces)
[27.804s] Level 1:colcon.colcon_core.environment:create_environment_scripts_only(interfaces)
[27.804s] Level 1:colcon.colcon_core.environment:checking '/Users/StevenOmole/Documents/ros_projects/ros_hand_gesture/install/interfaces' for CMake module files
[27.807s] Level 1:colcon.colcon_core.environment:checking '/Users/StevenOmole/Documents/ros_projects/ros_hand_gesture/install/interfaces' for CMake config files
[27.809s] Level 1:colcon.colcon_core.shell:create_environment_hook('interfaces', 'cmake_prefix_path')
[27.809s] INFO:colcon.colcon_core.shell:Creating environment hook '/Users/StevenOmole/Documents/ros_projects/ros_hand_gesture/install/interfaces/share/interfaces/hook/cmake_prefix_path.ps1'
[27.810s] INFO:colcon.colcon_core.shell:Creating environment descriptor '/Users/StevenOmole/Documents/ros_projects/ros_hand_gesture/install/interfaces/share/interfaces/hook/cmake_prefix_path.dsv'
[27.811s] INFO:colcon.colcon_core.shell:Creating environment hook '/Users/StevenOmole/Documents/ros_projects/ros_hand_gesture/install/interfaces/share/interfaces/hook/cmake_prefix_path.sh'
[27.813s] Level 1:colcon.colcon_core.environment:checking '/Users/StevenOmole/Documents/ros_projects/ros_hand_gesture/install/interfaces/lib'
[27.813s] Level 1:colcon.colcon_core.shell:create_environment_hook('interfaces', 'dyld_library_path')
[27.813s] INFO:colcon.colcon_core.shell:Creating environment hook '/Users/StevenOmole/Documents/ros_projects/ros_hand_gesture/install/interfaces/share/interfaces/hook/dyld_library_path.ps1'
[27.815s] INFO:colcon.colcon_core.shell:Creating environment descriptor '/Users/StevenOmole/Documents/ros_projects/ros_hand_gesture/install/interfaces/share/interfaces/hook/dyld_library_path.dsv'
[27.816s] INFO:colcon.colcon_core.shell:Creating environment hook '/Users/StevenOmole/Documents/ros_projects/ros_hand_gesture/install/interfaces/share/interfaces/hook/dyld_library_path.sh'
[27.817s] Level 1:colcon.colcon_core.environment:checking '/Users/StevenOmole/Documents/ros_projects/ros_hand_gesture/install/interfaces/bin'
[27.817s] Level 1:colcon.colcon_core.environment:checking '/Users/StevenOmole/Documents/ros_projects/ros_hand_gesture/install/interfaces/lib/pkgconfig/interfaces.pc'
[27.817s] Level 1:colcon.colcon_core.environment:checking '/Users/StevenOmole/Documents/ros_projects/ros_hand_gesture/install/interfaces/lib/python3.9/site-packages'
[27.818s] Level 1:colcon.colcon_core.environment:checking '/Users/StevenOmole/Documents/ros_projects/ros_hand_gesture/install/interfaces/bin'
[27.819s] INFO:colcon.colcon_core.shell:Creating package script '/Users/StevenOmole/Documents/ros_projects/ros_hand_gesture/install/interfaces/share/interfaces/package.ps1'
[27.821s] INFO:colcon.colcon_core.shell:Creating package descriptor '/Users/StevenOmole/Documents/ros_projects/ros_hand_gesture/install/interfaces/share/interfaces/package.dsv'
[27.823s] INFO:colcon.colcon_core.shell:Creating package script '/Users/StevenOmole/Documents/ros_projects/ros_hand_gesture/install/interfaces/share/interfaces/package.sh'
[27.824s] INFO:colcon.colcon_core.shell:Creating package script '/Users/StevenOmole/Documents/ros_projects/ros_hand_gesture/install/interfaces/share/interfaces/package.bash'
[27.825s] INFO:colcon.colcon_core.shell:Creating package script '/Users/StevenOmole/Documents/ros_projects/ros_hand_gesture/install/interfaces/share/interfaces/package.zsh'
[27.826s] Level 1:colcon.colcon_core.environment:create_file_with_runtime_dependencies(/Users/StevenOmole/Documents/ros_projects/ros_hand_gesture/install/interfaces/share/colcon-core/packages/interfaces)
[27.828s] DEBUG:colcon.colcon_parallel_executor.executor.parallel:closing loop
[27.828s] DEBUG:colcon.colcon_parallel_executor.executor.parallel:loop closed
[27.828s] DEBUG:colcon.colcon_parallel_executor.executor.parallel:run_until_complete finished with '0'
[27.828s] DEBUG:colcon.colcon_core.event_reactor:joining thread
[27.834s] INFO:colcon.colcon_core.plugin_system:Skipping extension 'colcon_notification.desktop_notification.notify2': 'notify2' not found
[27.834s] INFO:colcon.colcon_core.plugin_system:Skipping extension 'colcon_notification.desktop_notification.notify_send': Not used on non-Linux systems
[27.834s] INFO:colcon.colcon_core.plugin_system:Skipping extension 'colcon_notification.desktop_notification.win32': Not used on non-Windows systems
[27.835s] INFO:colcon.colcon_notification.desktop_notification:Sending desktop notification using 'terminal_notifier'
[27.934s] DEBUG:colcon.colcon_core.event_reactor:joined thread
[27.936s] INFO:colcon.colcon_core.shell:Creating prefix script '/Users/StevenOmole/Documents/ros_projects/ros_hand_gesture/install/local_setup.ps1'
[27.942s] INFO:colcon.colcon_core.shell:Creating prefix util module '/Users/StevenOmole/Documents/ros_projects/ros_hand_gesture/install/_local_setup_util_ps1.py'
[27.949s] INFO:colcon.colcon_core.shell:Creating prefix chain script '/Users/StevenOmole/Documents/ros_projects/ros_hand_gesture/install/setup.ps1'
[27.954s] INFO:colcon.colcon_core.shell:Creating prefix script '/Users/StevenOmole/Documents/ros_projects/ros_hand_gesture/install/local_setup.sh'
[27.957s] INFO:colcon.colcon_core.shell:Creating prefix util module '/Users/StevenOmole/Documents/ros_projects/ros_hand_gesture/install/_local_setup_util_sh.py'
[27.959s] INFO:colcon.colcon_core.shell:Creating prefix chain script '/Users/StevenOmole/Documents/ros_projects/ros_hand_gesture/install/setup.sh'
[27.963s] INFO:colcon.colcon_core.shell:Creating prefix script '/Users/StevenOmole/Documents/ros_projects/ros_hand_gesture/install/local_setup.bash'
[27.966s] INFO:colcon.colcon_core.shell:Creating prefix chain script '/Users/StevenOmole/Documents/ros_projects/ros_hand_gesture/install/setup.bash'
[27.972s] INFO:colcon.colcon_core.shell:Creating prefix script '/Users/StevenOmole/Documents/ros_projects/ros_hand_gesture/install/local_setup.zsh'
[27.977s] INFO:colcon.colcon_core.shell:Creating prefix chain script '/Users/StevenOmole/Documents/ros_projects/ros_hand_gesture/install/setup.zsh'
