[0.696s] Invoking command in '/Users/StevenOmole/Documents/ros_projects/ros_hand_gesture/build/interfaces': CMAKE_PREFIX_PATH=${CMAKE_PREFIX_PATH}:/Users/StevenOmole/Documents/ros_projects/ros_hand_gesture/install/controller:/Users/StevenOmole/miniconda3/envs/ros_env CONDA_PROMPT_MODIFIER=(ros_env) SHLVL=2 _=/usr/bin/env /Users/StevenOmole/miniconda3/envs/ros_env/bin/cmake /Users/StevenOmole/Documents/ros_projects/ros_hand_gesture/src/interfaces -DPython_EXECUTABLE=/Users/StevenOmole/miniconda3/envs/ros_env/bin/python -DPYTHON_EXECUTABLE=/Users/StevenOmole/miniconda3/envs/ros_env/bin/python -DCMAKE_INSTALL_PREFIX=/Users/StevenOmole/Documents/ros_projects/ros_hand_gesture/install/interfaces
[0.900s] CMake Deprecation Warning at CMakeLists.txt:1 (cmake_minimum_required):
[0.900s]   Compatibility with CMake < 3.10 will be removed from a future version of
[0.900s]   CMake.
[0.901s] 
[0.901s]   Update the VERSION argument <min> value.  Or, use the <min>...<max> syntax
[0.901s]   to tell CMake that the project requires at least <min> but has been updated
[0.902s]   to work with policies introduced by <max> or earlier.
[0.902s] 
[0.902s] 
[2.236s] -- The C compiler identification is AppleClang 17.0.0.17000013
[2.605s] -- The CXX compiler identification is AppleClang 17.0.0.17000013
[2.771s] -- Detecting C compiler ABI info
[3.664s] -- Detecting C compiler ABI info - done
[3.714s] -- Check for working C compiler: /usr/bin/cc - skipped
[3.717s] -- Detecting C compile features
[3.719s] -- Detecting C compile features - done
[3.742s] -- Detecting CXX compiler ABI info
[4.636s] -- Detecting CXX compiler ABI info - done
[4.680s] -- Check for working CXX compiler: /usr/bin/c++ - skipped
[4.681s] -- Detecting CXX compile features
[4.681s] -- Detecting CXX compile features - done
[4.821s] -- Found ament_cmake: 1.3.12 (/Users/StevenOmole/miniconda3/envs/ros_env/share/ament_cmake/cmake)
[5.359s] -- Found Python3: /Users/StevenOmole/miniconda3/envs/ros_env/bin/python3 (found version "3.11.15") found components: Interpreter
[6.440s] -- Found rosidl_default_generators: 1.2.0 (/Users/StevenOmole/miniconda3/envs/ros_env/share/rosidl_default_generators/cmake)
[6.480s] -- Using all available rosidl_typesupport_c: rosidl_typesupport_fastrtps_c;rosidl_typesupport_introspection_c
[6.586s] -- Found rosidl_adapter: 3.1.6 (/Users/StevenOmole/miniconda3/envs/ros_env/share/rosidl_adapter/cmake)
[7.260s] -- Using all available rosidl_typesupport_cpp: rosidl_typesupport_fastrtps_cpp;rosidl_typesupport_introspection_cpp
[9.311s] -- Found ament_cmake_ros: 0.10.0 (/Users/StevenOmole/miniconda3/envs/ros_env/share/ament_cmake_ros/cmake)
[10.573s] -- Using all available rosidl_typesupport_c: rosidl_typesupport_fastrtps_c;rosidl_typesupport_introspection_c
[12.019s] -- Using all available rosidl_typesupport_cpp: rosidl_typesupport_fastrtps_cpp;rosidl_typesupport_introspection_cpp
[12.068s] -- Found python_cmake_module: 0.10.0 (/Users/StevenOmole/miniconda3/envs/ros_env/share/python_cmake_module/cmake)
[12.072s] CMake Warning (dev) at /Users/StevenOmole/miniconda3/envs/ros_env/share/python_cmake_module/cmake/Modules/FindPythonExtra.cmake:52 (find_package):
[12.073s]   Policy CMP0148 is not set: The FindPythonInterp and FindPythonLibs modules
[12.073s]   are removed.  Run "cmake --help-policy CMP0148" for policy details.  Use
[12.074s]   the cmake_policy command to set the policy and suppress this warning.
[12.074s] 
[12.074s] Call Stack (most recent call first):
[12.074s]   /Users/StevenOmole/miniconda3/envs/ros_env/share/rosidl_generator_py/cmake/rosidl_generator_py_generate_interfaces.cmake:33 (find_package)
[12.074s]   /Users/StevenOmole/miniconda3/envs/ros_env/share/ament_cmake_core/cmake/core/ament_execute_extensions.cmake:48 (include)
[12.074s]   /Users/StevenOmole/miniconda3/envs/ros_env/share/rosidl_cmake/cmake/rosidl_generate_interfaces.cmake:286 (ament_execute_extensions)
[12.075s]   CMakeLists.txt:12 (rosidl_generate_interfaces)
[12.075s] This warning is for project developers.  Use -Wno-dev to suppress it.
[12.075s] 
[12.116s] -- Found PythonInterp: /Users/StevenOmole/miniconda3/envs/ros_env/bin/python (found suitable version "3.11.15", minimum required is "3.6")
[12.183s] -- Using PythonExtra_INCLUDE_DIRS: /Users/StevenOmole/miniconda3/envs/ros_env/include/python3.11;/Users/StevenOmole/miniconda3/envs/ros_env/include/python3.11
[12.302s] -- Using PythonExtra_LIBRARIES: /Users/StevenOmole/miniconda3/envs/ros_env/lib/libpython3.11.dylib
[12.363s] -- Found PythonExtra: .so
[13.740s] -- Found Python: /Users/StevenOmole/miniconda3/envs/ros_env/bin/python (found version "3.11.15") found components: Interpreter Development NumPy Development.Module Development.Embed
[13.931s] -- Found ament_lint_auto: 0.12.12 (/Users/StevenOmole/miniconda3/envs/ros_env/share/ament_lint_auto/cmake)
[14.233s] -- Added test 'lint_cmake' to check CMake code style
[14.242s] -- Added test 'xmllint' to check XML markup files
[14.255s] -- Configuring done (13.4s)
[14.481s] -- Generating done (0.2s)
[14.593s] -- Build files have been written to: /Users/StevenOmole/Documents/ros_projects/ros_hand_gesture/build/interfaces
[14.612s] Invoked command in '/Users/StevenOmole/Documents/ros_projects/ros_hand_gesture/build/interfaces' returned '0': CMAKE_PREFIX_PATH=${CMAKE_PREFIX_PATH}:/Users/StevenOmole/Documents/ros_projects/ros_hand_gesture/install/controller:/Users/StevenOmole/miniconda3/envs/ros_env CONDA_PROMPT_MODIFIER=(ros_env) SHLVL=2 _=/usr/bin/env /Users/StevenOmole/miniconda3/envs/ros_env/bin/cmake /Users/StevenOmole/Documents/ros_projects/ros_hand_gesture/src/interfaces -DPython_EXECUTABLE=/Users/StevenOmole/miniconda3/envs/ros_env/bin/python -DPYTHON_EXECUTABLE=/Users/StevenOmole/miniconda3/envs/ros_env/bin/python -DCMAKE_INSTALL_PREFIX=/Users/StevenOmole/Documents/ros_projects/ros_hand_gesture/install/interfaces
[14.614s] Invoking command in '/Users/StevenOmole/Documents/ros_projects/ros_hand_gesture/build/interfaces': CMAKE_PREFIX_PATH=${CMAKE_PREFIX_PATH}:/Users/StevenOmole/Documents/ros_projects/ros_hand_gesture/install/controller:/Users/StevenOmole/miniconda3/envs/ros_env CONDA_PROMPT_MODIFIER=(ros_env) SHLVL=2 _=/usr/bin/env /Users/StevenOmole/miniconda3/envs/ros_env/bin/cmake --build /Users/StevenOmole/Documents/ros_projects/ros_hand_gesture/build/interfaces -- -j8 -l8
[14.964s] [  2%] Generating C code for ROS interfaces
[15.072s] [  4%] Generating C++ code for ROS interfaces
[15.140s] [  4%] Built target ament_cmake_python_copy_interfaces
[15.960s] running egg_info
[16.044s] creating interfaces.egg-info
[16.044s] writing interfaces.egg-info/PKG-INFO
[16.048s] writing dependency_links to interfaces.egg-info/dependency_links.txt
[16.049s] writing top-level names to interfaces.egg-info/top_level.txt
[16.049s] writing manifest file 'interfaces.egg-info/SOURCES.txt'
[16.433s] [  6%] Building C object CMakeFiles/interfaces__rosidl_generator_c.dir/rosidl_generator_c/interfaces/msg/detail/finger_state__functions.c.o
[16.440s] reading manifest file 'interfaces.egg-info/SOURCES.txt'
[16.442s] [  8%] Building C object CMakeFiles/interfaces__rosidl_generator_c.dir/rosidl_generator_c/interfaces/srv/detail/set_finger__functions.c.o
[16.443s] writing manifest file 'interfaces.egg-info/SOURCES.txt'
[16.447s] [ 10%] Building C object CMakeFiles/interfaces__rosidl_generator_c.dir/rosidl_generator_c/interfaces/action/detail/gesture__functions.c.o
[16.457s] [ 10%] Built target interfaces__cpp
[16.612s] [ 12%] Generating C++ type support dispatch for ROS interfaces
[16.621s] [ 14%] Generating C++ type support for eProsima Fast-RTPS
[16.627s] [ 17%] Generating C++ introspection for ROS interfaces
[16.667s] [ 17%] Built target ament_cmake_python_build_interfaces_egg
[16.923s] [ 19%] Linking C shared library libinterfaces__rosidl_generator_c.dylib
[17.262s] [ 19%] Built target interfaces__rosidl_generator_c
[17.419s] [ 21%] Generating C type support for eProsima Fast-RTPS
[17.430s] [ 25%] Generating C introspection for ROS interfaces
[17.430s] [ 25%] Generating C type support dispatch for ROS interfaces
[17.549s] [ 27%] Building CXX object CMakeFiles/interfaces__rosidl_typesupport_cpp.dir/rosidl_typesupport_cpp/interfaces/msg/finger_state__type_support.cpp.o
[17.726s] [ 29%] Building CXX object CMakeFiles/interfaces__rosidl_typesupport_cpp.dir/rosidl_typesupport_cpp/interfaces/srv/set_finger__type_support.cpp.o
[17.749s] [ 31%] Building CXX object CMakeFiles/interfaces__rosidl_typesupport_cpp.dir/rosidl_typesupport_cpp/interfaces/action/gesture__type_support.cpp.o
[17.799s] [ 34%] Building CXX object CMakeFiles/interfaces__rosidl_typesupport_introspection_cpp.dir/rosidl_typesupport_introspection_cpp/interfaces/msg/detail/finger_state__type_support.cpp.o
[17.915s] [ 36%] Building CXX object CMakeFiles/interfaces__rosidl_typesupport_fastrtps_cpp.dir/rosidl_typesupport_fastrtps_cpp/interfaces/msg/detail/dds_fastrtps/finger_state__type_support.cpp.o
[18.930s] [ 38%] Building CXX object CMakeFiles/interfaces__rosidl_typesupport_c.dir/rosidl_typesupport_c/interfaces/msg/finger_state__type_support.cpp.o
[19.258s] [ 40%] Building CXX object CMakeFiles/interfaces__rosidl_typesupport_c.dir/rosidl_typesupport_c/interfaces/srv/set_finger__type_support.cpp.o
[19.271s] [ 42%] Building C object CMakeFiles/interfaces__rosidl_typesupport_introspection_c.dir/rosidl_typesupport_introspection_c/interfaces/msg/detail/finger_state__type_support.c.o
[19.304s] [ 44%] Building CXX object CMakeFiles/interfaces__rosidl_typesupport_fastrtps_c.dir/rosidl_typesupport_fastrtps_c/interfaces/msg/detail/finger_state__type_support_c.cpp.o
[19.540s] [ 46%] Building CXX object CMakeFiles/interfaces__rosidl_typesupport_c.dir/rosidl_typesupport_c/interfaces/action/gesture__type_support.cpp.o
[19.565s] [ 48%] Building C object CMakeFiles/interfaces__rosidl_typesupport_introspection_c.dir/rosidl_typesupport_introspection_c/interfaces/srv/detail/set_finger__type_support.c.o
[19.671s] [ 51%] Building CXX object CMakeFiles/interfaces__rosidl_typesupport_fastrtps_c.dir/rosidl_typesupport_fastrtps_c/interfaces/srv/detail/set_finger__type_support_c.cpp.o
[19.678s] [ 53%] Building CXX object CMakeFiles/interfaces__rosidl_typesupport_introspection_cpp.dir/rosidl_typesupport_introspection_cpp/interfaces/srv/detail/set_finger__type_support.cpp.o
[19.766s] [ 55%] Building C object CMakeFiles/interfaces__rosidl_typesupport_introspection_c.dir/rosidl_typesupport_introspection_c/interfaces/action/detail/gesture__type_support.c.o
[19.869s] [ 57%] Building CXX object CMakeFiles/interfaces__rosidl_typesupport_fastrtps_cpp.dir/rosidl_typesupport_fastrtps_cpp/interfaces/srv/detail/dds_fastrtps/set_finger__type_support.cpp.o
[19.888s] [ 59%] Linking CXX shared library libinterfaces__rosidl_typesupport_c.dylib
[20.091s] [ 61%] Linking C shared library libinterfaces__rosidl_typesupport_introspection_c.dylib
[20.141s] [ 63%] Building CXX object CMakeFiles/interfaces__rosidl_typesupport_fastrtps_c.dir/rosidl_typesupport_fastrtps_c/interfaces/action/detail/gesture__type_support_c.cpp.o
[20.229s] [ 65%] Linking CXX shared library libinterfaces__rosidl_typesupport_cpp.dylib
[20.314s] [ 65%] Built target interfaces__rosidl_typesupport_c
[20.461s] [ 68%] Building CXX object CMakeFiles/interfaces__rosidl_typesupport_introspection_cpp.dir/rosidl_typesupport_introspection_cpp/interfaces/action/detail/gesture__type_support.cpp.o
[20.509s] [ 68%] Built target interfaces__rosidl_typesupport_introspection_c
[20.647s] [ 70%] Building CXX object CMakeFiles/interfaces__rosidl_typesupport_fastrtps_cpp.dir/rosidl_typesupport_fastrtps_cpp/interfaces/action/detail/dds_fastrtps/gesture__type_support.cpp.o
[20.661s] [ 70%] Built target interfaces__rosidl_typesupport_cpp
[21.933s] [ 72%] Linking CXX shared library libinterfaces__rosidl_typesupport_fastrtps_c.dylib
[22.201s] [ 72%] Built target interfaces__rosidl_typesupport_fastrtps_c
[22.237s] [ 74%] Linking CXX shared library libinterfaces__rosidl_typesupport_introspection_cpp.dylib
[22.363s] [ 76%] Linking CXX shared library libinterfaces__rosidl_typesupport_fastrtps_cpp.dylib
[22.551s] [ 76%] Built target interfaces__rosidl_typesupport_introspection_cpp
[22.758s] [ 76%] Built target interfaces__rosidl_typesupport_fastrtps_cpp
[23.131s] [ 76%] Built target interfaces
[23.465s] [ 78%] Generating Python code for ROS interfaces
[24.975s] [ 78%] Built target interfaces__py
[25.190s] [ 80%] Building C object CMakeFiles/interfaces__rosidl_generator_py.dir/rosidl_generator_py/interfaces/msg/_finger_state_s.c.o
[25.192s] [ 82%] Building C object CMakeFiles/interfaces__rosidl_generator_py.dir/rosidl_generator_py/interfaces/srv/_set_finger_s.c.o
[25.195s] [ 85%] Building C object CMakeFiles/interfaces__rosidl_generator_py.dir/rosidl_generator_py/interfaces/action/_gesture_s.c.o
[25.649s] [ 87%] Linking C shared library rosidl_generator_py/interfaces/libinterfaces__rosidl_generator_py.dylib
[25.978s] [ 87%] Built target interfaces__rosidl_generator_py
[26.249s] [ 89%] Building C object CMakeFiles/interfaces__rosidl_typesupport_introspection_c__pyext.dir/rosidl_generator_py/interfaces/_interfaces_s.ep.rosidl_typesupport_introspection_c.c.o
[26.251s] [ 91%] Building C object CMakeFiles/interfaces__rosidl_typesupport_c__pyext.dir/rosidl_generator_py/interfaces/_interfaces_s.ep.rosidl_typesupport_c.c.o
[26.255s] [ 93%] Building C object CMakeFiles/interfaces__rosidl_typesupport_fastrtps_c__pyext.dir/rosidl_generator_py/interfaces/_interfaces_s.ep.rosidl_typesupport_fastrtps_c.c.o
[26.576s] [ 95%] Linking C shared library rosidl_generator_py/interfaces/interfaces_s__rosidl_typesupport_c.cpython-311-darwin.so
[26.581s] [ 97%] Linking C shared library rosidl_generator_py/interfaces/interfaces_s__rosidl_typesupport_fastrtps_c.cpython-311-darwin.so
[26.586s] [100%] Linking C shared library rosidl_generator_py/interfaces/interfaces_s__rosidl_typesupport_introspection_c.cpython-311-darwin.so
[26.878s] [100%] Built target interfaces__rosidl_typesupport_c__pyext
[26.880s] [100%] Built target interfaces__rosidl_typesupport_introspection_c__pyext
[26.882s] [100%] Built target interfaces__rosidl_typesupport_fastrtps_c__pyext
[26.958s] Invoked command in '/Users/StevenOmole/Documents/ros_projects/ros_hand_gesture/build/interfaces' returned '0': CMAKE_PREFIX_PATH=${CMAKE_PREFIX_PATH}:/Users/StevenOmole/Documents/ros_projects/ros_hand_gesture/install/controller:/Users/StevenOmole/miniconda3/envs/ros_env CONDA_PROMPT_MODIFIER=(ros_env) SHLVL=2 _=/usr/bin/env /Users/StevenOmole/miniconda3/envs/ros_env/bin/cmake --build /Users/StevenOmole/Documents/ros_projects/ros_hand_gesture/build/interfaces -- -j8 -l8
[26.964s] Invoking command in '/Users/StevenOmole/Documents/ros_projects/ros_hand_gesture/build/interfaces': CMAKE_PREFIX_PATH=${CMAKE_PREFIX_PATH}:/Users/StevenOmole/Documents/ros_projects/ros_hand_gesture/install/controller:/Users/StevenOmole/miniconda3/envs/ros_env CONDA_PROMPT_MODIFIER=(ros_env) SHLVL=2 _=/usr/bin/env /Users/StevenOmole/miniconda3/envs/ros_env/bin/cmake --install /Users/StevenOmole/Documents/ros_projects/ros_hand_gesture/build/interfaces
[27.029s] -- Install configuration: ""
[27.029s] -- Installing: /Users/StevenOmole/Documents/ros_projects/ros_hand_gesture/install/interfaces/share/ament_index/resource_index/rosidl_interfaces/interfaces
[27.029s] -- Installing: /Users/StevenOmole/Documents/ros_projects/ros_hand_gesture/install/interfaces/include/interfaces/interfaces
[27.030s] -- Installing: /Users/StevenOmole/Documents/ros_projects/ros_hand_gesture/install/interfaces/include/interfaces/interfaces/msg
[27.030s] -- Installing: /Users/StevenOmole/Documents/ros_projects/ros_hand_gesture/install/interfaces/include/interfaces/interfaces/msg/rosidl_generator_c__visibility_control.h
[27.031s] -- Installing: /Users/StevenOmole/Documents/ros_projects/ros_hand_gesture/install/interfaces/include/interfaces/interfaces/msg/detail
[27.031s] -- Installing: /Users/StevenOmole/Documents/ros_projects/ros_hand_gesture/install/interfaces/include/interfaces/interfaces/msg/detail/finger_state__functions.c
[27.032s] -- Installing: /Users/StevenOmole/Documents/ros_projects/ros_hand_gesture/install/interfaces/include/interfaces/interfaces/msg/detail/finger_state__functions.h
[27.032s] -- Installing: /Users/StevenOmole/Documents/ros_projects/ros_hand_gesture/install/interfaces/include/interfaces/interfaces/msg/detail/finger_state__type_support.h
[27.033s] -- Installing: /Users/StevenOmole/Documents/ros_projects/ros_hand_gesture/install/interfaces/include/interfaces/interfaces/msg/detail/finger_state__struct.h
[27.033s] -- Installing: /Users/StevenOmole/Documents/ros_projects/ros_hand_gesture/install/interfaces/include/interfaces/interfaces/msg/finger_state.h
[27.033s] -- Installing: /Users/StevenOmole/Documents/ros_projects/ros_hand_gesture/install/interfaces/include/interfaces/interfaces/action
[27.034s] -- Installing: /Users/StevenOmole/Documents/ros_projects/ros_hand_gesture/install/interfaces/include/interfaces/interfaces/action/detail
[27.034s] -- Installing: /Users/StevenOmole/Documents/ros_projects/ros_hand_gesture/install/interfaces/include/interfaces/interfaces/action/detail/gesture__functions.h
[27.034s] -- Installing: /Users/StevenOmole/Documents/ros_projects/ros_hand_gesture/install/interfaces/include/interfaces/interfaces/action/detail/gesture__functions.c
[27.035s] -- Installing: /Users/StevenOmole/Documents/ros_projects/ros_hand_gesture/install/interfaces/include/interfaces/interfaces/action/detail/gesture__type_support.h
[27.035s] -- Installing: /Users/StevenOmole/Documents/ros_projects/ros_hand_gesture/install/interfaces/include/interfaces/interfaces/action/detail/gesture__struct.h
[27.036s] -- Installing: /Users/StevenOmole/Documents/ros_projects/ros_hand_gesture/install/interfaces/include/interfaces/interfaces/action/gesture.h
[27.036s] -- Installing: /Users/StevenOmole/Documents/ros_projects/ros_hand_gesture/install/interfaces/include/interfaces/interfaces/srv
[27.037s] -- Installing: /Users/StevenOmole/Documents/ros_projects/ros_hand_gesture/install/interfaces/include/interfaces/interfaces/srv/set_finger.h
[27.037s] -- Installing: /Users/StevenOmole/Documents/ros_projects/ros_hand_gesture/install/interfaces/include/interfaces/interfaces/srv/detail
[27.038s] -- Installing: /Users/StevenOmole/Documents/ros_projects/ros_hand_gesture/install/interfaces/include/interfaces/interfaces/srv/detail/set_finger__functions.h
[27.038s] -- Installing: /Users/StevenOmole/Documents/ros_projects/ros_hand_gesture/install/interfaces/include/interfaces/interfaces/srv/detail/set_finger__type_support.h
[27.038s] -- Installing: /Users/StevenOmole/Documents/ros_projects/ros_hand_gesture/install/interfaces/include/interfaces/interfaces/srv/detail/set_finger__functions.c
[27.039s] -- Installing: /Users/StevenOmole/Documents/ros_projects/ros_hand_gesture/install/interfaces/include/interfaces/interfaces/srv/detail/set_finger__struct.h
[27.039s] -- Installing: /Users/StevenOmole/Documents/ros_projects/ros_hand_gesture/install/interfaces/lib/libinterfaces__rosidl_generator_c.dylib
[27.079s] -- Up-to-date: /Users/StevenOmole/Documents/ros_projects/ros_hand_gesture/install/interfaces/include/interfaces/interfaces
[27.080s] -- Up-to-date: /Users/StevenOmole/Documents/ros_projects/ros_hand_gesture/install/interfaces/include/interfaces/interfaces/msg
[27.080s] -- Up-to-date: /Users/StevenOmole/Documents/ros_projects/ros_hand_gesture/install/interfaces/include/interfaces/interfaces/msg/detail
[27.081s] -- Installing: /Users/StevenOmole/Documents/ros_projects/ros_hand_gesture/install/interfaces/include/interfaces/interfaces/msg/detail/finger_state__rosidl_typesupport_fastrtps_c.h
[27.081s] -- Installing: /Users/StevenOmole/Documents/ros_projects/ros_hand_gesture/install/interfaces/include/interfaces/interfaces/msg/rosidl_typesupport_fastrtps_c__visibility_control.h
[27.082s] -- Up-to-date: /Users/StevenOmole/Documents/ros_projects/ros_hand_gesture/install/interfaces/include/interfaces/interfaces/action
[27.082s] -- Up-to-date: /Users/StevenOmole/Documents/ros_projects/ros_hand_gesture/install/interfaces/include/interfaces/interfaces/action/detail
[27.082s] -- Installing: /Users/StevenOmole/Documents/ros_projects/ros_hand_gesture/install/interfaces/include/interfaces/interfaces/action/detail/gesture__rosidl_typesupport_fastrtps_c.h
[27.083s] -- Up-to-date: /Users/StevenOmole/Documents/ros_projects/ros_hand_gesture/install/interfaces/include/interfaces/interfaces/srv
[27.083s] -- Up-to-date: /Users/StevenOmole/Documents/ros_projects/ros_hand_gesture/install/interfaces/include/interfaces/interfaces/srv/detail
[27.083s] -- Installing: /Users/StevenOmole/Documents/ros_projects/ros_hand_gesture/install/interfaces/include/interfaces/interfaces/srv/detail/set_finger__rosidl_typesupport_fastrtps_c.h
[27.083s] -- Installing: /Users/StevenOmole/Documents/ros_projects/ros_hand_gesture/install/interfaces/lib/libinterfaces__rosidl_typesupport_fastrtps_c.dylib
[27.117s] -- Up-to-date: /Users/StevenOmole/Documents/ros_projects/ros_hand_gesture/install/interfaces/include/interfaces/interfaces
[27.118s] -- Up-to-date: /Users/StevenOmole/Documents/ros_projects/ros_hand_gesture/install/interfaces/include/interfaces/interfaces/msg
[27.119s] -- Up-to-date: /Users/StevenOmole/Documents/ros_projects/ros_hand_gesture/install/interfaces/include/interfaces/interfaces/msg/detail
[27.119s] -- Installing: /Users/StevenOmole/Documents/ros_projects/ros_hand_gesture/install/interfaces/include/interfaces/interfaces/msg/detail/finger_state__rosidl_typesupport_introspection_c.h
[27.119s] -- Installing: /Users/StevenOmole/Documents/ros_projects/ros_hand_gesture/install/interfaces/include/interfaces/interfaces/msg/detail/finger_state__type_support.c
[27.120s] -- Installing: /Users/StevenOmole/Documents/ros_projects/ros_hand_gesture/install/interfaces/include/interfaces/interfaces/msg/rosidl_typesupport_introspection_c__visibility_control.h
[27.120s] -- Up-to-date: /Users/StevenOmole/Documents/ros_projects/ros_hand_gesture/install/interfaces/include/interfaces/interfaces/action
[27.121s] -- Up-to-date: /Users/StevenOmole/Documents/ros_projects/ros_hand_gesture/install/interfaces/include/interfaces/interfaces/action/detail
[27.121s] -- Installing: /Users/StevenOmole/Documents/ros_projects/ros_hand_gesture/install/interfaces/include/interfaces/interfaces/action/detail/gesture__type_support.c
[27.121s] -- Installing: /Users/StevenOmole/Documents/ros_projects/ros_hand_gesture/install/interfaces/include/interfaces/interfaces/action/detail/gesture__rosidl_typesupport_introspection_c.h
[27.122s] -- Up-to-date: /Users/StevenOmole/Documents/ros_projects/ros_hand_gesture/install/interfaces/include/interfaces/interfaces/srv
[27.122s] -- Up-to-date: /Users/StevenOmole/Documents/ros_projects/ros_hand_gesture/install/interfaces/include/interfaces/interfaces/srv/detail
[27.122s] -- Installing: /Users/StevenOmole/Documents/ros_projects/ros_hand_gesture/install/interfaces/include/interfaces/interfaces/srv/detail/set_finger__rosidl_typesupport_introspection_c.h
[27.123s] -- Installing: /Users/StevenOmole/Documents/ros_projects/ros_hand_gesture/install/interfaces/include/interfaces/interfaces/srv/detail/set_finger__type_support.c
[27.123s] -- Installing: /Users/StevenOmole/Documents/ros_projects/ros_hand_gesture/install/interfaces/lib/libinterfaces__rosidl_typesupport_introspection_c.dylib
[27.157s] -- Installing: /Users/StevenOmole/Documents/ros_projects/ros_hand_gesture/install/interfaces/lib/libinterfaces__rosidl_typesupport_c.dylib
[27.196s] -- Up-to-date: /Users/StevenOmole/Documents/ros_projects/ros_hand_gesture/install/interfaces/include/interfaces/interfaces
[27.196s] -- Up-to-date: /Users/StevenOmole/Documents/ros_projects/ros_hand_gesture/install/interfaces/include/interfaces/interfaces/msg
[27.196s] -- Up-to-date: /Users/StevenOmole/Documents/ros_projects/ros_hand_gesture/install/interfaces/include/interfaces/interfaces/msg/detail
[27.198s] -- Installing: /Users/StevenOmole/Documents/ros_projects/ros_hand_gesture/install/interfaces/include/interfaces/interfaces/msg/detail/finger_state__type_support.hpp
[27.198s] -- Installing: /Users/StevenOmole/Documents/ros_projects/ros_hand_gesture/install/interfaces/include/interfaces/interfaces/msg/detail/finger_state__struct.hpp
[27.198s] -- Installing: /Users/StevenOmole/Documents/ros_projects/ros_hand_gesture/install/interfaces/include/interfaces/interfaces/msg/detail/finger_state__builder.hpp
[27.199s] -- Installing: /Users/StevenOmole/Documents/ros_projects/ros_hand_gesture/install/interfaces/include/interfaces/interfaces/msg/detail/finger_state__traits.hpp
[27.199s] -- Installing: /Users/StevenOmole/Documents/ros_projects/ros_hand_gesture/install/interfaces/include/interfaces/interfaces/msg/rosidl_generator_cpp__visibility_control.hpp
[27.199s] -- Installing: /Users/StevenOmole/Documents/ros_projects/ros_hand_gesture/install/interfaces/include/interfaces/interfaces/msg/finger_state.hpp
[27.200s] -- Up-to-date: /Users/StevenOmole/Documents/ros_projects/ros_hand_gesture/install/interfaces/include/interfaces/interfaces/action
[27.200s] -- Up-to-date: /Users/StevenOmole/Documents/ros_projects/ros_hand_gesture/install/interfaces/include/interfaces/interfaces/action/detail
[27.200s] -- Installing: /Users/StevenOmole/Documents/ros_projects/ros_hand_gesture/install/interfaces/include/interfaces/interfaces/action/detail/gesture__traits.hpp
[27.201s] -- Installing: /Users/StevenOmole/Documents/ros_projects/ros_hand_gesture/install/interfaces/include/interfaces/interfaces/action/detail/gesture__type_support.hpp
[27.202s] -- Installing: /Users/StevenOmole/Documents/ros_projects/ros_hand_gesture/install/interfaces/include/interfaces/interfaces/action/detail/gesture__struct.hpp
[27.202s] -- Installing: /Users/StevenOmole/Documents/ros_projects/ros_hand_gesture/install/interfaces/include/interfaces/interfaces/action/detail/gesture__builder.hpp
[27.203s] -- Installing: /Users/StevenOmole/Documents/ros_projects/ros_hand_gesture/install/interfaces/include/interfaces/interfaces/action/gesture.hpp
[27.203s] -- Up-to-date: /Users/StevenOmole/Documents/ros_projects/ros_hand_gesture/install/interfaces/include/interfaces/interfaces/srv
[27.204s] -- Up-to-date: /Users/StevenOmole/Documents/ros_projects/ros_hand_gesture/install/interfaces/include/interfaces/interfaces/srv/detail
[27.204s] -- Installing: /Users/StevenOmole/Documents/ros_projects/ros_hand_gesture/install/interfaces/include/interfaces/interfaces/srv/detail/set_finger__traits.hpp
[27.204s] -- Installing: /Users/StevenOmole/Documents/ros_projects/ros_hand_gesture/install/interfaces/include/interfaces/interfaces/srv/detail/set_finger__type_support.hpp
[27.205s] -- Installing: /Users/StevenOmole/Documents/ros_projects/ros_hand_gesture/install/interfaces/include/interfaces/interfaces/srv/detail/set_finger__struct.hpp
[27.205s] -- Installing: /Users/StevenOmole/Documents/ros_projects/ros_hand_gesture/install/interfaces/include/interfaces/interfaces/srv/detail/set_finger__builder.hpp
[27.205s] -- Installing: /Users/StevenOmole/Documents/ros_projects/ros_hand_gesture/install/interfaces/include/interfaces/interfaces/srv/set_finger.hpp
[27.206s] -- Up-to-date: /Users/StevenOmole/Documents/ros_projects/ros_hand_gesture/install/interfaces/include/interfaces/interfaces
[27.206s] -- Up-to-date: /Users/StevenOmole/Documents/ros_projects/ros_hand_gesture/install/interfaces/include/interfaces/interfaces/msg
[27.207s] -- Installing: /Users/StevenOmole/Documents/ros_projects/ros_hand_gesture/install/interfaces/include/interfaces/interfaces/msg/rosidl_typesupport_fastrtps_cpp__visibility_control.h
[27.207s] -- Up-to-date: /Users/StevenOmole/Documents/ros_projects/ros_hand_gesture/install/interfaces/include/interfaces/interfaces/msg/detail
[27.207s] -- Installing: /Users/StevenOmole/Documents/ros_projects/ros_hand_gesture/install/interfaces/include/interfaces/interfaces/msg/detail/finger_state__rosidl_typesupport_fastrtps_cpp.hpp
[27.208s] -- Installing: /Users/StevenOmole/Documents/ros_projects/ros_hand_gesture/install/interfaces/include/interfaces/interfaces/msg/detail/dds_fastrtps
[27.208s] -- Up-to-date: /Users/StevenOmole/Documents/ros_projects/ros_hand_gesture/install/interfaces/include/interfaces/interfaces/action
[27.209s] -- Up-to-date: /Users/StevenOmole/Documents/ros_projects/ros_hand_gesture/install/interfaces/include/interfaces/interfaces/action/detail
[27.209s] -- Installing: /Users/StevenOmole/Documents/ros_projects/ros_hand_gesture/install/interfaces/include/interfaces/interfaces/action/detail/gesture__rosidl_typesupport_fastrtps_cpp.hpp
[27.210s] -- Installing: /Users/StevenOmole/Documents/ros_projects/ros_hand_gesture/install/interfaces/include/interfaces/interfaces/action/detail/dds_fastrtps
[27.210s] -- Up-to-date: /Users/StevenOmole/Documents/ros_projects/ros_hand_gesture/install/interfaces/include/interfaces/interfaces/srv
[27.210s] -- Up-to-date: /Users/StevenOmole/Documents/ros_projects/ros_hand_gesture/install/interfaces/include/interfaces/interfaces/srv/detail
[27.210s] -- Installing: /Users/StevenOmole/Documents/ros_projects/ros_hand_gesture/install/interfaces/include/interfaces/interfaces/srv/detail/set_finger__rosidl_typesupport_fastrtps_cpp.hpp
[27.211s] -- Installing: /Users/StevenOmole/Documents/ros_projects/ros_hand_gesture/install/interfaces/include/interfaces/interfaces/srv/detail/dds_fastrtps
[27.211s] -- Installing: /Users/StevenOmole/Documents/ros_projects/ros_hand_gesture/install/interfaces/lib/libinterfaces__rosidl_typesupport_fastrtps_cpp.dylib
[27.248s] -- Up-to-date: /Users/StevenOmole/Documents/ros_projects/ros_hand_gesture/install/interfaces/include/interfaces/interfaces
[27.248s] -- Up-to-date: /Users/StevenOmole/Documents/ros_projects/ros_hand_gesture/install/interfaces/include/interfaces/interfaces/msg
[27.249s] -- Up-to-date: /Users/StevenOmole/Documents/ros_projects/ros_hand_gesture/install/interfaces/include/interfaces/interfaces/msg/detail
[27.249s] -- Installing: /Users/StevenOmole/Documents/ros_projects/ros_hand_gesture/install/interfaces/include/interfaces/interfaces/msg/detail/finger_state__rosidl_typesupport_introspection_cpp.hpp
[27.250s] -- Installing: /Users/StevenOmole/Documents/ros_projects/ros_hand_gesture/install/interfaces/include/interfaces/interfaces/msg/detail/finger_state__type_support.cpp
[27.250s] -- Up-to-date: /Users/StevenOmole/Documents/ros_projects/ros_hand_gesture/install/interfaces/include/interfaces/interfaces/action
[27.250s] -- Up-to-date: /Users/StevenOmole/Documents/ros_projects/ros_hand_gesture/install/interfaces/include/interfaces/interfaces/action/detail
[27.251s] -- Installing: /Users/StevenOmole/Documents/ros_projects/ros_hand_gesture/install/interfaces/include/interfaces/interfaces/action/detail/gesture__rosidl_typesupport_introspection_cpp.hpp
[27.251s] -- Installing: /Users/StevenOmole/Documents/ros_projects/ros_hand_gesture/install/interfaces/include/interfaces/interfaces/action/detail/gesture__type_support.cpp
[27.252s] -- Up-to-date: /Users/StevenOmole/Documents/ros_projects/ros_hand_gesture/install/interfaces/include/interfaces/interfaces/srv
[27.252s] -- Up-to-date: /Users/StevenOmole/Documents/ros_projects/ros_hand_gesture/install/interfaces/include/interfaces/interfaces/srv/detail
[27.252s] -- Installing: /Users/StevenOmole/Documents/ros_projects/ros_hand_gesture/install/interfaces/include/interfaces/interfaces/srv/detail/set_finger__rosidl_typesupport_introspection_cpp.hpp
[27.253s] -- Installing: /Users/StevenOmole/Documents/ros_projects/ros_hand_gesture/install/interfaces/include/interfaces/interfaces/srv/detail/set_finger__type_support.cpp
[27.253s] -- Installing: /Users/StevenOmole/Documents/ros_projects/ros_hand_gesture/install/interfaces/lib/libinterfaces__rosidl_typesupport_introspection_cpp.dylib
[27.290s] -- Installing: /Users/StevenOmole/Documents/ros_projects/ros_hand_gesture/install/interfaces/lib/libinterfaces__rosidl_typesupport_cpp.dylib
[27.326s] -- Installing: /Users/StevenOmole/Documents/ros_projects/ros_hand_gesture/install/interfaces/share/interfaces/environment/pythonpath.sh
[27.327s] -- Installing: /Users/StevenOmole/Documents/ros_projects/ros_hand_gesture/install/interfaces/share/interfaces/environment/pythonpath.dsv
[27.327s] -- Installing: /Users/StevenOmole/Documents/ros_projects/ros_hand_gesture/install/interfaces/lib/python3.11/site-packages/interfaces-0.0.0-py3.11.egg-info
[27.327s] -- Installing: /Users/StevenOmole/Documents/ros_projects/ros_hand_gesture/install/interfaces/lib/python3.11/site-packages/interfaces-0.0.0-py3.11.egg-info/PKG-INFO
[27.328s] -- Installing: /Users/StevenOmole/Documents/ros_projects/ros_hand_gesture/install/interfaces/lib/python3.11/site-packages/interfaces-0.0.0-py3.11.egg-info/SOURCES.txt
[27.328s] -- Installing: /Users/StevenOmole/Documents/ros_projects/ros_hand_gesture/install/interfaces/lib/python3.11/site-packages/interfaces-0.0.0-py3.11.egg-info/top_level.txt
[27.329s] -- Installing: /Users/StevenOmole/Documents/ros_projects/ros_hand_gesture/install/interfaces/lib/python3.11/site-packages/interfaces-0.0.0-py3.11.egg-info/dependency_links.txt
[27.329s] -- Installing: /Users/StevenOmole/Documents/ros_projects/ros_hand_gesture/install/interfaces/lib/python3.11/site-packages/interfaces
[27.329s] -- Installing: /Users/StevenOmole/Documents/ros_projects/ros_hand_gesture/install/interfaces/lib/python3.11/site-packages/interfaces/interfaces_s__rosidl_typesupport_introspection_c.cpython-311-darwin.so
[27.330s] -- Installing: /Users/StevenOmole/Documents/ros_projects/ros_hand_gesture/install/interfaces/lib/python3.11/site-packages/interfaces/_interfaces_s.ep.rosidl_typesupport_introspection_c.c
[27.330s] -- Installing: /Users/StevenOmole/Documents/ros_projects/ros_hand_gesture/install/interfaces/lib/python3.11/site-packages/interfaces/_interfaces_s.ep.rosidl_typesupport_c.c
[27.331s] -- Installing: /Users/StevenOmole/Documents/ros_projects/ros_hand_gesture/install/interfaces/lib/python3.11/site-packages/interfaces/libinterfaces__rosidl_generator_py.dylib
[27.331s] -- Installing: /Users/StevenOmole/Documents/ros_projects/ros_hand_gesture/install/interfaces/lib/python3.11/site-packages/interfaces/msg
[27.332s] -- Installing: /Users/StevenOmole/Documents/ros_projects/ros_hand_gesture/install/interfaces/lib/python3.11/site-packages/interfaces/msg/_finger_state.py
[27.332s] -- Installing: /Users/StevenOmole/Documents/ros_projects/ros_hand_gesture/install/interfaces/lib/python3.11/site-packages/interfaces/msg/__init__.py
[27.332s] -- Installing: /Users/StevenOmole/Documents/ros_projects/ros_hand_gesture/install/interfaces/lib/python3.11/site-packages/interfaces/msg/_finger_state_s.c
[27.333s] -- Installing: /Users/StevenOmole/Documents/ros_projects/ros_hand_gesture/install/interfaces/lib/python3.11/site-packages/interfaces/interfaces_s__rosidl_typesupport_fastrtps_c.cpython-311-darwin.so
[27.333s] -- Installing: /Users/StevenOmole/Documents/ros_projects/ros_hand_gesture/install/interfaces/lib/python3.11/site-packages/interfaces/_interfaces_s.ep.rosidl_typesupport_fastrtps_c.c
[27.334s] -- Installing: /Users/StevenOmole/Documents/ros_projects/ros_hand_gesture/install/interfaces/lib/python3.11/site-packages/interfaces/__init__.py
[27.335s] -- Installing: /Users/StevenOmole/Documents/ros_projects/ros_hand_gesture/install/interfaces/lib/python3.11/site-packages/interfaces/action
[27.336s] -- Installing: /Users/StevenOmole/Documents/ros_projects/ros_hand_gesture/install/interfaces/lib/python3.11/site-packages/interfaces/action/_gesture.py
[27.336s] -- Installing: /Users/StevenOmole/Documents/ros_projects/ros_hand_gesture/install/interfaces/lib/python3.11/site-packages/interfaces/action/__init__.py
[27.336s] -- Installing: /Users/StevenOmole/Documents/ros_projects/ros_hand_gesture/install/interfaces/lib/python3.11/site-packages/interfaces/action/_gesture_s.c
[27.337s] -- Installing: /Users/StevenOmole/Documents/ros_projects/ros_hand_gesture/install/interfaces/lib/python3.11/site-packages/interfaces/srv
[27.337s] -- Installing: /Users/StevenOmole/Documents/ros_projects/ros_hand_gesture/install/interfaces/lib/python3.11/site-packages/interfaces/srv/__init__.py
[27.337s] -- Installing: /Users/StevenOmole/Documents/ros_projects/ros_hand_gesture/install/interfaces/lib/python3.11/site-packages/interfaces/srv/_set_finger_s.c
[27.338s] -- Installing: /Users/StevenOmole/Documents/ros_projects/ros_hand_gesture/install/interfaces/lib/python3.11/site-packages/interfaces/srv/_set_finger.py
[27.338s] -- Installing: /Users/StevenOmole/Documents/ros_projects/ros_hand_gesture/install/interfaces/lib/python3.11/site-packages/interfaces/interfaces_s__rosidl_typesupport_c.cpython-311-darwin.so
[27.422s] Listing 'lib/python3.11/site-packages/interfaces'...
[27.422s] Can't list 'lib/python3.11/site-packages/interfaces'
[27.431s] -- Up-to-date: /Users/StevenOmole/Documents/ros_projects/ros_hand_gesture/install/interfaces/lib/python3.11/site-packages/interfaces/interfaces_s__rosidl_typesupport_fastrtps_c.cpython-311-darwin.so
[27.467s] -- Up-to-date: /Users/StevenOmole/Documents/ros_projects/ros_hand_gesture/install/interfaces/lib/python3.11/site-packages/interfaces/interfaces_s__rosidl_typesupport_introspection_c.cpython-311-darwin.so
[27.506s] -- Up-to-date: /Users/StevenOmole/Documents/ros_projects/ros_hand_gesture/install/interfaces/lib/python3.11/site-packages/interfaces/interfaces_s__rosidl_typesupport_c.cpython-311-darwin.so
[27.540s] -- Installing: /Users/StevenOmole/Documents/ros_projects/ros_hand_gesture/install/interfaces/lib/libinterfaces__rosidl_generator_py.dylib
[27.575s] -- Installing: /Users/StevenOmole/Documents/ros_projects/ros_hand_gesture/install/interfaces/share/interfaces/msg/FingerState.idl
[27.575s] -- Installing: /Users/StevenOmole/Documents/ros_projects/ros_hand_gesture/install/interfaces/share/interfaces/srv/SetFinger.idl
[27.576s] -- Installing: /Users/StevenOmole/Documents/ros_projects/ros_hand_gesture/install/interfaces/share/interfaces/action/Gesture.idl
[27.576s] -- Installing: /Users/StevenOmole/Documents/ros_projects/ros_hand_gesture/install/interfaces/share/interfaces/msg/FingerState.msg
[27.577s] -- Installing: /Users/StevenOmole/Documents/ros_projects/ros_hand_gesture/install/interfaces/share/interfaces/srv/SetFinger.srv
[27.577s] -- Installing: /Users/StevenOmole/Documents/ros_projects/ros_hand_gesture/install/interfaces/share/interfaces/srv/SetFinger_Request.msg
[27.578s] -- Installing: /Users/StevenOmole/Documents/ros_projects/ros_hand_gesture/install/interfaces/share/interfaces/srv/SetFinger_Response.msg
[27.578s] -- Installing: /Users/StevenOmole/Documents/ros_projects/ros_hand_gesture/install/interfaces/share/interfaces/action/Gesture.action
[27.579s] -- Installing: /Users/StevenOmole/Documents/ros_projects/ros_hand_gesture/install/interfaces/share/ament_index/resource_index/package_run_dependencies/interfaces
[27.579s] -- Installing: /Users/StevenOmole/Documents/ros_projects/ros_hand_gesture/install/interfaces/share/ament_index/resource_index/parent_prefix_path/interfaces
[27.580s] -- Installing: /Users/StevenOmole/Documents/ros_projects/ros_hand_gesture/install/interfaces/share/interfaces/environment/ament_prefix_path.sh
[27.581s] -- Installing: /Users/StevenOmole/Documents/ros_projects/ros_hand_gesture/install/interfaces/share/interfaces/environment/ament_prefix_path.dsv
[27.582s] -- Installing: /Users/StevenOmole/Documents/ros_projects/ros_hand_gesture/install/interfaces/share/interfaces/environment/path.sh
[27.583s] -- Installing: /Users/StevenOmole/Documents/ros_projects/ros_hand_gesture/install/interfaces/share/interfaces/environment/path.dsv
[27.583s] -- Installing: /Users/StevenOmole/Documents/ros_projects/ros_hand_gesture/install/interfaces/share/interfaces/local_setup.bash
[27.584s] -- Installing: /Users/StevenOmole/Documents/ros_projects/ros_hand_gesture/install/interfaces/share/interfaces/local_setup.sh
[27.585s] -- Installing: /Users/StevenOmole/Documents/ros_projects/ros_hand_gesture/install/interfaces/share/interfaces/local_setup.zsh
[27.586s] -- Installing: /Users/StevenOmole/Documents/ros_projects/ros_hand_gesture/install/interfaces/share/interfaces/local_setup.dsv
[27.586s] -- Installing: /Users/StevenOmole/Documents/ros_projects/ros_hand_gesture/install/interfaces/share/interfaces/package.dsv
[27.587s] -- Installing: /Users/StevenOmole/Documents/ros_projects/ros_hand_gesture/install/interfaces/share/ament_index/resource_index/packages/interfaces
[27.588s] -- Installing: /Users/StevenOmole/Documents/ros_projects/ros_hand_gesture/install/interfaces/share/interfaces/cmake/export_interfaces__rosidl_generator_cExport.cmake
[27.589s] -- Installing: /Users/StevenOmole/Documents/ros_projects/ros_hand_gesture/install/interfaces/share/interfaces/cmake/export_interfaces__rosidl_generator_cExport-noconfig.cmake
[27.590s] -- Installing: /Users/StevenOmole/Documents/ros_projects/ros_hand_gesture/install/interfaces/share/interfaces/cmake/export_interfaces__rosidl_typesupport_fastrtps_cExport.cmake
[27.590s] -- Installing: /Users/StevenOmole/Documents/ros_projects/ros_hand_gesture/install/interfaces/share/interfaces/cmake/export_interfaces__rosidl_typesupport_fastrtps_cExport-noconfig.cmake
[27.591s] -- Installing: /Users/StevenOmole/Documents/ros_projects/ros_hand_gesture/install/interfaces/share/interfaces/cmake/interfaces__rosidl_typesupport_introspection_cExport.cmake
[27.591s] -- Installing: /Users/StevenOmole/Documents/ros_projects/ros_hand_gesture/install/interfaces/share/interfaces/cmake/interfaces__rosidl_typesupport_introspection_cExport-noconfig.cmake
[27.592s] -- Installing: /Users/StevenOmole/Documents/ros_projects/ros_hand_gesture/install/interfaces/share/interfaces/cmake/interfaces__rosidl_typesupport_cExport.cmake
[27.595s] -- Installing: /Users/StevenOmole/Documents/ros_projects/ros_hand_gesture/install/interfaces/share/interfaces/cmake/interfaces__rosidl_typesupport_cExport-noconfig.cmake
[27.596s] -- Installing: /Users/StevenOmole/Documents/ros_projects/ros_hand_gesture/install/interfaces/share/interfaces/cmake/export_interfaces__rosidl_generator_cppExport.cmake
[27.596s] -- Installing: /Users/StevenOmole/Documents/ros_projects/ros_hand_gesture/install/interfaces/share/interfaces/cmake/export_interfaces__rosidl_typesupport_fastrtps_cppExport.cmake
[27.597s] -- Installing: /Users/StevenOmole/Documents/ros_projects/ros_hand_gesture/install/interfaces/share/interfaces/cmake/export_interfaces__rosidl_typesupport_fastrtps_cppExport-noconfig.cmake
[27.598s] -- Installing: /Users/StevenOmole/Documents/ros_projects/ros_hand_gesture/install/interfaces/share/interfaces/cmake/interfaces__rosidl_typesupport_introspection_cppExport.cmake
[27.598s] -- Installing: /Users/StevenOmole/Documents/ros_projects/ros_hand_gesture/install/interfaces/share/interfaces/cmake/interfaces__rosidl_typesupport_introspection_cppExport-noconfig.cmake
[27.599s] -- Installing: /Users/StevenOmole/Documents/ros_projects/ros_hand_gesture/install/interfaces/share/interfaces/cmake/interfaces__rosidl_typesupport_cppExport.cmake
[27.600s] -- Installing: /Users/StevenOmole/Documents/ros_projects/ros_hand_gesture/install/interfaces/share/interfaces/cmake/interfaces__rosidl_typesupport_cppExport-noconfig.cmake
[27.600s] -- Installing: /Users/StevenOmole/Documents/ros_projects/ros_hand_gesture/install/interfaces/share/interfaces/cmake/export_interfaces__rosidl_generator_pyExport.cmake
[27.601s] -- Installing: /Users/StevenOmole/Documents/ros_projects/ros_hand_gesture/install/interfaces/share/interfaces/cmake/export_interfaces__rosidl_generator_pyExport-noconfig.cmake
[27.602s] -- Installing: /Users/StevenOmole/Documents/ros_projects/ros_hand_gesture/install/interfaces/share/interfaces/cmake/rosidl_cmake-extras.cmake
[27.602s] -- Installing: /Users/StevenOmole/Documents/ros_projects/ros_hand_gesture/install/interfaces/share/interfaces/cmake/ament_cmake_export_dependencies-extras.cmake
[27.603s] -- Installing: /Users/StevenOmole/Documents/ros_projects/ros_hand_gesture/install/interfaces/share/interfaces/cmake/ament_cmake_export_include_directories-extras.cmake
[27.603s] -- Installing: /Users/StevenOmole/Documents/ros_projects/ros_hand_gesture/install/interfaces/share/interfaces/cmake/ament_cmake_export_libraries-extras.cmake
[27.604s] -- Installing: /Users/StevenOmole/Documents/ros_projects/ros_hand_gesture/install/interfaces/share/interfaces/cmake/ament_cmake_export_targets-extras.cmake
[27.604s] -- Installing: /Users/StevenOmole/Documents/ros_projects/ros_hand_gesture/install/interfaces/share/interfaces/cmake/rosidl_cmake_export_typesupport_targets-extras.cmake
[27.605s] -- Installing: /Users/StevenOmole/Documents/ros_projects/ros_hand_gesture/install/interfaces/share/interfaces/cmake/rosidl_cmake_export_typesupport_libraries-extras.cmake
[27.606s] -- Installing: /Users/StevenOmole/Documents/ros_projects/ros_hand_gesture/install/interfaces/share/interfaces/cmake/interfacesConfig.cmake
[27.606s] -- Installing: /Users/StevenOmole/Documents/ros_projects/ros_hand_gesture/install/interfaces/share/interfaces/cmake/interfacesConfig-version.cmake
[27.607s] -- Installing: /Users/StevenOmole/Documents/ros_projects/ros_hand_gesture/install/interfaces/share/interfaces/package.xml
[27.611s] Invoked command in '/Users/StevenOmole/Documents/ros_projects/ros_hand_gesture/build/interfaces' returned '0': CMAKE_PREFIX_PATH=${CMAKE_PREFIX_PATH}:/Users/StevenOmole/Documents/ros_projects/ros_hand_gesture/install/controller:/Users/StevenOmole/miniconda3/envs/ros_env CONDA_PROMPT_MODIFIER=(ros_env) SHLVL=2 _=/usr/bin/env /Users/StevenOmole/miniconda3/envs/ros_env/bin/cmake --install /Users/StevenOmole/Documents/ros_projects/ros_hand_gesture/build/interfaces
